Log file open, 06/08/17 13:30:34
LogInit:Display: Running engine for game: Anerops
LogPlatformFile: Not using cached read wrapper
LogInit:Display: RandInit(814713043) SRandInit(814713044).
LogTaskGraph: Started task graph with 5 named threads and 8 total threads with 1 sets of task threads.
LogStats: Stats thread started at 0.098344
LogInit: Using libcurl 7.47.1
LogInit:  - built for x86_64-pc-win32
LogInit:  - supports SSL with OpenSSL/1.0.2g
LogInit:  - supports HTTP deflate (compression) using libz 1.2.8
LogInit:  - other features:
LogInit:      CURL_VERSION_SSL
LogInit:      CURL_VERSION_LIBZ
LogInit:      CURL_VERSION_IPV6
LogInit:      CURL_VERSION_ASYNCHDNS
LogInit:      CURL_VERSION_LARGEFILE
LogInit:      CURL_VERSION_IDN
LogInit:  CurlRequestOptions (configurable via config and command line):
LogInit:  - bVerifyPeer = false  - Libcurl will NOT verify peer certificate
LogInit:  - bUseHttpProxy = false  - Libcurl will NOT use HTTP proxy
LogInit:  - bDontReuseConnections = false  - Libcurl will reuse connections
LogInit:  - CertBundlePath = nullptr  - Libcurl will use whatever was configured at build time.
LogInit: Build: ++UE4+Release-4.15-CL-3416026
LogInit: Engine Version: 4.15.2-3416026+++UE4+Release-4.15
LogInit: Compatible Engine Version: 4.15.0-3299760+++UE4+Release-4.15
LogInit: Net CL: 3299760
LogDevObjectVersion: Number of dev versions registered: 14
LogDevObjectVersion:   Dev-Blueprints (B0D832E4-1F89-4F0D-ACCF-7EB736FD4AA2): 8
LogDevObjectVersion:   Dev-Build (E1C64328-A22C-4D53-A36C-8E866417BD8C): 0
LogDevObjectVersion:   Dev-Core (375EC13C-06E4-48FB-B500-84F0262A717E): 2
LogDevObjectVersion:   Dev-Editor (E4B068ED-F494-42E9-A231-DA0B2E46BB41): 14
LogDevObjectVersion:   Dev-Framework (CFFC743F-43B0-4480-9391-14DF171D2073): 22
LogDevObjectVersion:   Dev-Mobile (B02B49B5-BB20-44E9-A304-32B752E40360): 0
LogDevObjectVersion:   Dev-Networking (A4E4105C-59A1-49B5-A7C5-40C4547EDFEE): 0
LogDevObjectVersion:   Dev-Online (39C831C9-5AE6-47DC-9A44-9C173E1C8E7C): 0
LogDevObjectVersion:   Dev-Physics (78F01B33-EBEA-4F98-B9B4-84EACCB95AA2): 0
LogDevObjectVersion:   Dev-Platform (6631380F-2D4D-43E0-8009-CF276956A95A): 0
LogDevObjectVersion:   Dev-Rendering (12F88B9F-8875-4AFC-A67C-D90C383ABD29): 12
LogDevObjectVersion:   Dev-Sequencer (7B5AE74C-D270-4C10-A958-57980B212A5A): 3
LogDevObjectVersion:   Dev-VR (D7296918-1DD6-4BDD-9DE2-64A83CC13884): 0
LogDevObjectVersion:   Dev-LoadTimes (C2A15278-BFE7-4AFE-6C17-90FF531DF755): 1
LogInit: Compiled (64-bit): May  1 2017 13:11:28
LogInit: Compiled with Visual C++: 19.00.23026.00
LogInit: Build Configuration: Development
LogInit: Branch Name: ++UE4+Release-4.15
LogInit: Command line: 
LogInit: Base directory: C:/Program Files/Epic Games/UE_4.15/Engine/Binaries/Win64/
LogInit: Installed Engine Build: 1
LogInit: Presizing for max 8388607 objects, including 0 objects not considered by GC, pre-allocating 0 bytes for permanent pool.
LogInit: Object subsystem initialized
[2017.06.08-11.30.36:282][  0]LogInit: Selected Device Profile: [Windows]
[2017.06.08-11.30.36:282][  0]LogInit: Applying CVar settings loaded from the selected device profile: [Windows]
[2017.06.08-11.30.36:377][  0]LogInit: Computer: DESKTOP-NKII5JR
[2017.06.08-11.30.36:377][  0]LogInit: User: winktim
[2017.06.08-11.30.36:377][  0]LogInit: CPU Page size=65536, Cores=4
[2017.06.08-11.30.36:377][  0]LogInit: High frequency timer resolution =3.117186 MHz
[2017.06.08-11.30.36:377][  0]LogMemory: Memory total: Physical=7.9GB (8GB approx)
[2017.06.08-11.30.36:377][  0]LogMemory: Platform Memory Stats for Windows
[2017.06.08-11.30.36:377][  0]LogMemory: Process Physical Memory: 262.62 MB used, 262.62 MB peak
[2017.06.08-11.30.36:377][  0]LogMemory: Process Virtual Memory: 262.40 MB used, 262.40 MB peak
[2017.06.08-11.30.36:377][  0]LogMemory: Physical Memory: 2571.66 MB used,  5562.14 MB free, 8133.81 MB total
[2017.06.08-11.30.36:377][  0]LogMemory: Virtual Memory: 644.25 MB used,  5562.14 MB free, 134217728.00 MB total
[2017.06.08-11.30.36:535][  0]LogTextLocalizationManager: No translations for ('fr-CH') exist, falling back to 'en' for localization and internationalization data.
[2017.06.08-11.30.39:124][  0]LogD3D11RHI: D3D11 adapters:
[2017.06.08-11.30.39:177][  0]LogD3D11RHI:    0. 'NVIDIA GeForce GTX 1060 6GB' (Feature Level 11_0)
[2017.06.08-11.30.39:177][  0]LogD3D11RHI:       6084/0/4066 MB DedicatedVideo/DedicatedSystem/SharedSystem, Outputs:1, VendorId:0x10de
[2017.06.08-11.30.39:181][  0]LogD3D11RHI:    1. 'Microsoft Basic Render Driver' (Feature Level 11_0)
[2017.06.08-11.30.39:181][  0]LogD3D11RHI:       0/0/4066 MB DedicatedVideo/DedicatedSystem/SharedSystem, Outputs:0, VendorId:0x1414
[2017.06.08-11.30.39:181][  0]LogD3D11RHI: Chosen D3D11 Adapter: 0
[2017.06.08-11.30.39:184][  0]LogD3D11RHI: Creating new Direct3DDevice
[2017.06.08-11.30.39:184][  0]LogD3D11RHI:     GPU DeviceId: 0x1c03 (for the marketing name, search the web for "GPU Device Id")
[2017.06.08-11.30.39:184][  0]LogWindows: EnumDisplayDevices:
[2017.06.08-11.30.39:184][  0]LogWindows:    0. 'NVIDIA GeForce GTX 1060 6GB' (P:1 D:1)
[2017.06.08-11.30.39:184][  0]LogWindows:    1. 'NVIDIA GeForce GTX 1060 6GB' (P:0 D:0)
[2017.06.08-11.30.39:184][  0]LogWindows:    2. 'NVIDIA GeForce GTX 1060 6GB' (P:0 D:0)
[2017.06.08-11.30.39:184][  0]LogWindows:    3. 'NVIDIA GeForce GTX 1060 6GB' (P:0 D:0)
[2017.06.08-11.30.39:184][  0]LogWindows: DebugString: FoundDriverCount:4 
[2017.06.08-11.30.39:184][  0]LogD3D11RHI:     Adapter Name: NVIDIA GeForce GTX 1060 6GB
[2017.06.08-11.30.39:184][  0]LogD3D11RHI:   Driver Version: 382.05 (internal:22.21.13.8205, unified:382.05)
[2017.06.08-11.30.39:184][  0]LogD3D11RHI:      Driver Date: 5-1-2017
[2017.06.08-11.30.39:184][  0]LogRHI: Texture pool is 1361 MB (70% of 1945 MB)
[2017.06.08-11.30.39:215][  0]LogD3D11RHI: [Aftermath] Aftermath enabled and primed
[2017.06.08-11.30.39:215][  0]LogD3D11RHI: Async texture creation enabled
[2017.06.08-11.30.39:225][  0]LogD3D11RHI: GPU Timing Frequency: 1000.000000 (Debug: 2 1)
[2017.06.08-11.30.39:226][  0]LogShaderCompilers: Guid format shader working directory is 2 characters bigger than the processId version (//AIF-OP-WINKTIM/5_local-Tim/2_projets/Anerops/Intermediate/Shaders/WorkingDirectory/8060/).
[2017.06.08-11.30.39:226][  0]LogShaderCompilers: Cleaned the shader compiler working directory 'C:/Users/winktim/AppData/Local/Temp/UnrealShaderWorkingDir/0BF6F07848073E53DCA06AA70B082987/'.
[2017.06.08-11.30.39:226][  0]LogShaderCompilers:Display: Using Local Shader Compiler.
[2017.06.08-11.30.41:221][  0]LogTemp:Display: Loaded TP AllDesktopTargetPlatform
[2017.06.08-11.30.41:356][  0]LogTemp:Display: Loaded TP MacClientTargetPlatform
[2017.06.08-11.30.41:515][  0]LogTemp:Display: Loaded TP MacNoEditorTargetPlatform
[2017.06.08-11.30.41:666][  0]LogTemp:Display: Loaded TP MacServerTargetPlatform
[2017.06.08-11.30.41:815][  0]LogTemp:Display: Loaded TP MacTargetPlatform
[2017.06.08-11.30.41:962][  0]LogTemp:Display: Loaded TP WindowsClientTargetPlatform
[2017.06.08-11.30.42:106][  0]LogTemp:Display: Loaded TP WindowsNoEditorTargetPlatform
[2017.06.08-11.30.42:246][  0]LogTemp:Display: Loaded TP WindowsServerTargetPlatform
[2017.06.08-11.30.42:373][  0]LogTemp:Display: Loaded TP WindowsTargetPlatform
[2017.06.08-11.30.42:519][  0]LogTemp:Display: Loaded TP AndroidTargetPlatform
[2017.06.08-11.30.42:648][  0]LogTemp:Display: Loaded TP Android_ASTCTargetPlatform
[2017.06.08-11.30.42:778][  0]LogTemp:Display: Loaded TP Android_ATCTargetPlatform
[2017.06.08-11.30.42:912][  0]LogTemp:Display: Loaded TP Android_DXTTargetPlatform
[2017.06.08-11.30.43:046][  0]LogTemp:Display: Loaded TP Android_ETC1TargetPlatform
[2017.06.08-11.30.43:178][  0]LogTemp:Display: Loaded TP Android_ETC2TargetPlatform
[2017.06.08-11.30.43:455][  0]LogTemp:Display: Loaded TP Android_MultiTargetPlatform
[2017.06.08-11.30.43:456][  0]LogTemp:Display: Loaded TP Android_PVRTCTargetPlatform
[2017.06.08-11.30.43:572][  0]LogTemp:Display: Loaded TP HTML5TargetPlatform
[2017.06.08-11.30.43:768][  0]LogTemp:Display: Loaded TP IOSTargetPlatform
[2017.06.08-11.30.43:822][  0]LogTemp:Display: Loaded TP TVOSTargetPlatform
[2017.06.08-11.30.44:067][  0]LogTemp:Display: Loaded TP LinuxClientTargetPlatform
[2017.06.08-11.30.44:225][  0]LogTemp:Display: Loaded TP LinuxNoEditorTargetPlatform
[2017.06.08-11.30.44:372][  0]LogTemp:Display: Loaded TP LinuxServerTargetPlatform
[2017.06.08-11.30.44:524][  0]LogTemp:Display: Loaded TP LinuxTargetPlatform
[2017.06.08-11.30.44:524][  0]LogTargetPlatformManager:Display: Building Assets For Windows
[2017.06.08-11.30.45:376][  0]LogDerivedDataCache:Display: Max Cache Size: 512 MB
[2017.06.08-11.30.45:427][  0]LogDerivedDataCache: Loaded boot cache 0.05s 50MB C:/Users/winktim/AppData/Local/UnrealEngine/4.15/DerivedDataCache/Boot.ddc.
[2017.06.08-11.30.45:428][  0]LogDerivedDataCache:Display: Loaded Boot cache: C:/Users/winktim/AppData/Local/UnrealEngine/4.15/DerivedDataCache/Boot.ddc
[2017.06.08-11.30.45:429][  0]LogDerivedDataCache: FDerivedDataBackendGraph:  Pak pak cache file //AIF-OP-WINKTIM/5_local-Tim/2_projets/Anerops/DerivedDataCache/DDC.ddp not found, will not use a pak cache.
[2017.06.08-11.30.45:429][  0]LogDerivedDataCache: Unable to find inner node Pak for hierarchical cache Hierarchy.
[2017.06.08-11.30.45:430][  0]LogDerivedDataCache: FDerivedDataBackendGraph:  CompressedPak pak cache file //AIF-OP-WINKTIM/5_local-Tim/2_projets/Anerops/DerivedDataCache/Compressed.ddp not found, will not use a pak cache.
[2017.06.08-11.30.45:430][  0]LogDerivedDataCache: Unable to find inner node CompressedPak for hierarchical cache Hierarchy.
[2017.06.08-11.30.45:449][  0]LogDerivedDataCache:Display: Pak cache opened for reading ../../../Engine/DerivedDataCache/Compressed.ddp.
[2017.06.08-11.30.45:464][  0]LogDerivedDataCache: Using Local data cache path C:/Users/winktim/AppData/Local/UnrealEngine/Common/DerivedDataCache: Writable
[2017.06.08-11.30.45:472][  0]LogSlate: Using Freetype 2.6.0
[2017.06.08-11.30.45:478][  0]LogSlate: SlateFontCache - WITH_FREETYPE: 1, WITH_HARFBUZZ: 1
[2017.06.08-11.30.45:478][  0]LogSlate: SlateFontCache - WITH_FREETYPE: 1, WITH_HARFBUZZ: 1
[2017.06.08-11.30.46:175][  0]LogInit: Selected Device Profile: [Windows]
[2017.06.08-11.30.46:176][  0]LogContentStreaming: Texture pool size is 0.00 MB
[2017.06.08-11.30.46:563][  0]LogMeshUtilities: Using QuadricMeshReduction for automatic static mesh reduction
[2017.06.08-11.30.46:685][  0]LogSimplygon: Simplygon DLL not present - disabling.
[2017.06.08-11.30.46:811][  0]LogMeshUtilities: Using SimplygonSwarm for distributed automatic mesh merging
[2017.06.08-11.30.46:811][  0]LogMeshUtilities: No automatic skeletal mesh reduction module available
[2017.06.08-11.30.46:811][  0]LogMeshUtilities: No automatic mesh merging module available
[2017.06.08-11.30.48:031][  0]LogNetVersion: GetLocalNetworkVersion: CL: 3299760, ProjectName: anerops, ProjectVersion: , EngineNetworkVersion: 2, GameNetworkVersion: 0, NetworkChecksum: 2578489181
[2017.06.08-11.30.48:092][  0]LogAssetRegistry: FAssetRegistry took 0.0223 seconds to start up
[2017.06.08-11.30.48:438][  0]LogPackageLocalizationCache: Processed 3 localized package path(s) for 1 prioritized culture(s) in 0.308325 seconds
[2017.06.08-11.30.48:443][  0]LogUObjectArray: 32493 objects as part of root set at end of initial load.
[2017.06.08-11.30.48:443][  0]LogUObjectAllocator: 7077032 out of 0 bytes used by permanent object pool.
[2017.06.08-11.30.48:443][  0]LogUObjectArray: CloseDisregardForGC: 0/0 objects in disregard for GC pool
[2017.06.08-11.30.48:533][  0]LogInit: WinSock: version 1.1 (2.2), MaxSocks=32767, MaxUdp=65467
[2017.06.08-11.30.55:243][  0]LogTcpMessaging: Initializing TcpMessaging bridge
[2017.06.08-11.30.55:298][  0]LogUdpMessaging: Initializing bridge on interface 0.0.0.0:0 to multicast group 230.0.0.1:6666.
[2017.06.08-11.30.55:300][  0]LogDirectoryWatcher: A directory notification failed for '//AIF-OP-WINKTIM/5_local-Tim/2_projets/Anerops/Content/' because it was empty or there was a buffer overflow. Attemping another request...
[2017.06.08-11.30.56:881][  0]LogMaterial: Uniform references updated for custom material expression Custom.
[2017.06.08-11.30.58:271][  0]SourceControl: Info Source control is disabled
[2017.06.08-11.30.58:272][  0]SourceControl: Info Source control is disabled
[2017.06.08-11.30.58:407][  0]SourceControl: Info Source control is disabled
[2017.06.08-11.30.58:529][  0]SourceControl: Info Source control is disabled
[2017.06.08-11.31.01:749][  0]LogEngine: Initializing Engine...
[2017.06.08-11.31.01:751][  0]LogHMD: Failed to initialize OpenVR with code 110
[2017.06.08-11.31.01:866][  0]LogStats: UGameplayTagsManager::ConstructGameplayTagTree: Construct from data asset -  0.000 s
[2017.06.08-11.31.01:866][  0]LogStats: UGameplayTagsManager::ConstructGameplayTagTree: GameplayTagTreeChangedEvent.Broadcast -  0.000 s
[2017.06.08-11.31.02:083][  0]LogAIModule: Creating AISystem for world Untitled
[2017.06.08-11.31.02:088][  0]LogInit: No audio devices found!
[2017.06.08-11.31.02:116][  0]LogDerivedDataCache: Saved boot cache 0.03s 50MB C:/Users/winktim/AppData/Local/UnrealEngine/4.15/DerivedDataCache/Boot.ddc.
[2017.06.08-11.31.02:123][  0]LogInit: Texture streaming: Enabled
[2017.06.08-11.31.02:363][  0]LogInit: Transaction tracking system initialized
[2017.06.08-11.31.02:965][  0]BlueprintLog: New page: Editor Load
[2017.06.08-11.31.04:529][  0]LocalizationService: Info Localization service is disabled
[2017.06.08-11.31.05:691][  0]LogConsoleResponse:Display: 
[2017.06.08-11.31.05:954][  0]LogCook:Display: Max memory allowance for cook 16384mb min free memory 0mb
[2017.06.08-11.31.05:954][  0]LogCook:Display: Mobile HDR setting 1
[2017.06.08-11.31.07:215][  0]LogFileCache: Scanning file cache for directory '//AIF-OP-WINKTIM/5_local-Tim/2_projets/Anerops/Content/' took 0.05s
[2017.06.08-11.31.08:415][  0]SourceControl: Info Source control is disabled
[2017.06.08-11.31.08:415][  0]Cmd: MAP LOAD FILE="../../../Engine/Content/Maps/Templates/Template_Default.umap" TEMPLATE=1 SHOWPROGRESS=1 FEATURELEVEL=3
[2017.06.08-11.31.08:416][  0]LightingResults: New page: Lighting Build
[2017.06.08-11.31.08:531][  0]MapCheck: New page: Map Check
[2017.06.08-11.31.08:531][  0]LightingResults: New page: Lighting Build
[2017.06.08-11.31.08:729][  0]LogAIModule: Creating AISystem for world Untitled_1
[2017.06.08-11.31.08:746][  0]LogActorComponent: RegisterComponentWithWorld: (/Temp/Untitled_1.Untitled_1:PersistentLevel.WorldSettings_1.StaticMeshComponent0) Trying to register component with IsPendingKill() == true. Aborting.
[2017.06.08-11.31.08:751][  0]LogEditorServer: Finished looking for orphan Actors (0.000 secs)
[2017.06.08-11.31.08:756][  0]Cmd: MAP CHECKDEP NOCLEARLOG
[2017.06.08-11.31.09:016][  0]MapCheck: Info Map check complete: 0 Error(s), 0 Warning(s), took 260.742ms to complete.
[2017.06.08-11.31.09:017][  0]LogFileHelpers: Loading map 'Template_Default' took 0.602
[2017.06.08-11.31.09:261][  0]LogCollectionManager: Loaded 0 collections in 0.005227 seconds
[2017.06.08-11.31.09:433][  0]LogFileCache: Scanning file cache for directory '//AIF-OP-WINKTIM/5_local-Tim/2_projets/Anerops/Saved/Collections/' took 0.01s
[2017.06.08-11.31.09:433][  0]LogFileCache: Scanning file cache for directory '//AIF-OP-WINKTIM/5_local-Tim/2_projets/Anerops/Content/Developers/winktim/Collections/' took 0.01s
[2017.06.08-11.31.09:433][  0]LogFileCache: Scanning file cache for directory '//AIF-OP-WINKTIM/5_local-Tim/2_projets/Anerops/Content/Collections/' took 0.01s
[2017.06.08-11.31.09:433][  0]LogCollectionManager: Rebuilt the GUID cache for 0 collections in 0.000001 seconds
[2017.06.08-11.31.09:444][  0]LogContentBrowser: Native class hierarchy populated in 0.0093 seconds. Added 2247 classes and 455 folders.
[2017.06.08-11.31.09:592][  0]LogContentBrowser: Native class hierarchy updated for 'WidgetCarousel' in 0.0021 seconds. Added 0 classes and 0 folders.
[2017.06.08-11.31.09:896][  0]LogContentBrowser: Native class hierarchy updated for 'AddContentDialog' in 0.0021 seconds. Added 0 classes and 0 folders.
[2017.06.08-11.31.10:026][  0]LogContentBrowser: Native class hierarchy updated for 'SceneOutliner' in 0.0022 seconds. Added 1 classes and 2 folders.
[2017.06.08-11.31.10:137][  0]LogCrashTracker: Crashtracker disabled due to settings.
[2017.06.08-11.31.10:318][  0]LogContentBrowser: Native class hierarchy updated for 'HierarchicalLODOutliner' in 0.0018 seconds. Added 1 classes and 2 folders.
[2017.06.08-11.31.10:319][  0]LogLoad: (Engine Initialization) Total time: 39.57 seconds
[2017.06.08-11.31.10:319][  0]LogLoad: (Engine Initialization) Total Blueprint compile time: 0.17 seconds
[2017.06.08-11.31.10:319][  0]LogExternalProfiler: No external profilers were discovered.  External profiling features will not be available.
[2017.06.08-11.31.10:659][  0]LogOcInput: OculusInput pre-init called
[2017.06.08-11.31.10:674][  0]LogAssetRegistry: Asset discovery search completed in 22.6047 seconds
[2017.06.08-11.31.10:674][  0]LogCollectionManager: Rebuilt the object cache for 0 collections in 0.000004 seconds (found 0 objects)
[2017.06.08-11.31.10:674][  0]LogCollectionManager: Fixed up redirectors for 0 collections in 0.000015 seconds (updated 0 objects)
[2017.06.08-11.31.10:674][  0]LogDirectoryWatcher: A directory notification failed for '//AIF-OP-WINKTIM/5_local-Tim/2_projets/Anerops/Content/' because it was empty or there was a buffer overflow. Attemping another request...
[2017.06.08-11.31.10:676][  0]LogDirectoryWatcher: A directory notification failed for '//AIF-OP-WINKTIM/5_local-Tim/2_projets/Anerops/Content/', and we were unable to create a new request.
[2017.06.08-11.31.10:676][  0]LogDirectoryWatcher: A directory notification failed for '//AIF-OP-WINKTIM/5_local-Tim/2_projets/Anerops/Binaries/Win64' because it was empty or there was a buffer overflow. Attemping another request...
[2017.06.08-11.31.10:676][  0]LogDirectoryWatcher: A directory notification failed for '//AIF-OP-WINKTIM/5_local-Tim/2_projets/Anerops/Saved/Collections/' because it was empty or there was a buffer overflow. Attemping another request...
[2017.06.08-11.31.10:676][  0]LogDirectoryWatcher: A directory notification failed for '//AIF-OP-WINKTIM/5_local-Tim/2_projets/Anerops/Content/Developers/winktim/Collections/' because it was empty or there was a buffer overflow. Attemping another request...
[2017.06.08-11.31.10:676][  0]LogDirectoryWatcher: A directory notification failed for '//AIF-OP-WINKTIM/5_local-Tim/2_projets/Anerops/Content/Collections/' because it was empty or there was a buffer overflow. Attemping another request...
[2017.06.08-11.31.10:687][  0]LogContentStreaming: Texture pool size now 1000 MB
[2017.06.08-11.31.10:690][  0]LogSlate: Took 0.003120 seconds to synchronously load lazily loaded font '../../../Engine/Content/Slate/Fonts/Roboto-Regular.ttf' (155K)
[2017.06.08-11.31.10:696][  0]LogSlate: Took 0.002115 seconds to synchronously load lazily loaded font '../../../Engine/Content/Slate/Fonts/Roboto-Bold.ttf' (160K)
[2017.06.08-11.31.10:708][  0]LogSlate: Took 0.004363 seconds to synchronously load lazily loaded font '../../../Engine/Content/Editor/Slate/Fonts/FontAwesome.ttf' (139K)
[2017.06.08-11.31.10:909][  0]LogRenderer: Reallocating scene render targets to support 1208x576 NumSamples 1 (Frame:2).
[2017.06.08-11.31.11:182][  1]LogDirectoryWatcher: A directory notification failed for '//AIF-OP-WINKTIM/5_local-Tim/2_projets/Anerops/Binaries/Win64' because it was empty or there was a buffer overflow. Attemping another request...
[2017.06.08-11.31.11:184][  1]LogDirectoryWatcher: A directory notification failed for '//AIF-OP-WINKTIM/5_local-Tim/2_projets/Anerops/Binaries/Win64', and we were unable to create a new request.
[2017.06.08-11.31.11:184][  1]LogDirectoryWatcher: A directory notification failed for '//AIF-OP-WINKTIM/5_local-Tim/2_projets/Anerops/Saved/Collections/' because it was empty or there was a buffer overflow. Attemping another request...
[2017.06.08-11.31.11:185][  1]LogDirectoryWatcher: A directory notification failed for '//AIF-OP-WINKTIM/5_local-Tim/2_projets/Anerops/Saved/Collections/', and we were unable to create a new request.
[2017.06.08-11.31.11:185][  1]LogDirectoryWatcher: A directory notification failed for '//AIF-OP-WINKTIM/5_local-Tim/2_projets/Anerops/Content/Collections/' because it was empty or there was a buffer overflow. Attemping another request...
[2017.06.08-11.31.11:187][  1]LogDirectoryWatcher: A directory notification failed for '//AIF-OP-WINKTIM/5_local-Tim/2_projets/Anerops/Content/Collections/', and we were unable to create a new request.
[2017.06.08-11.31.11:187][  1]LogDirectoryWatcher: A directory notification failed for '//AIF-OP-WINKTIM/5_local-Tim/2_projets/Anerops/Content/Developers/winktim/Collections/' because it was empty or there was a buffer overflow. Attemping another request...
[2017.06.08-11.31.11:188][  1]LogDirectoryWatcher: A directory notification failed for '//AIF-OP-WINKTIM/5_local-Tim/2_projets/Anerops/Content/Developers/winktim/Collections/', and we were unable to create a new request.
[2017.06.08-11.31.27:304][993]LogEditorViewport: Clicking on Actor (LMB): StaticMeshActor (Floor)
[2017.06.08-11.31.27:552][997]LogEditorViewport: Clicking on Component (LMB): StaticMeshComponent (StaticMeshComponent0)
[2017.06.08-11.31.31:243][432]LogEditorViewport: Clicking on Component (LMB): StaticMeshComponent (StaticMeshComponent0)
[2017.06.08-11.31.34:293][788]LogEditorActor: Deleted Actor: BP_Sky_Sphere_C
[2017.06.08-11.31.34:306][788]LogEditorActor: Deleted 1 Actors (0.021 secs)
[2017.06.08-11.31.37:385][143]LogEditorActor: Deleted Actor: StaticMeshActor
[2017.06.08-11.31.37:393][143]LogEditorActor: Deleted 1 Actors (0.008 secs)
[2017.06.08-11.31.39:133][343]LogEditorActor: Deleted Actor: AtmosphericFog
[2017.06.08-11.31.39:141][343]LogEditorActor: Deleted 1 Actors (0.008 secs)
[2017.06.08-11.31.48:596][882]LogSlate: Took 0.003361 seconds to synchronously load lazily loaded font '../../../Engine/Content/Slate/Fonts/Roboto-Light.ttf' (159K)
[2017.06.08-11.31.48:788][882]Cmd: OBJ SAVEPACKAGE PACKAGE="/Game/Maps/Main" FILE="//AIF-OP-WINKTIM/5_local-Tim/2_projets/Anerops/Content/Maps/Main.umap" SILENT=true AUTOSAVING=false KEEPDIRTY=false
[2017.06.08-11.31.50:070][882]LogSlate: Took 0.000523 seconds to synchronously load lazily loaded font '../../../Engine/Content/Slate/Fonts/Roboto-Regular.ttf' (155K)
[2017.06.08-11.31.51:170][882]LogSavePackage: Save=2351.48ms
[2017.06.08-11.31.51:171][882]LogSavePackage: Moving '//AIF-OP-WINKTIM/5_local-Tim/2_projets/Anerops/Saved/MainBAF8E2DA4B5E76CA63F91EBA60F87960.tmp' to '//AIF-OP-WINKTIM/5_local-Tim/2_projets/Anerops/Content/Maps/Main.umap'
[2017.06.08-11.31.51:430][882]LogSavePackage:Display: Finished SavePackage //AIF-OP-WINKTIM/5_local-Tim/2_projets/Anerops/Content/Maps/Main.umap
[2017.06.08-11.31.52:053][882]LogFileHelpers: Saving map 'Main' took 3.642
[2017.06.08-11.31.59:090][724]LogTemp: Repeting last play command: Standalone Game
[2017.06.08-11.31.59:419][724]Cmd: OBJ SAVEPACKAGE PACKAGE="/Game/Maps/Main" FILE="//AIF-OP-WINKTIM/5_local-Tim/2_projets/Anerops/Saved/Autosaves/Game/Maps/UEDPCMain.umap" SILENT=true AUTOSAVING=true KEEPDIRTY=true
[2017.06.08-11.32.00:296][724]LogSavePackage: Save=801.74ms
[2017.06.08-11.32.00:296][724]LogSavePackage: Moving '//AIF-OP-WINKTIM/5_local-Tim/2_projets/Anerops/Saved/UEDPCMainCC5291DF46A9889561E23C816025A10C.tmp' to '//AIF-OP-WINKTIM/5_local-Tim/2_projets/Anerops/Saved/Autosaves/Game/Maps/UEDPCMain.umap'
[2017.06.08-11.32.00:322][724]LogSavePackage:Display: Finished SavePackage //AIF-OP-WINKTIM/5_local-Tim/2_projets/Anerops/Saved/Autosaves/Game/Maps/UEDPCMain.umap
[2017.06.08-11.32.00:344][724]LogEditorTransaction: Undo Spawn Play From Here Start
[2017.06.08-11.32.33:159][343]LogPlayLevel: PlayLevel: No blueprints needed recompiling
[2017.06.08-11.32.33:161][343]PIE: New page: PIE session: Main (Jun 8, 2017, 3:32:33 PM)
[2017.06.08-11.32.33:161][343]LogPlayLevel: Creating play world package: /Game/Maps/UEDPIE_0_Main
[2017.06.08-11.32.33:165][343]LogPlayLevel: PIE: StaticDuplicateObject took: (0.004504s)
[2017.06.08-11.32.33:166][343]LogAIModule: Creating AISystem for world Main
[2017.06.08-11.32.33:166][343]LogPlayLevel: PIE: World Init took: (0.000653s)
[2017.06.08-11.32.33:167][343]LogPlayLevel: PIE: Created PIE world by copying editor world from /Game/Maps/Main.Main to /Game/Maps/UEDPIE_0_Main.Main (0.005895s)
[2017.06.08-11.32.33:226][343]LogLoad: Game class is 'GameModeBase'
[2017.06.08-11.32.33:228][343]LogWorld: Bringing World /Game/Maps/UEDPIE_0_Main.Main up for play (max tick rate 0) at 2017.06.08-13.32.33
[2017.06.08-11.32.33:229][343]LogWorld: Bringing up level for play took: 0.000757
[2017.06.08-11.32.33:310][343]LogContentBrowser: Native class hierarchy updated for 'MovieSceneCapture' in 0.0024 seconds. Added 11 classes and 0 folders.
[2017.06.08-11.32.33:312][343]PIE: Info Play in editor start time for /Game/Maps/UEDPIE_0_Main -0.289
[2017.06.08-11.32.39:269][ 46]LogSlate: Took 0.000533 seconds to synchronously load lazily loaded font '../../../Engine/Content/Slate/Fonts/Roboto-Light.ttf' (159K)
[2017.06.08-11.32.51:483][319]LogVSAccessor:Warning: Visual Studio is open but could not be queried - it may be blocked by a modal operation
[2017.06.08-11.32.51:500][320]LogVSAccessor:Warning: Visual Studio is open but could not be queried - it may be blocked by a modal operation
[2017.06.08-11.32.51:833][321]LogVSAccessor:Warning: Visual Studio is open but could not be queried - it may be blocked by a modal operation
[2017.06.08-11.32.52:167][322]LogVSAccessor:Warning: Visual Studio is open but could not be queried - it may be blocked by a modal operation
[2017.06.08-11.32.52:500][323]LogVSAccessor:Warning: Visual Studio is open but could not be queried - it may be blocked by a modal operation
[2017.06.08-11.32.52:833][324]LogVSAccessor:Warning: Visual Studio is open but could not be queried - it may be blocked by a modal operation
[2017.06.08-11.32.53:167][325]LogVSAccessor:Warning: Visual Studio is open but could not be queried - it may be blocked by a modal operation
[2017.06.08-11.32.53:499][326]LogVSAccessor:Warning: Visual Studio is open but could not be queried - it may be blocked by a modal operation
[2017.06.08-11.32.53:833][327]LogVSAccessor:Warning: Visual Studio is open but could not be queried - it may be blocked by a modal operation
[2017.06.08-11.33.09:178][328]LogVSAccessor:Warning: Couldn't goto line number '0' in '//AIF-OP-WINKTIM/5_local-Tim/2_projets/Anerops/Source/Anerops/RealSenseActor.h'
[2017.06.08-11.33.09:334][328]LogVSAccessor:Warning: Couldn't goto line number '0' in '//AIF-OP-WINKTIM/5_local-Tim/2_projets/Anerops/Source/Anerops/RealSenseActor.cpp'
[2017.06.08-11.33.33:776][795]LogEditor: Attempting to add actor of class 'RealSenseActor' to level at 410.00,-320.00,-210.00
[2017.06.08-11.33.34:494][880]LogEditor: Attempting to add actor of class 'RealSenseActor' to level at 410.00,-320.00,-210.00
[2017.06.08-11.34.01:369][775]LogRenderer: Reallocating scene render targets to support 1208x600 NumSamples 1 (Frame:7781).
[2017.06.08-11.34.24:666][973]LogTemp: Repeting last play command: Selected Viewport
[2017.06.08-11.34.25:013][973]LogPlayLevel: PlayLevel: No blueprints needed recompiling
[2017.06.08-11.34.25:013][973]PIE: New page: PIE session: Main (Jun 8, 2017, 3:34:25 PM)
[2017.06.08-11.34.25:013][973]LogPlayLevel: Creating play world package: /Game/Maps/UEDPIE_0_Main
[2017.06.08-11.34.25:030][973]LogPlayLevel: PIE: StaticDuplicateObject took: (0.017153s)
[2017.06.08-11.34.25:031][973]LogAIModule: Creating AISystem for world Main
[2017.06.08-11.34.25:031][973]LogPlayLevel: PIE: World Init took: (0.000691s)
[2017.06.08-11.34.25:031][973]LogPlayLevel: PIE: Created PIE world by copying editor world from /Game/Maps/Main.Main to /Game/Maps/UEDPIE_0_Main.Main (0.018095s)
[2017.06.08-11.34.25:098][973]LogLoad: Game class is 'GameModeBase'
[2017.06.08-11.34.25:100][973]LogWorld: Bringing World /Game/Maps/UEDPIE_0_Main.Main up for play (max tick rate 0) at 2017.06.08-13.34.25
[2017.06.08-11.34.25:101][973]LogWorld: Bringing up level for play took: 0.001405
[2017.06.08-11.34.25:762][973]PIE: Info Play in editor start time for /Game/Maps/UEDPIE_0_Main 0.163
[2017.06.08-11.34.45:933][ 70]LogEditorViewport: Clicking on Actor (LMB): PlayerStart (Player Start)
[2017.06.08-11.34.57:938][492]LogEditorViewport: Clicking on Actor (LMB): RealSenseActor (RealSenseActor1)
[2017.06.08-11.35.06:817][543]LogTemp: Repeting last play command: Selected Viewport
[2017.06.08-11.35.06:859][543]LogPlayLevel: PlayLevel: No blueprints needed recompiling
[2017.06.08-11.35.06:860][543]PIE: New page: PIE session: Main (Jun 8, 2017, 3:35:06 PM)
[2017.06.08-11.35.06:860][543]LogPlayLevel: Creating play world package: /Game/Maps/UEDPIE_0_Main
[2017.06.08-11.35.06:864][543]LogPlayLevel: PIE: StaticDuplicateObject took: (0.004505s)
[2017.06.08-11.35.06:865][543]LogAIModule: Creating AISystem for world Main
[2017.06.08-11.35.06:865][543]LogPlayLevel: PIE: World Init took: (0.000559s)
[2017.06.08-11.35.06:865][543]LogPlayLevel: PIE: Created PIE world by copying editor world from /Game/Maps/Main.Main to /Game/Maps/UEDPIE_0_Main.Main (0.005276s)
[2017.06.08-11.35.06:907][543]LogLoad: Game class is 'GameModeBase'
[2017.06.08-11.35.06:909][543]LogWorld: Bringing World /Game/Maps/UEDPIE_0_Main.Main up for play (max tick rate 0) at 2017.06.08-13.35.06
[2017.06.08-11.35.06:909][543]LogWorld: Bringing up level for play took: 0.000973
[2017.06.08-11.35.07:512][543]PIE: Info Play in editor start time for /Game/Maps/UEDPIE_0_Main -0.087
[2017.06.08-11.35.14:819][ 14]LogEditorViewport: Clicking Background
[2017.06.08-11.35.15:091][ 46]LogEditorViewport: Clicking on Actor (LMB): RealSenseActor (RealSenseActor1)
[2017.06.08-11.35.15:651][108]LogSlate: Took 0.002795 seconds to synchronously load lazily loaded font '../../../Engine/Content/Editor/Slate/Fonts/Roboto-Italic.ttf' (157K)
[2017.06.08-11.35.18:668][468]LogEditorViewport: Clicking Background
[2017.06.08-11.35.19:082][517]LogEditorViewport: Clicking on Actor (LMB): PlayerStart (Player Start)
[2017.06.08-11.35.23:848][ 83]LogEditorViewport: Clicking on Actor (LMB): RealSenseActor (RealSenseActor1)
[2017.06.08-11.35.35:828][507]LogTemp: Repeting last play command: Selected Viewport
[2017.06.08-11.35.36:003][507]LogPlayLevel: PlayLevel: No blueprints needed recompiling
[2017.06.08-11.35.36:003][507]PIE: New page: PIE session: Main (Jun 8, 2017, 3:35:36 PM)
[2017.06.08-11.35.36:003][507]LogPlayLevel: Creating play world package: /Game/Maps/UEDPIE_0_Main
[2017.06.08-11.35.36:034][507]LogPlayLevel: PIE: StaticDuplicateObject took: (0.030992s)
[2017.06.08-11.35.36:035][507]LogAIModule: Creating AISystem for world Main
[2017.06.08-11.35.36:035][507]LogPlayLevel: PIE: World Init took: (0.000826s)
[2017.06.08-11.35.36:035][507]LogPlayLevel: PIE: Created PIE world by copying editor world from /Game/Maps/Main.Main to /Game/Maps/UEDPIE_0_Main.Main (0.032049s)
[2017.06.08-11.35.36:091][507]LogLoad: Game class is 'GameModeBase'
[2017.06.08-11.35.36:094][507]LogWorld: Bringing World /Game/Maps/UEDPIE_0_Main.Main up for play (max tick rate 0) at 2017.06.08-13.35.36
[2017.06.08-11.35.36:095][507]LogWorld: Bringing up level for play took: 0.000990
[2017.06.08-11.35.36:708][507]PIE: Info Play in editor start time for /Game/Maps/UEDPIE_0_Main 1.109
[2017.06.08-11.35.48:985][311]LogEditorViewport: Clicking on Actor (LMB): RealSenseActor (RealSenseActor1)
[2017.06.08-11.35.52:495][724]LogTemp: Repeting last play command: Selected Viewport
[2017.06.08-11.35.52:636][724]LogPlayLevel: PlayLevel: No blueprints needed recompiling
[2017.06.08-11.35.52:636][724]PIE: New page: PIE session: Main (Jun 8, 2017, 3:35:52 PM)
[2017.06.08-11.35.52:636][724]LogPlayLevel: Creating play world package: /Game/Maps/UEDPIE_0_Main
[2017.06.08-11.35.52:639][724]LogPlayLevel: PIE: StaticDuplicateObject took: (0.002869s)
[2017.06.08-11.35.52:639][724]LogAIModule: Creating AISystem for world Main
[2017.06.08-11.35.52:639][724]LogPlayLevel: PIE: World Init took: (0.000603s)
[2017.06.08-11.35.52:639][724]LogPlayLevel: PIE: Created PIE world by copying editor world from /Game/Maps/Main.Main to /Game/Maps/UEDPIE_0_Main.Main (0.003688s)
[2017.06.08-11.35.52:685][724]LogLoad: Game class is 'GameModeBase'
[2017.06.08-11.35.52:687][724]LogWorld: Bringing World /Game/Maps/UEDPIE_0_Main.Main up for play (max tick rate 0) at 2017.06.08-13.35.52
[2017.06.08-11.35.52:687][724]LogWorld: Bringing up level for play took: 0.001028
[2017.06.08-11.35.53:268][724]PIE: Info Play in editor start time for /Game/Maps/UEDPIE_0_Main -0.331
[2017.06.08-11.35.59:409][ 70]LogEditorViewport: Clicking on Actor (LMB): PlayerStart (Player Start)
[2017.06.08-11.36.06:834][945]LogTemp: Repeting last play command: Selected Viewport
[2017.06.08-11.36.06:900][945]LogPlayLevel: PlayLevel: No blueprints needed recompiling
[2017.06.08-11.36.06:900][945]PIE: New page: PIE session: Main (Jun 8, 2017, 3:36:06 PM)
[2017.06.08-11.36.06:900][945]LogPlayLevel: Creating play world package: /Game/Maps/UEDPIE_0_Main
[2017.06.08-11.36.06:903][945]LogPlayLevel: PIE: StaticDuplicateObject took: (0.003669s)
[2017.06.08-11.36.06:904][945]LogAIModule: Creating AISystem for world Main
[2017.06.08-11.36.06:904][945]LogPlayLevel: PIE: World Init took: (0.000648s)
[2017.06.08-11.36.06:904][945]LogPlayLevel: PIE: Created PIE world by copying editor world from /Game/Maps/Main.Main to /Game/Maps/UEDPIE_0_Main.Main (0.004470s)
[2017.06.08-11.36.06:952][945]LogLoad: Game class is 'GameModeBase'
[2017.06.08-11.36.06:954][945]LogWorld: Bringing World /Game/Maps/UEDPIE_0_Main.Main up for play (max tick rate 0) at 2017.06.08-13.36.06
[2017.06.08-11.36.06:954][945]LogWorld: Bringing up level for play took: 0.000855
[2017.06.08-11.36.07:535][945]PIE: Info Play in editor start time for /Game/Maps/UEDPIE_0_Main -0.063
[2017.06.08-11.36.16:905][744]LogTemp: Repeting last play command: Selected Viewport
[2017.06.08-11.36.16:947][744]LogPlayLevel: PlayLevel: No blueprints needed recompiling
[2017.06.08-11.36.16:947][744]PIE: New page: PIE session: Main (Jun 8, 2017, 3:36:16 PM)
[2017.06.08-11.36.16:947][744]LogPlayLevel: Creating play world package: /Game/Maps/UEDPIE_0_Main
[2017.06.08-11.36.16:950][744]LogPlayLevel: PIE: StaticDuplicateObject took: (0.002839s)
[2017.06.08-11.36.16:951][744]LogAIModule: Creating AISystem for world Main
[2017.06.08-11.36.16:951][744]LogPlayLevel: PIE: World Init took: (0.000578s)
[2017.06.08-11.36.16:951][744]LogPlayLevel: PIE: Created PIE world by copying editor world from /Game/Maps/Main.Main to /Game/Maps/UEDPIE_0_Main.Main (0.003595s)
[2017.06.08-11.36.16:995][744]LogLoad: Game class is 'GameModeBase'
[2017.06.08-11.36.16:997][744]LogWorld: Bringing World /Game/Maps/UEDPIE_0_Main.Main up for play (max tick rate 0) at 2017.06.08-13.36.16
[2017.06.08-11.36.16:997][744]LogWorld: Bringing up level for play took: 0.000946
[2017.06.08-11.36.17:619][744]PIE: Info Play in editor start time for /Game/Maps/UEDPIE_0_Main 0.02
[2017.06.08-11.36.41:204][297]LogEditorViewport: Clicking on Actor (LMB): DirectionalLight (Light Source)
[2017.06.08-11.36.44:209][639]LogEditorViewport: Clicking on Actor (LMB): RealSenseActor (RealSenseActor1)
[2017.06.08-11.36.47:905][ 76]LogEditorViewport: Clicking on Actor (LMB): DirectionalLight (Light Source)
[2017.06.08-11.36.48:908][190]Cmd: DELETE
[2017.06.08-11.36.48:908][190]Cmd: ACTOR DELETE
[2017.06.08-11.36.48:912][190]LogEditorActor: Deleted Actor: DirectionalLight
[2017.06.08-11.36.48:920][190]LogEditorActor: Deleted 1 Actors (0.008 secs)
[2017.06.08-11.36.51:825][536]LogTemp: Repeting last play command: Selected Viewport
[2017.06.08-11.36.51:877][536]LogPlayLevel: PlayLevel: No blueprints needed recompiling
[2017.06.08-11.36.51:878][536]PIE: New page: PIE session: Main (Jun 8, 2017, 3:36:51 PM)
[2017.06.08-11.36.51:878][536]LogPlayLevel: Creating play world package: /Game/Maps/UEDPIE_0_Main
[2017.06.08-11.36.51:880][536]LogPlayLevel: PIE: StaticDuplicateObject took: (0.002803s)
[2017.06.08-11.36.51:881][536]LogAIModule: Creating AISystem for world Main
[2017.06.08-11.36.51:881][536]LogPlayLevel: PIE: World Init took: (0.000630s)
[2017.06.08-11.36.51:881][536]LogPlayLevel: PIE: Created PIE world by copying editor world from /Game/Maps/Main.Main to /Game/Maps/UEDPIE_0_Main.Main (0.003637s)
[2017.06.08-11.36.51:921][536]LogLoad: Game class is 'GameModeBase'
[2017.06.08-11.36.51:923][536]LogWorld: Bringing World /Game/Maps/UEDPIE_0_Main.Main up for play (max tick rate 0) at 2017.06.08-13.36.51
[2017.06.08-11.36.51:923][536]LogWorld: Bringing up level for play took: 0.000789
[2017.06.08-11.36.52:541][536]PIE: Info Play in editor start time for /Game/Maps/UEDPIE_0_Main 0.942
[2017.06.08-11.37.44:417][232]LogEditorViewport: Clicking on Actor (LMB): RealSenseActor (RealSenseActor1)
[2017.06.08-11.38.20:419][498]Cmd: DELETE
[2017.06.08-11.38.20:419][498]Cmd: ACTOR DELETE
[2017.06.08-11.38.20:419][498]LogEditorActor: Deleted Actor: SkyLight
[2017.06.08-11.38.20:427][498]LogEditorActor: Deleted 1 Actors (0.008 secs)
[2017.06.08-11.38.28:459][449]Cmd: DELETE
[2017.06.08-11.38.28:459][449]Cmd: ACTOR DELETE
[2017.06.08-11.38.28:459][449]LogEditorActor: Deleted Actor: PointLight
[2017.06.08-11.38.28:472][449]LogEditorActor: Deleted 1 Actors (0.013 secs)
[2017.06.08-11.38.36:593][402]Cmd: DELETE
[2017.06.08-11.38.36:593][402]Cmd: ACTOR DELETE
[2017.06.08-11.38.36:593][402]LogEditorActor: Deleted Actor: DirectionalLight
[2017.06.08-11.38.36:601][402]LogEditorActor: Deleted 1 Actors (0.008 secs)
[2017.06.08-11.38.45:333][450]LogEditorViewport: Clicking Background
[2017.06.08-11.38.45:841][508]Cmd: OBJ SAVEPACKAGE PACKAGE="/Game/Maps/Main" FILE="//AIF-OP-WINKTIM/5_local-Tim/2_projets/Anerops/Content/Maps/Main.umap" SILENT=true AUTOSAVING=false KEEPDIRTY=false
[2017.06.08-11.38.52:410][508]LogSavePackage: Save=6431.79ms
[2017.06.08-11.38.52:410][508]LogSavePackage: Moving '//AIF-OP-WINKTIM/5_local-Tim/2_projets/Anerops/Saved/MainF8DCAFE7440FD0AFE0481FAF52A79F0B.tmp' to '//AIF-OP-WINKTIM/5_local-Tim/2_projets/Anerops/Content/Maps/Main.umap'
[2017.06.08-11.38.52:776][508]LogSavePackage:Display: Finished SavePackage //AIF-OP-WINKTIM/5_local-Tim/2_projets/Anerops/Content/Maps/Main.umap
[2017.06.08-11.39.24:180][ 81]LogRenderer: Reallocating scene render targets to support 1208x604 NumSamples 1 (Frame:39070).
[2017.06.08-11.39.24:231][ 82]LogRenderer: Reallocating scene render targets to support 1208x624 NumSamples 1 (Frame:39072).
[2017.06.08-11.39.24:290][ 83]LogRenderer: Reallocating scene render targets to support 1208x664 NumSamples 1 (Frame:39074).
[2017.06.08-11.39.24:341][ 84]LogRenderer: Reallocating scene render targets to support 1208x680 NumSamples 1 (Frame:39076).
[2017.06.08-11.39.24:388][ 85]LogRenderer: Reallocating scene render targets to support 1208x688 NumSamples 1 (Frame:39078).
[2017.06.08-11.41.11:487][864]LogTemp: Repeting last play command: Selected Viewport
[2017.06.08-11.41.11:636][864]LogPlayLevel: PlayLevel: No blueprints needed recompiling
[2017.06.08-11.41.11:636][864]PIE: New page: PIE session: Main (Jun 8, 2017, 3:41:11 PM)
[2017.06.08-11.41.11:636][864]LogPlayLevel: Creating play world package: /Game/Maps/UEDPIE_0_Main
[2017.06.08-11.41.11:656][864]LogPlayLevel: PIE: StaticDuplicateObject took: (0.019840s)
[2017.06.08-11.41.11:657][864]LogAIModule: Creating AISystem for world Main
[2017.06.08-11.41.11:657][864]LogPlayLevel: PIE: World Init took: (0.000740s)
[2017.06.08-11.41.11:658][864]LogPlayLevel: PIE: Created PIE world by copying editor world from /Game/Maps/Main.Main to /Game/Maps/UEDPIE_0_Main.Main (0.020885s)
[2017.06.08-11.41.11:731][864]LogLoad: Game class is 'GameModeBase'
[2017.06.08-11.41.11:734][864]LogWorld: Bringing World /Game/Maps/UEDPIE_0_Main.Main up for play (max tick rate 0) at 2017.06.08-13.41.11
[2017.06.08-11.41.11:734][864]LogWorld: Bringing up level for play took: 0.001018
[2017.06.08-11.41.12:346][864]PIE: Info Play in editor start time for /Game/Maps/UEDPIE_0_Main 0.754
[2017.06.08-11.41.18:457][176]LogEditorViewport: Clicking on Actor (LMB): RealSenseActor (RealSenseActor1)
[2017.06.08-11.41.22:134][613]LogTemp: Repeting last play command: Selected Viewport
[2017.06.08-11.41.22:270][613]LogPlayLevel: PlayLevel: No blueprints needed recompiling
[2017.06.08-11.41.22:270][613]PIE: New page: PIE session: Main (Jun 8, 2017, 3:41:22 PM)
[2017.06.08-11.41.22:270][613]LogPlayLevel: Creating play world package: /Game/Maps/UEDPIE_0_Main
[2017.06.08-11.41.22:274][613]LogPlayLevel: PIE: StaticDuplicateObject took: (0.004147s)
[2017.06.08-11.41.22:275][613]LogAIModule: Creating AISystem for world Main
[2017.06.08-11.41.22:275][613]LogPlayLevel: PIE: World Init took: (0.000556s)
[2017.06.08-11.41.22:275][613]LogPlayLevel: PIE: Created PIE world by copying editor world from /Game/Maps/Main.Main to /Game/Maps/UEDPIE_0_Main.Main (0.004885s)
[2017.06.08-11.41.22:317][613]LogLoad: Game class is 'GameModeBase'
[2017.06.08-11.41.22:319][613]LogWorld: Bringing World /Game/Maps/UEDPIE_0_Main.Main up for play (max tick rate 0) at 2017.06.08-13.41.22
[2017.06.08-11.41.22:320][613]LogWorld: Bringing up level for play took: 0.001122
[2017.06.08-11.41.22:895][613]PIE: Info Play in editor start time for /Game/Maps/UEDPIE_0_Main 1.303
[2017.06.08-11.41.44:392][800]LogEditorViewport: Clicking on Actor (LMB): RealSenseActor (RealSenseActor1)
[2017.06.08-11.42.05:494][312]LogEditorViewport: Clicking on Actor (LMB): PlayerStart (Player Start)
[2017.06.08-11.42.06:841][472]LogNavigationPoint: PostEditMove Clear paths rebuilt
[2017.06.08-11.42.07:317][527]LogEditorViewport: Clicking on Actor (LMB): RealSenseActor (RealSenseActor1)
[2017.06.08-11.42.11:151][984]LogEditorViewport: Clicking on Actor (LMB): PlayerStart (Player Start)
[2017.06.08-11.42.17:665][761]LogRenderer: Reallocating scene render targets to support 1516x688 NumSamples 1 (Frame:58899).
[2017.06.08-11.42.19:101][929]LogEditorViewport: Clicking on Actor (LMB): PlayerStart (Player Start)
[2017.06.08-11.42.19:210][940]LogEditorViewport: Clicking on Component (LMB): CapsuleComponent (CollisionCapsule)
[2017.06.08-11.42.45:786][111]Cmd: CAMERA ALIGN ACTIVEVIEWPORTONLY
[2017.06.08-11.43.03:662][242]LogEditorViewport: Clicking on Actor (LMB): RealSenseActor (RealSenseActor1)
[2017.06.08-11.43.05:606][463]LogEditorViewport: Clicking on Actor (LMB): PlayerStart (Player Start)
[2017.06.08-11.43.15:135][590]LogEditorViewport: Clicking on Actor (LMB): RealSenseActor (RealSenseActor1)
[2017.06.08-11.43.36:908][159]Cmd: OBJ SAVEPACKAGE PACKAGE="/Game/Maps/Main" FILE="//AIF-OP-WINKTIM/5_local-Tim/2_projets/Anerops/Content/Maps/Main.umap" SILENT=true AUTOSAVING=false KEEPDIRTY=false
[2017.06.08-11.43.37:782][159]LogSavePackage: Save=834.08ms
[2017.06.08-11.43.37:782][159]LogSavePackage: Moving '//AIF-OP-WINKTIM/5_local-Tim/2_projets/Anerops/Saved/MainE7C3F9BA4A6B9E025BDA0A8DEEE49CED.tmp' to '//AIF-OP-WINKTIM/5_local-Tim/2_projets/Anerops/Content/Maps/Main.umap'
[2017.06.08-11.43.37:826][159]LogSavePackage:Display: Finished SavePackage //AIF-OP-WINKTIM/5_local-Tim/2_projets/Anerops/Content/Maps/Main.umap
[2017.06.08-11.43.48:647][419]LogEditorViewport: Clicking Background
[2017.06.08-11.43.53:545][  4]LogTemp: Repeting last play command: Selected Viewport
[2017.06.08-11.43.53:586][  4]LogPlayLevel: PlayLevel: No blueprints needed recompiling
[2017.06.08-11.43.53:586][  4]PIE: New page: PIE session: Main (Jun 8, 2017, 3:43:53 PM)
[2017.06.08-11.43.53:586][  4]LogPlayLevel: Creating play world package: /Game/Maps/UEDPIE_0_Main
[2017.06.08-11.43.53:589][  4]LogPlayLevel: PIE: StaticDuplicateObject took: (0.002634s)
[2017.06.08-11.43.53:589][  4]LogAIModule: Creating AISystem for world Main
[2017.06.08-11.43.53:589][  4]LogPlayLevel: PIE: World Init took: (0.000527s)
[2017.06.08-11.43.53:590][  4]LogPlayLevel: PIE: Created PIE world by copying editor world from /Game/Maps/Main.Main to /Game/Maps/UEDPIE_0_Main.Main (0.003394s)
[2017.06.08-11.43.53:627][  4]LogLoad: Game class is 'GameModeBase'
[2017.06.08-11.43.53:630][  4]LogWorld: Bringing World /Game/Maps/UEDPIE_0_Main.Main up for play (max tick rate 0) at 2017.06.08-13.43.53
[2017.06.08-11.43.53:630][  4]LogWorld: Bringing up level for play took: 0.000828
[2017.06.08-11.43.54:244][  4]PIE: Info Play in editor start time for /Game/Maps/UEDPIE_0_Main 0.658
[2017.06.08-11.43.57:749][136]Set new viewmode: Wireframe
[2017.06.08-11.43.59:165][207]Set new viewmode: Unlit
[2017.06.08-11.43.59:704][234]Set new viewmode: Lit
[2017.06.08-11.44.00:264][262]Set new viewmode: Lit_DetailLighting
[2017.06.08-11.44.01:183][308]Set new viewmode: ShaderComplexity
[2017.06.08-11.44.03:641][431]Set new viewmode: Wireframe
[2017.06.08-11.45.21:293][971]LogEditorViewport: Clicking Background
[2017.06.08-12.14.21:959][464]LogTemp: Repeting last play command: Selected Viewport
[2017.06.08-12.14.22:021][464]LogPlayLevel: PlayLevel: No blueprints needed recompiling
[2017.06.08-12.14.22:021][464]PIE: New page: PIE session: Main (Jun 8, 2017, 4:14:22 PM)
[2017.06.08-12.14.22:022][464]LogPlayLevel: Creating play world package: /Game/Maps/UEDPIE_0_Main
[2017.06.08-12.14.22:025][464]LogPlayLevel: PIE: StaticDuplicateObject took: (0.003114s)
[2017.06.08-12.14.22:025][464]LogAIModule: Creating AISystem for world Main
[2017.06.08-12.14.22:025][464]LogPlayLevel: PIE: World Init took: (0.000697s)
[2017.06.08-12.14.22:026][464]LogPlayLevel: PIE: Created PIE world by copying editor world from /Game/Maps/Main.Main to /Game/Maps/UEDPIE_0_Main.Main (0.004066s)
[2017.06.08-12.14.22:069][464]LogLoad: Game class is 'GameModeBase'
[2017.06.08-12.14.22:071][464]LogWorld: Bringing World /Game/Maps/UEDPIE_0_Main.Main up for play (max tick rate 0) at 2017.06.08-14.14.22
[2017.06.08-12.14.22:072][464]LogWorld: Bringing up level for play took: 0.001201
[2017.06.08-12.14.22:696][464]PIE: Info Play in editor start time for /Game/Maps/UEDPIE_0_Main 1.12
[2017.06.08-12.14.41:362][687]LogTemp: Repeting last play command: Selected Viewport
[2017.06.08-12.14.41:440][687]LogPlayLevel: PlayLevel: No blueprints needed recompiling
[2017.06.08-12.14.41:440][687]PIE: New page: PIE session: Main (Jun 8, 2017, 4:14:41 PM)
[2017.06.08-12.14.41:440][687]LogPlayLevel: Creating play world package: /Game/Maps/UEDPIE_0_Main
[2017.06.08-12.14.41:449][687]LogPlayLevel: PIE: StaticDuplicateObject took: (0.008447s)
[2017.06.08-12.14.41:449][687]LogAIModule: Creating AISystem for world Main
[2017.06.08-12.14.41:449][687]LogPlayLevel: PIE: World Init took: (0.000472s)
[2017.06.08-12.14.41:449][687]LogPlayLevel: PIE: Created PIE world by copying editor world from /Game/Maps/Main.Main to /Game/Maps/UEDPIE_0_Main.Main (0.009064s)
[2017.06.08-12.14.41:496][687]LogLoad: Game class is 'GameModeBase'
[2017.06.08-12.14.41:498][687]LogWorld: Bringing World /Game/Maps/UEDPIE_0_Main.Main up for play (max tick rate 0) at 2017.06.08-14.14.41
[2017.06.08-12.14.41:499][687]LogWorld: Bringing up level for play took: 0.001027
[2017.06.08-12.14.41:782][687]PIE: Info Play in editor start time for /Game/Maps/UEDPIE_0_Main 0.206
[2017.06.08-12.14.51:338][ 76]LogEditorViewport: Clicking on Actor (LMB): RealSenseActor (RealSenseActor1)
[2017.06.08-12.15.01:615][303]LogTemp: Repeting last play command: Selected Viewport
[2017.06.08-12.15.01:658][303]LogPlayLevel: PlayLevel: No blueprints needed recompiling
[2017.06.08-12.15.01:658][303]PIE: New page: PIE session: Main (Jun 8, 2017, 4:15:01 PM)
[2017.06.08-12.15.01:658][303]LogPlayLevel: Creating play world package: /Game/Maps/UEDPIE_0_Main
[2017.06.08-12.15.01:661][303]LogPlayLevel: PIE: StaticDuplicateObject took: (0.002714s)
[2017.06.08-12.15.01:661][303]LogAIModule: Creating AISystem for world Main
[2017.06.08-12.15.01:661][303]LogPlayLevel: PIE: World Init took: (0.000499s)
[2017.06.08-12.15.01:661][303]LogPlayLevel: PIE: Created PIE world by copying editor world from /Game/Maps/Main.Main to /Game/Maps/UEDPIE_0_Main.Main (0.003429s)
[2017.06.08-12.15.01:701][303]LogLoad: Game class is 'GameModeBase'
[2017.06.08-12.15.01:704][303]LogWorld: Bringing World /Game/Maps/UEDPIE_0_Main.Main up for play (max tick rate 0) at 2017.06.08-14.15.01
[2017.06.08-12.15.01:704][303]LogWorld: Bringing up level for play took: 0.000957
[2017.06.08-12.15.02:295][303]PIE: Info Play in editor start time for /Game/Maps/UEDPIE_0_Main 0.719
[2017.06.08-12.16.12:636][113]LogSlate: Took 0.000747 seconds to synchronously load lazily loaded font '../../../Engine/Content/Slate/Fonts/Roboto-Light.ttf' (159K)
[2017.06.08-12.16.21:905][187]Cmd: OBJ SAVEPACKAGE PACKAGE="/Game/Maps/Main" FILE="//AIF-OP-WINKTIM/5_local-Tim/2_projets/Anerops/Saved/Autosaves/Game/Maps/Main_Auto1.umap" SILENT=true AUTOSAVING=true KEEPDIRTY=false
[2017.06.08-12.16.23:539][187]LogSavePackage: Save=1449.10ms
[2017.06.08-12.16.23:539][187]LogSavePackage: Moving '//AIF-OP-WINKTIM/5_local-Tim/2_projets/Anerops/Saved/Main_Auto1897CCDCB4CD663BB00DF12BE6BBE4D02.tmp' to '//AIF-OP-WINKTIM/5_local-Tim/2_projets/Anerops/Saved/Autosaves/Game/Maps/Main_Auto1.umap'
[2017.06.08-12.16.23:569][187]LogSavePackage:Display: Finished SavePackage //AIF-OP-WINKTIM/5_local-Tim/2_projets/Anerops/Saved/Autosaves/Game/Maps/Main_Auto1.umap
[2017.06.08-12.16.23:597][187]LogFileHelpers: Editor autosave (incl. sublevels) for '/Game/Maps/Main' took 1.882
[2017.06.08-12.16.23:597][187]LogFileHelpers: Editor autosave (incl. sublevels) for all levels took 1.882
[2017.06.08-12.25.29:064][588]Cmd: OBJ SAVEPACKAGE PACKAGE="/Game/Maps/Main" FILE="//AIF-OP-WINKTIM/5_local-Tim/2_projets/Anerops/Content/Maps/Main.umap" SILENT=true AUTOSAVING=false KEEPDIRTY=false
[2017.06.08-12.25.29:897][588]LogSavePackage: Save=777.02ms
[2017.06.08-12.25.29:897][588]LogSavePackage: Moving '//AIF-OP-WINKTIM/5_local-Tim/2_projets/Anerops/Saved/Main7013DCBF4030F2C103DDA8BD945C61B8.tmp' to '//AIF-OP-WINKTIM/5_local-Tim/2_projets/Anerops/Content/Maps/Main.umap'
[2017.06.08-12.25.30:006][588]LogSavePackage:Display: Finished SavePackage //AIF-OP-WINKTIM/5_local-Tim/2_projets/Anerops/Content/Maps/Main.umap
[2017.06.08-12.25.30:168][588]LogFileHelpers: Saving map 'Main' took 1.402
[2017.06.08-12.25.30:681][589]Cmd: QUIT_EDITOR
[2017.06.08-12.25.31:588][589]LogWindowsTextInputMethodSystem:Display: IME system now deactivated.
[2017.06.08-12.25.31:624][589]LogExit: Preparing to exit.
[2017.06.08-12.25.32:088][589]LogExit: Editor shut down
[2017.06.08-12.25.32:090][589]LogExit: Transaction tracking system shut down
[2017.06.08-12.25.32:245][589]LogObj: Freed 0b from 0 cluster array pools.
[2017.06.08-12.25.32:246][589]LogExit: Object subsystem successfully closed.
[2017.06.08-12.25.32:260][589]LogD3D11RHI: Shutdown
[2017.06.08-12.25.32:260][589]LogD3D11RHI: CleanupD3DDevice
[2017.06.08-12.25.32:362][589]LogD3D11RHI: ~FD3D11DynamicRHI
[2017.06.08-12.25.32:450][589]LogModuleManager: Shutting down and abandoning module MovieSceneCapture (498)
[2017.06.08-12.25.32:450][589]LogModuleManager: Shutting down and abandoning module HierarchicalLODOutliner (496)
[2017.06.08-12.25.32:450][589]LogModuleManager: Shutting down and abandoning module CrashTracker (494)
[2017.06.08-12.25.32:450][589]LogModuleManager: Shutting down and abandoning module SceneOutliner (492)
[2017.06.08-12.25.32:450][589]LogModuleManager: Shutting down and abandoning module AddContentDialog (490)
[2017.06.08-12.25.32:450][589]LogDirectoryWatcher: A directory notification for 'C:/Program Files/Epic Games/UE_4.15/FeaturePacks/' was aborted.
[2017.06.08-12.25.32:456][589]LogModuleManager: Shutting down and abandoning module WidgetCarousel (489)
[2017.06.08-12.25.32:456][589]LogModuleManager: Shutting down and abandoning module EditorWidgets (486)
[2017.06.08-12.25.32:456][589]LogModuleManager: Shutting down and abandoning module CollectionManager (484)
[2017.06.08-12.25.32:456][589]LogModuleManager: Shutting down and abandoning module StatsViewer (482)
[2017.06.08-12.25.32:456][589]LogModuleManager: Shutting down and abandoning module FoliageEdit (480)
[2017.06.08-12.25.32:456][589]LogModuleManager: Shutting down and abandoning module LandscapeEditor (478)
[2017.06.08-12.25.32:456][589]LogModuleManager: Shutting down and abandoning module SceneDepthPickerMode (476)
[2017.06.08-12.25.32:456][589]LogModuleManager: Shutting down and abandoning module ActorPickerMode (474)
[2017.06.08-12.25.32:456][589]LogModuleManager: Shutting down and abandoning module GeometryMode (472)
[2017.06.08-12.25.32:456][589]LogModuleManager: Shutting down and abandoning module TextureAlignMode (470)
[2017.06.08-12.25.32:456][589]LogModuleManager: Shutting down and abandoning module BspMode (468)
[2017.06.08-12.25.32:456][589]LogModuleManager: Shutting down and abandoning module SequenceRecorderSections (466)
[2017.06.08-12.25.32:456][589]LogModuleManager: Shutting down and abandoning module AutomationWorker (464)
[2017.06.08-12.25.32:456][589]LogModuleManager: Shutting down and abandoning module MatineeToLevelSequence (462)
[2017.06.08-12.25.32:456][589]LogModuleManager: Shutting down and abandoning module LevelSequenceEditor (460)
[2017.06.08-12.25.32:456][589]LogModuleManager: Shutting down and abandoning module PlacementMode (459)
[2017.06.08-12.25.32:456][589]LogModuleManager: Shutting down and abandoning module WmfMediaFactory (456)
[2017.06.08-12.25.32:456][589]LogModuleManager: Shutting down and abandoning module WmfMediaEditor (454)
[2017.06.08-12.25.32:456][589]LogModuleManager: Shutting down and abandoning module MfMediaFactory (452)
[2017.06.08-12.25.32:456][589]LogModuleManager: Shutting down and abandoning module MfMediaEditor (450)
[2017.06.08-12.25.32:456][589]LogModuleManager: Shutting down and abandoning module AvfMediaFactory (448)
[2017.06.08-12.25.32:456][589]LogModuleManager: Shutting down and abandoning module AvfMediaEditor (446)
[2017.06.08-12.25.32:456][589]LogModuleManager: Shutting down and abandoning module AndroidMediaFactory (444)
[2017.06.08-12.25.32:456][589]LogModuleManager: Shutting down and abandoning module Media (443)
[2017.06.08-12.25.32:456][589]LogModuleManager: Shutting down and abandoning module AndroidMediaEditor (440)
[2017.06.08-12.25.32:456][589]LogModuleManager: Shutting down and abandoning module CharacterAI (438)
[2017.06.08-12.25.32:456][589]LogModuleManager: Shutting down and abandoning module AudioCapture (436)
[2017.06.08-12.25.32:456][589]LogModuleManager: Shutting down and abandoning module SequenceRecorder (435)
[2017.06.08-12.25.32:456][589]LogModuleManager: Shutting down and abandoning module SmartSnapping (432)
[2017.06.08-12.25.32:456][589]LogModuleManager: Shutting down and abandoning module SessionServices (430)
[2017.06.08-12.25.32:457][589]LogModuleManager: Shutting down and abandoning module ViewportSnapping (428)
[2017.06.08-12.25.32:457][589]LogModuleManager: Shutting down and abandoning module ViewportInteraction (426)
[2017.06.08-12.25.32:457][589]LogModuleManager: Shutting down and abandoning module LogVisualizer (424)
[2017.06.08-12.25.32:457][589]LogModuleManager: Shutting down and abandoning module IntroTutorials (422)
[2017.06.08-12.25.32:457][589]LogModuleManager: Shutting down and abandoning module GameProjectGeneration (421)
[2017.06.08-12.25.32:457][589]LogModuleManager: Shutting down and abandoning module EditorLiveStreaming (418)
[2017.06.08-12.25.32:457][589]LogModuleManager: Shutting down and abandoning module IOSPlatformEditor (416)
[2017.06.08-12.25.32:457][589]LogModuleManager: Shutting down and abandoning module HTML5PlatformEditor (414)
[2017.06.08-12.25.32:457][589]LogModuleManager: Shutting down and abandoning module AndroidPlatformEditor (412)
[2017.06.08-12.25.32:457][589]LogModuleManager: Shutting down and abandoning module AndroidDeviceDetection (411)
[2017.06.08-12.25.32:880][589]LogModuleManager: Shutting down and abandoning module IOSRuntimeSettings (408)
[2017.06.08-12.25.32:880][589]LogModuleManager: Shutting down and abandoning module AndroidRuntimeSettings (406)
[2017.06.08-12.25.32:880][589]LogModuleManager: Shutting down and abandoning module InputBindingEditor (404)
[2017.06.08-12.25.32:880][589]LogModuleManager: Shutting down and abandoning module NiagaraEditor (402)
[2017.06.08-12.25.32:880][589]LogModuleManager: Shutting down and abandoning module MergeActors (400)
[2017.06.08-12.25.32:880][589]LogModuleManager: Shutting down and abandoning module SizeMap (398)
[2017.06.08-12.25.32:880][589]LogModuleManager: Shutting down and abandoning module TreeMap (396)
[2017.06.08-12.25.32:880][589]LogModuleManager: Shutting down and abandoning module ReferenceViewer (394)
[2017.06.08-12.25.32:880][589]LogModuleManager: Shutting down and abandoning module LocalizationDashboard (392)
[2017.06.08-12.25.32:880][589]LogModuleManager: Shutting down and abandoning module LocalizationService (391)
[2017.06.08-12.25.32:881][589]LogModuleManager: Shutting down and abandoning module HardwareTargeting (388)
[2017.06.08-12.25.32:881][589]LogModuleManager: Shutting down and abandoning module DeviceProfileEditor (386)
[2017.06.08-12.25.32:881][589]LogModuleManager: Shutting down and abandoning module UndoHistory (384)
[2017.06.08-12.25.32:881][589]LogModuleManager: Shutting down and abandoning module UserFeedback (382)
[2017.06.08-12.25.32:881][589]LogModuleManager: Shutting down and abandoning module XmlParser (380)
[2017.06.08-12.25.32:881][589]LogModuleManager: Shutting down and abandoning module Blutility (378)
[2017.06.08-12.25.32:881][589]LogModuleManager: Shutting down and abandoning module ProjectSettingsViewer (376)
[2017.06.08-12.25.32:881][589]LogModuleManager: Shutting down and abandoning module ProjectTargetPlatformEditor (375)
[2017.06.08-12.25.32:881][589]LogModuleManager: Shutting down and abandoning module EditorSettingsViewer (372)
[2017.06.08-12.25.32:881][589]LogModuleManager: Shutting down and abandoning module SettingsEditor (370)
[2017.06.08-12.25.32:881][589]LogModuleManager: Shutting down and abandoning module ProjectLauncher (368)
[2017.06.08-12.25.32:881][589]LogModuleManager: Shutting down and abandoning module SessionFrontend (366)
[2017.06.08-12.25.32:881][589]LogModuleManager: Shutting down and abandoning module ProfilerClient (364)
[2017.06.08-12.25.32:881][589]LogModuleManager: Shutting down and abandoning module DeviceManager (362)
[2017.06.08-12.25.32:881][589]LogModuleManager: Shutting down and abandoning module TargetDeviceServices (361)
[2017.06.08-12.25.32:925][589]LogModuleManager: Shutting down and abandoning module AutomationController (358)
[2017.06.08-12.25.32:925][589]LogModuleManager: Shutting down and abandoning module AutomationWindow (356)
[2017.06.08-12.25.32:925][589]LogModuleManager: Shutting down and abandoning module Layers (354)
[2017.06.08-12.25.32:925][589]LogModuleManager: Shutting down and abandoning module ComponentVisualizers (352)
[2017.06.08-12.25.32:925][589]LogModuleManager: Shutting down and abandoning module DetailCustomizations (350)
[2017.06.08-12.25.32:925][589]LogModuleManager: Shutting down and abandoning module PackagesDialog (348)
[2017.06.08-12.25.32:925][589]LogModuleManager: Shutting down and abandoning module Persona (346)
[2017.06.08-12.25.32:925][589]LogModuleManager: Shutting down and abandoning module AnimGraph (345)
[2017.06.08-12.25.32:925][589]LogModuleManager: Shutting down and abandoning module Kismet (342)
[2017.06.08-12.25.32:925][589]LogModuleManager: Shutting down and abandoning module GraphEditor (340)
[2017.06.08-12.25.32:925][589]LogModuleManager: Shutting down and abandoning module ClassViewer (338)
[2017.06.08-12.25.32:926][589]LogModuleManager: Shutting down and abandoning module Toolbox (336)
[2017.06.08-12.25.32:926][589]LogModuleManager: Shutting down and abandoning module ModuleUI (334)
[2017.06.08-12.25.32:926][589]LogModuleManager: Shutting down and abandoning module MovieSceneTools (332)
[2017.06.08-12.25.32:926][589]LogModuleManager: Shutting down and abandoning module OutputLog (330)
[2017.06.08-12.25.32:926][589]LogModuleManager: Shutting down and abandoning module GammaUI (328)
[2017.06.08-12.25.32:926][589]LogModuleManager: Shutting down and abandoning module Documentation (326)
[2017.06.08-12.25.32:926][589]LogModuleManager: Shutting down and abandoning module Niagara (324)
[2017.06.08-12.25.32:926][589]LogModuleManager: Shutting down and abandoning module StreamingPauseRendering (322)
[2017.06.08-12.25.32:926][589]LogModuleManager: Shutting down and abandoning module PortalServices (320)
[2017.06.08-12.25.32:926][589]LogModuleManager: Shutting down and abandoning module PortalRpc (318)
[2017.06.08-12.25.32:926][589]LogModuleManager: Shutting down and abandoning module MessagingRpc (316)
[2017.06.08-12.25.32:926][589]LogModuleManager: Shutting down and abandoning module AIModule (314)
[2017.06.08-12.25.32:927][589]LogModuleManager: Shutting down and abandoning module GameplayDebugger (313)
[2017.06.08-12.25.32:927][589]LogModuleManager: Shutting down and abandoning module AITestSuite (311)
[2017.06.08-12.25.32:927][589]LogModuleManager: Shutting down and abandoning module ProfilerService (308)
[2017.06.08-12.25.32:976][589]LogModuleManager: Shutting down and abandoning module TaskGraph (306)
[2017.06.08-12.25.32:976][589]LogModuleManager: Shutting down and abandoning module SteamVRController (304)
[2017.06.08-12.25.32:976][589]LogModuleManager: Shutting down and abandoning module SteamVR (302)
[2017.06.08-12.25.32:976][589]LogModuleManager: Shutting down and abandoning module ProceduralMeshComponentEditor (300)
[2017.06.08-12.25.32:976][589]LogModuleManager: Shutting down and abandoning module ProceduralMeshComponent (298)
[2017.06.08-12.25.32:976][589]LogModuleManager: Shutting down and abandoning module OculusLibrary (296)
[2017.06.08-12.25.32:976][589]LogModuleManager: Shutting down and abandoning module OculusInput (294)
[2017.06.08-12.25.32:976][589]LogModuleManager: Shutting down and abandoning module MobilePatchingUtils (292)
[2017.06.08-12.25.32:976][589]LogModuleManager: Shutting down and abandoning module CustomMeshComponent (290)
[2017.06.08-12.25.32:976][589]LogModuleManager: Shutting down and abandoning module CableComponent (288)
[2017.06.08-12.25.32:976][589]LogModuleManager: Shutting down and abandoning module ArchVisCharacter (286)
[2017.06.08-12.25.32:976][589]LogModuleManager: Shutting down and abandoning module MediaPlayerEditor (282)
[2017.06.08-12.25.32:976][589]LogModuleManager: Shutting down and abandoning module HTML5Networking (280)
[2017.06.08-12.25.32:976][589]LogModuleManager: Shutting down and abandoning module AlembicImporter (278)
[2017.06.08-12.25.32:976][589]LogModuleManager: Shutting down and abandoning module AlembicLibrary (277)
[2017.06.08-12.25.32:977][589]LogModuleManager: Shutting down and abandoning module GeometryCache (276)
[2017.06.08-12.25.32:977][589]LogModuleManager: Shutting down and abandoning module GeometryCacheEd (275)
[2017.06.08-12.25.32:977][589]LogModuleManager: Shutting down and abandoning module SuperSearchEditor (270)
[2017.06.08-12.25.32:977][589]LogModuleManager: Shutting down and abandoning module SuperSearch (269)
[2017.06.08-12.25.32:977][589]LogModuleManager: Shutting down and abandoning module SpeedTreeImporter (266)
[2017.06.08-12.25.32:977][589]LogModuleManager: Shutting down and abandoning module PluginBrowser (264)
[2017.06.08-12.25.32:977][589]LogModuleManager: Shutting down and abandoning module MobileLauncherProfileWizard (262)
[2017.06.08-12.25.32:977][589]LogModuleManager: Shutting down and abandoning module EpicSurvey (260)
[2017.06.08-12.25.32:977][589]LogModuleManager: Shutting down and abandoning module VisualStudioSourceCodeAccess (258)
[2017.06.08-12.25.32:977][589]LogModuleManager: Shutting down and abandoning module DesktopPlatform (257)
[2017.06.08-12.25.32:977][589]LogModuleManager: Shutting down and abandoning module UObjectPlugin (254)
[2017.06.08-12.25.32:977][589]LogModuleManager: Shutting down and abandoning module SubversionSourceControl (252)
[2017.06.08-12.25.32:977][589]LogModuleManager: Shutting down and abandoning module PerforceSourceControl (250)
[2017.06.08-12.25.32:977][589]LogModuleManager: Shutting down and abandoning module GitSourceControl (248)
[2017.06.08-12.25.32:977][589]LogModuleManager: Shutting down and abandoning module SourceControl (247)
[2017.06.08-12.25.32:977][589]LogModuleManager: Shutting down and abandoning module LightPropagationVolumeEditor (244)
[2017.06.08-12.25.32:977][589]LogModuleManager: Shutting down and abandoning module PaperTiledImporter (242)
[2017.06.08-12.25.32:977][589]LogModuleManager: Shutting down and abandoning module PaperSpriteSheetImporter (240)
[2017.06.08-12.25.32:977][589]LogModuleManager: Shutting down and abandoning module Paper2DEditor (238)
[2017.06.08-12.25.32:977][589]LogModuleManager: Shutting down and abandoning module MeshPaint (237)
[2017.06.08-12.25.32:977][589]LogModuleManager: Shutting down and abandoning module LevelEditor (235)
[2017.06.08-12.25.32:977][589]LogModuleManager: Shutting down and abandoning module PixelInspectorModule (234)
[2017.06.08-12.25.32:977][589]LogModuleManager: Shutting down and abandoning module MainFrame (232)
[2017.06.08-12.25.32:977][589]LogModuleManager: Shutting down and abandoning module HotReload (231)
[2017.06.08-12.25.32:979][589]LogModuleManager: Shutting down and abandoning module ContentBrowser (227)
[2017.06.08-12.25.32:981][589]LogModuleManager: Shutting down and abandoning module Anerops (224)
[2017.06.08-12.25.32:981][589]LogModuleManager: Shutting down and abandoning module PhysXVehiclesEditor (222)
[2017.06.08-12.25.32:981][589]LogModuleManager: Shutting down and abandoning module PhysXVehicles (220)
[2017.06.08-12.25.32:981][589]LogModuleManager: Shutting down and abandoning module LocationServicesBPLibrary (218)
[2017.06.08-12.25.32:981][589]LogModuleManager: Shutting down and abandoning module UdpMessaging (216)
[2017.06.08-12.25.33:082][589]LogModuleManager: Shutting down and abandoning module TcpMessaging (214)
[2017.06.08-12.25.33:182][589]LogModuleManager: Shutting down and abandoning module GameplayTagsEditor (212)
[2017.06.08-12.25.33:182][589]LogModuleManager: Shutting down and abandoning module FacialAnimationEditor (210)
[2017.06.08-12.25.33:182][589]LogModuleManager: Shutting down and abandoning module FacialAnimation (208)
[2017.06.08-12.25.33:182][589]LogModuleManager: Shutting down and abandoning module LightPropagationVolumeRuntime (206)
[2017.06.08-12.25.33:182][589]LogModuleManager: Shutting down and abandoning module Paper2D (204)
[2017.06.08-12.25.33:182][589]LogModuleManager: Shutting down and abandoning module WindowsMoviePlayer (202)
[2017.06.08-12.25.33:182][589]LogModuleManager: Shutting down and abandoning module WmfMedia (200)
[2017.06.08-12.25.33:182][589]LogModuleManager: Shutting down and abandoning module MfMedia (198)
[2017.06.08-12.25.33:182][589]LogModuleManager: Shutting down and abandoning module MediaAssets (196)
[2017.06.08-12.25.33:182][589]LogModuleManager: Shutting down and abandoning module GameLiveStreaming (194)
[2017.06.08-12.25.33:182][589]LogModuleManager: Shutting down and abandoning module VREditor (192)
[2017.06.08-12.25.33:182][589]LogModuleManager: Shutting down and abandoning module GameplayTasksEditor (190)
[2017.06.08-12.25.33:182][589]LogModuleManager: Shutting down and abandoning module BehaviorTreeEditor (188)
[2017.06.08-12.25.33:182][589]LogModuleManager: Shutting down and abandoning module FunctionalTesting (186)
[2017.06.08-12.25.33:182][589]LogModuleManager: Shutting down and abandoning module CollisionAnalyzer (184)
[2017.06.08-12.25.33:182][589]LogModuleManager: Shutting down and abandoning module UMG (182)
[2017.06.08-12.25.33:183][589]LogModuleManager: Shutting down and abandoning module UMGEditor (181)
[2017.06.08-12.25.33:183][589]LogModuleManager: Shutting down and abandoning module Sequencer (180)
[2017.06.08-12.25.33:183][589]LogModuleManager: Shutting down and abandoning module AssetTools (178)
[2017.06.08-12.25.33:183][589]LogModuleManager: Shutting down and abandoning module MessageLog (177)
[2017.06.08-12.25.33:183][589]LogModuleManager: Shutting down and abandoning module WorkspaceMenuStructure (176)
[2017.06.08-12.25.33:183][589]LogModuleManager: Shutting down and abandoning module SlateReflector (170)
[2017.06.08-12.25.33:183][589]LogModuleManager: Shutting down and abandoning module Slate (168)
[2017.06.08-12.25.33:183][589]LogModuleManager: Shutting down and abandoning module EditorStyle (166)
[2017.06.08-12.25.33:189][589]LogModuleManager: Shutting down and abandoning module SourceCodeAccess (164)
[2017.06.08-12.25.33:189][589]LogModuleManager: Shutting down and abandoning module HeadMountedDisplay (162)
[2017.06.08-12.25.33:189][589]LogModuleManager: Shutting down and abandoning module XAudio2 (160)
[2017.06.08-12.25.33:189][589]LogModuleManager: Shutting down and abandoning module Networking (158)
[2017.06.08-12.25.33:190][589]LogModuleManager: Shutting down and abandoning module Core (154)
[2017.06.08-12.25.33:190][589]LogModuleManager: Shutting down and abandoning module AssetRegistry (152)
[2017.06.08-12.25.35:149][589]LogDirectoryWatcher: A directory notification for '../../../Engine/Content/' was aborted.
[2017.06.08-12.25.35:149][589]LogDirectoryWatcher: A directory notification for '../../../Engine/Plugins/2D/Paper2D/Content/' was aborted.
[2017.06.08-12.25.35:150][589]LogModuleManager: Shutting down and abandoning module DirectoryWatcher (151)
[2017.06.08-12.25.35:151][589]LogModuleManager: Shutting down and abandoning module KismetCompiler (148)
[2017.06.08-12.25.35:152][589]LogModuleManager: Shutting down and abandoning module PhysXFormats (146)
[2017.06.08-12.25.35:152][589]LogModuleManager: Shutting down and abandoning module MeshUtilities (144)
[2017.06.08-12.25.35:152][589]LogModuleManager: Shutting down and abandoning module SimplygonSwarm (143)
[2017.06.08-12.25.35:152][589]LogModuleManager: Shutting down and abandoning module SimplygonMeshReduction (141)
[2017.06.08-12.25.35:152][589]LogModuleManager: Shutting down and abandoning module QuadricMeshReduction (139)
[2017.06.08-12.25.35:152][589]LogModuleManager: Shutting down and abandoning module PropertyEditor (137)
[2017.06.08-12.25.35:152][589]LogModuleManager: Shutting down and abandoning module DerivedDataCache (134)
[2017.06.08-12.25.35:249][589]LogDerivedDataCache: Shutdown
[2017.06.08-12.25.35:249][589]LogModuleManager: Shutting down and abandoning module TargetPlatform (132)
[2017.06.08-12.25.35:249][589]LogModuleManager: Shutting down and abandoning module VulkanShaderFormat (131)
[2017.06.08-12.25.35:249][589]LogModuleManager: Shutting down and abandoning module ShaderFormatOpenGL (129)
[2017.06.08-12.25.35:249][589]LogModuleManager: Shutting down and abandoning module ShaderFormatD3D (127)
[2017.06.08-12.25.35:249][589]LogModuleManager: Shutting down and abandoning module MetalShaderFormat (125)
[2017.06.08-12.25.35:249][589]LogModuleManager: Shutting down and abandoning module TextureFormatUncompressed (123)
[2017.06.08-12.25.35:249][589]LogModuleManager: Shutting down and abandoning module TextureFormatPVR (121)
[2017.06.08-12.25.35:249][589]LogModuleManager: Shutting down and abandoning module TextureFormatDXT (119)
[2017.06.08-12.25.35:249][589]LogModuleManager: Shutting down and abandoning module TextureFormatIntelISPCTexComp (117)
[2017.06.08-12.25.35:249][589]LogModuleManager: Shutting down and abandoning module TextureFormatASTC (115)
[2017.06.08-12.25.35:249][589]LogModuleManager: Shutting down and abandoning module ImageWrapper (114)
[2017.06.08-12.25.35:249][589]LogModuleManager: Shutting down and abandoning module TextureFormatAndroid (111)
[2017.06.08-12.25.35:249][589]LogModuleManager: Shutting down and abandoning module AudioFormatOpus (109)
[2017.06.08-12.25.35:249][589]LogModuleManager: Shutting down and abandoning module AudioFormatOgg (107)
[2017.06.08-12.25.35:249][589]LogModuleManager: Shutting down and abandoning module AudioFormatADPCM (105)
[2017.06.08-12.25.35:250][589]LogModuleManager: Shutting down and abandoning module LinuxTargetPlatform (103)
[2017.06.08-12.25.35:250][589]LogModuleManager: Shutting down and abandoning module LinuxServerTargetPlatform (101)
[2017.06.08-12.25.35:250][589]LogModuleManager: Shutting down and abandoning module LinuxNoEditorTargetPlatform (99)
[2017.06.08-12.25.35:250][589]LogModuleManager: Shutting down and abandoning module LinuxClientTargetPlatform (97)
[2017.06.08-12.25.35:250][589]LogModuleManager: Shutting down and abandoning module TVOSTargetPlatform (95)
[2017.06.08-12.25.35:250][589]LogModuleManager: Shutting down and abandoning module Messaging (93)
[2017.06.08-12.25.35:250][589]LogModuleManager: Shutting down and abandoning module IOSTargetPlatform (91)
[2017.06.08-12.25.35:250][589]LogModuleManager: Shutting down and abandoning module HTML5TargetPlatform (89)
[2017.06.08-12.25.35:250][589]LogModuleManager: Shutting down and abandoning module Android_PVRTCTargetPlatform (87)
[2017.06.08-12.25.35:250][589]LogModuleManager: Shutting down and abandoning module Android_MultiTargetPlatform (85)
[2017.06.08-12.25.35:250][589]LogModuleManager: Shutting down and abandoning module Android_ETC2TargetPlatform (83)
[2017.06.08-12.25.35:250][589]LogModuleManager: Shutting down and abandoning module Android_ETC1TargetPlatform (81)
[2017.06.08-12.25.35:250][589]LogModuleManager: Shutting down and abandoning module Android_DXTTargetPlatform (79)
[2017.06.08-12.25.35:250][589]LogModuleManager: Shutting down and abandoning module Android_ATCTargetPlatform (77)
[2017.06.08-12.25.35:250][589]LogModuleManager: Shutting down and abandoning module Android_ASTCTargetPlatform (75)
[2017.06.08-12.25.35:250][589]LogModuleManager: Shutting down and abandoning module AndroidTargetPlatform (73)
[2017.06.08-12.25.35:250][589]LogModuleManager: Shutting down and abandoning module WindowsTargetPlatform (71)
[2017.06.08-12.25.35:250][589]LogModuleManager: Shutting down and abandoning module WindowsServerTargetPlatform (69)
[2017.06.08-12.25.35:250][589]LogModuleManager: Shutting down and abandoning module WindowsNoEditorTargetPlatform (67)
[2017.06.08-12.25.35:250][589]LogModuleManager: Shutting down and abandoning module WindowsClientTargetPlatform (65)
[2017.06.08-12.25.35:250][589]LogModuleManager: Shutting down and abandoning module MacTargetPlatform (63)
[2017.06.08-12.25.35:250][589]LogModuleManager: Shutting down and abandoning module MacServerTargetPlatform (61)
[2017.06.08-12.25.35:250][589]LogModuleManager: Shutting down and abandoning module MacNoEditorTargetPlatform (59)
[2017.06.08-12.25.35:250][589]LogModuleManager: Shutting down and abandoning module MacClientTargetPlatform (57)
[2017.06.08-12.25.35:250][589]LogModuleManager: Shutting down and abandoning module AllDesktopTargetPlatform (55)
[2017.06.08-12.25.35:250][589]LogModuleManager: Shutting down and abandoning module InputCore (52)
[2017.06.08-12.25.35:250][589]LogModuleManager: Shutting down and abandoning module Settings (50)
[2017.06.08-12.25.35:251][589]LogModuleManager: Shutting down and abandoning module OculusRift (48)
[2017.06.08-12.25.35:251][589]LogModuleManager: Shutting down and abandoning module GearVR (46)
[2017.06.08-12.25.35:251][589]LogModuleManager: Shutting down and abandoning module ExampleDeviceProfileSelector (44)
[2017.06.08-12.25.35:251][589]LogModuleManager: Shutting down and abandoning module OnlineBlueprintSupport (42)
[2017.06.08-12.25.35:251][589]LogModuleManager: Shutting down and abandoning module OnlineSubsystem (38)
[2017.06.08-12.25.35:251][589]LogOnline:Display: Unloading online subsystem: NULL
[2017.06.08-12.25.35:251][589]LogModuleManager: Shutting down and abandoning module XMPP (37)
[2017.06.08-12.25.35:251][589]LogModuleManager: Shutting down and abandoning module HTTP (35)
[2017.06.08-12.25.35:265][589]LogModuleManager: Shutting down and abandoning module SSL (34)
[2017.06.08-12.25.35:269][589]LogModuleManager: Shutting down and abandoning module AudioEditor (30)
[2017.06.08-12.25.35:269][589]LogModuleManager: Shutting down and abandoning module TextureCompressor (28)
[2017.06.08-12.25.35:270][589]LogModuleManager: Shutting down and abandoning module ShaderCore (26)
[2017.06.08-12.25.35:270][589]LogModuleManager: Shutting down and abandoning module Landscape (24)
[2017.06.08-12.25.35:270][589]LogModuleManager: Shutting down and abandoning module SlateRHIRenderer (22)
[2017.06.08-12.25.35:278][589]LogModuleManager: Shutting down and abandoning module OpenGLDrv (20)
[2017.06.08-12.25.35:278][589]LogModuleManager: Shutting down and abandoning module D3D11RHI (18)
[2017.06.08-12.25.35:278][589]LogModuleManager: Shutting down and abandoning module AnimGraphRuntime (16)
[2017.06.08-12.25.35:278][589]LogModuleManager: Shutting down and abandoning module Renderer (14)
[2017.06.08-12.25.35:278][589]LogModuleManager: Shutting down and abandoning module Engine (12)
[2017.06.08-12.25.35:278][589]LogModuleManager: Shutting down and abandoning module CoreUObject (10)
[2017.06.08-12.25.35:278][589]LogModuleManager: Shutting down and abandoning module NetworkFile (8)
[2017.06.08-12.25.35:278][589]LogModuleManager: Shutting down and abandoning module StreamingFile (6)
[2017.06.08-12.25.35:278][589]LogModuleManager: Shutting down and abandoning module SandboxFile (4)
[2017.06.08-12.25.35:278][589]LogModuleManager: Shutting down and abandoning module PakFile (2)
[2017.06.08-12.25.35:282][589]LogExit: Exiting.
[2017.06.08-12.25.35:324][589]Log file closed, 06/08/17 14:25:35
