Log file open, 05/29/17 15:53:49
LogInit:Display: Running engine for game: Anerops
LogPlatformFile: Not using cached read wrapper
LogInit:Display: RandInit(1118621377) SRandInit(1118621377).
LogTaskGraph: Started task graph with 5 named threads and 6 total threads with 1 sets of task threads.
LogStats: Stats thread started at 0.095206
LogInit: Using libcurl 7.47.1
LogInit:  - built for x86_64-pc-win32
LogInit:  - supports SSL with OpenSSL/1.0.2g
LogInit:  - supports HTTP deflate (compression) using libz 1.2.8
LogInit:  - other features:
LogInit:      CURL_VERSION_SSL
LogInit:      CURL_VERSION_LIBZ
LogInit:      CURL_VERSION_IPV6
LogInit:      CURL_VERSION_ASYNCHDNS
LogInit:      CURL_VERSION_LARGEFILE
LogInit:      CURL_VERSION_IDN
LogInit:  CurlRequestOptions (configurable via config and command line):
LogInit:  - bVerifyPeer = false  - Libcurl will NOT verify peer certificate
LogInit:  - bUseHttpProxy = false  - Libcurl will NOT use HTTP proxy
LogInit:  - bDontReuseConnections = false  - Libcurl will reuse connections
LogInit:  - CertBundlePath = nullptr  - Libcurl will use whatever was configured at build time.
LogInit: Build: ++UE4+Release-4.15-CL-3416026
LogInit: Engine Version: 4.15.2-3416026+++UE4+Release-4.15
LogInit: Compatible Engine Version: 4.15.0-3299760+++UE4+Release-4.15
LogInit: Net CL: 3299760
LogDevObjectVersion: Number of dev versions registered: 14
LogDevObjectVersion:   Dev-Blueprints (B0D832E4-1F89-4F0D-ACCF-7EB736FD4AA2): 8
LogDevObjectVersion:   Dev-Build (E1C64328-A22C-4D53-A36C-8E866417BD8C): 0
LogDevObjectVersion:   Dev-Core (375EC13C-06E4-48FB-B500-84F0262A717E): 2
LogDevObjectVersion:   Dev-Editor (E4B068ED-F494-42E9-A231-DA0B2E46BB41): 14
LogDevObjectVersion:   Dev-Framework (CFFC743F-43B0-4480-9391-14DF171D2073): 22
LogDevObjectVersion:   Dev-Mobile (B02B49B5-BB20-44E9-A304-32B752E40360): 0
LogDevObjectVersion:   Dev-Networking (A4E4105C-59A1-49B5-A7C5-40C4547EDFEE): 0
LogDevObjectVersion:   Dev-Online (39C831C9-5AE6-47DC-9A44-9C173E1C8E7C): 0
LogDevObjectVersion:   Dev-Physics (78F01B33-EBEA-4F98-B9B4-84EACCB95AA2): 0
LogDevObjectVersion:   Dev-Platform (6631380F-2D4D-43E0-8009-CF276956A95A): 0
LogDevObjectVersion:   Dev-Rendering (12F88B9F-8875-4AFC-A67C-D90C383ABD29): 12
LogDevObjectVersion:   Dev-Sequencer (7B5AE74C-D270-4C10-A958-57980B212A5A): 3
LogDevObjectVersion:   Dev-VR (D7296918-1DD6-4BDD-9DE2-64A83CC13884): 0
LogDevObjectVersion:   Dev-LoadTimes (C2A15278-BFE7-4AFE-6C17-90FF531DF755): 1
LogInit: Compiled (64-bit): May  1 2017 13:11:28
LogInit: Compiled with Visual C++: 19.00.23026.00
LogInit: Build Configuration: Development
LogInit: Branch Name: ++UE4+Release-4.15
LogInit: Command line:  
LogInit: Base directory: C:/Program Files/Epic Games/UE_4.15/Engine/Binaries/Win64/
LogInit: Installed Engine Build: 1
LogInit: Presizing for max 8388607 objects, including 0 objects not considered by GC, pre-allocating 0 bytes for permanent pool.
LogInit: Object subsystem initialized
[2017.05.29-13.53.50:873][  0]LogInit: Selected Device Profile: [Windows]
[2017.05.29-13.53.50:873][  0]LogInit: Applying CVar settings loaded from the selected device profile: [Windows]
[2017.05.29-13.53.50:919][  0]LogInit: Computer: AIF-OP-WINKTIM
[2017.05.29-13.53.50:919][  0]LogInit: User: winktim
[2017.05.29-13.53.50:919][  0]LogInit: CPU Page size=65536, Cores=2
[2017.05.29-13.53.50:919][  0]LogInit: High frequency timer resolution =2.533210 MHz
[2017.05.29-13.53.50:920][  0]LogMemory: Memory total: Physical=7.9GB (8GB approx)
[2017.05.29-13.53.50:920][  0]LogMemory: Platform Memory Stats for Windows
[2017.05.29-13.53.50:920][  0]LogMemory: Process Physical Memory: 262.09 MB used, 262.09 MB peak
[2017.05.29-13.53.50:920][  0]LogMemory: Process Virtual Memory: 262.13 MB used, 262.13 MB peak
[2017.05.29-13.53.50:920][  0]LogMemory: Physical Memory: 4440.98 MB used,  3632.11 MB free, 8073.09 MB total
[2017.05.29-13.53.50:920][  0]LogMemory: Virtual Memory: 643.34 MB used,  3632.11 MB free, 134217728.00 MB total
[2017.05.29-13.53.51:133][  0]LogTextLocalizationManager: No translations for ('fr-CH') exist, falling back to 'en' for localization and internationalization data.
[2017.05.29-13.53.54:823][  0]LogD3D11RHI: D3D11 adapters:
[2017.05.29-13.53.54:840][  0]LogD3D11RHI:    0. 'Intel(R) HD Graphics 4600' (Feature Level 11_0)
[2017.05.29-13.53.54:840][  0]LogD3D11RHI:       112/0/4036 MB DedicatedVideo/DedicatedSystem/SharedSystem, Outputs:2, VendorId:0x8086
[2017.05.29-13.53.54:846][  0]LogD3D11RHI:    1. 'Microsoft Basic Render Driver' (Feature Level 11_0)
[2017.05.29-13.53.54:846][  0]LogD3D11RHI:       0/0/4036 MB DedicatedVideo/DedicatedSystem/SharedSystem, Outputs:0, VendorId:0x1414
[2017.05.29-13.53.54:846][  0]LogD3D11RHI: Chosen D3D11 Adapter: 0
[2017.05.29-13.53.54:851][  0]LogD3D11RHI: Creating new Direct3DDevice
[2017.05.29-13.53.54:851][  0]LogD3D11RHI:     GPU DeviceId: 0x416 (for the marketing name, search the web for "GPU Device Id")
[2017.05.29-13.53.54:851][  0]LogWindows: EnumDisplayDevices:
[2017.05.29-13.53.54:851][  0]LogWindows:    0. 'Intel(R) HD Graphics 4600' (P:0 D:1)
[2017.05.29-13.53.54:851][  0]LogWindows:    1. 'Intel(R) HD Graphics 4600' (P:1 D:1)
[2017.05.29-13.53.54:851][  0]LogWindows:    2. 'Intel(R) HD Graphics 4600' (P:0 D:0)
[2017.05.29-13.53.54:851][  0]LogWindows: DebugString: FoundDriverCount:3 
[2017.05.29-13.53.54:851][  0]LogD3D11RHI:     Adapter Name: Intel(R) HD Graphics 4600
[2017.05.29-13.53.54:851][  0]LogD3D11RHI:   Driver Version: 10.18.15.4268 (internal:10.18.15.4268, unified:10.18.15.4268)
[2017.05.29-13.53.54:851][  0]LogD3D11RHI:      Driver Date: 8-5-2015
[2017.05.29-13.53.54:851][  0]LogRHI: Texture pool is 1361 MB (70% of 1945 MB)
[2017.05.29-13.53.54:865][  0]LogD3D11RHI: Async texture creation enabled
[2017.05.29-13.53.54:869][  0]LogD3D11RHI: GPU Timing Frequency: 12.500000 (Debug: 2 0)
[2017.05.29-13.53.54:869][  0]LogShaderCompilers: Guid format shader working directory is 3 characters bigger than the processId version (//AIF-OP-WINKTIM/5_local-Tim/2_projets/Anerops/Intermediate/Shaders/WorkingDirectory/528/).
[2017.05.29-13.53.54:869][  0]LogShaderCompilers: Cleaned the shader compiler working directory 'C:/Users/winktim/AppData/Local/Temp/UnrealShaderWorkingDir/8200358542C0DF0E247312A785D3197E/'.
[2017.05.29-13.53.54:869][  0]LogShaderCompilers:Display: Using Local Shader Compiler.
[2017.05.29-13.53.57:700][  0]LogTemp:Display: Loaded TP AllDesktopTargetPlatform
[2017.05.29-13.53.57:920][  0]LogTemp:Display: Loaded TP MacClientTargetPlatform
[2017.05.29-13.53.58:140][  0]LogTemp:Display: Loaded TP MacNoEditorTargetPlatform
[2017.05.29-13.53.58:373][  0]LogTemp:Display: Loaded TP MacServerTargetPlatform
[2017.05.29-13.53.58:607][  0]LogTemp:Display: Loaded TP MacTargetPlatform
[2017.05.29-13.53.58:838][  0]LogTemp:Display: Loaded TP WindowsClientTargetPlatform
[2017.05.29-13.53.59:061][  0]LogTemp:Display: Loaded TP WindowsNoEditorTargetPlatform
[2017.05.29-13.53.59:284][  0]LogTemp:Display: Loaded TP WindowsServerTargetPlatform
[2017.05.29-13.53.59:498][  0]LogTemp:Display: Loaded TP WindowsTargetPlatform
[2017.05.29-13.53.59:734][  0]LogTemp:Display: Loaded TP AndroidTargetPlatform
[2017.05.29-13.53.59:956][  0]LogTemp:Display: Loaded TP Android_ASTCTargetPlatform
[2017.05.29-13.54.00:183][  0]LogTemp:Display: Loaded TP Android_ATCTargetPlatform
[2017.05.29-13.54.00:409][  0]LogTemp:Display: Loaded TP Android_DXTTargetPlatform
[2017.05.29-13.54.00:631][  0]LogTemp:Display: Loaded TP Android_ETC1TargetPlatform
[2017.05.29-13.54.00:855][  0]LogTemp:Display: Loaded TP Android_ETC2TargetPlatform
[2017.05.29-13.54.01:301][  0]LogTemp:Display: Loaded TP Android_MultiTargetPlatform
[2017.05.29-13.54.01:301][  0]LogTemp:Display: Loaded TP Android_PVRTCTargetPlatform
[2017.05.29-13.54.01:503][  0]LogTemp:Display: Loaded TP HTML5TargetPlatform
[2017.05.29-13.54.01:806][  0]LogTemp:Display: Loaded TP IOSTargetPlatform
[2017.05.29-13.54.01:867][  0]LogTemp:Display: Loaded TP TVOSTargetPlatform
[2017.05.29-13.54.02:085][  0]LogTemp:Display: Loaded TP LinuxClientTargetPlatform
[2017.05.29-13.54.02:307][  0]LogTemp:Display: Loaded TP LinuxNoEditorTargetPlatform
[2017.05.29-13.54.02:528][  0]LogTemp:Display: Loaded TP LinuxServerTargetPlatform
[2017.05.29-13.54.02:762][  0]LogTemp:Display: Loaded TP LinuxTargetPlatform
[2017.05.29-13.54.02:763][  0]LogTargetPlatformManager:Display: Building Assets For Windows
[2017.05.29-13.54.03:987][  0]LogDerivedDataCache:Display: Max Cache Size: 512 MB
[2017.05.29-13.54.04:041][  0]LogDerivedDataCache: Loaded boot cache 0.05s 50MB C:/Users/winktim/AppData/Local/UnrealEngine/4.15/DerivedDataCache/Boot.ddc.
[2017.05.29-13.54.04:042][  0]LogDerivedDataCache:Display: Loaded Boot cache: C:/Users/winktim/AppData/Local/UnrealEngine/4.15/DerivedDataCache/Boot.ddc
[2017.05.29-13.54.04:042][  0]LogDerivedDataCache: FDerivedDataBackendGraph:  Pak pak cache file //AIF-OP-WINKTIM/5_local-Tim/2_projets/Anerops/DerivedDataCache/DDC.ddp not found, will not use a pak cache.
[2017.05.29-13.54.04:042][  0]LogDerivedDataCache: Unable to find inner node Pak for hierarchical cache Hierarchy.
[2017.05.29-13.54.04:042][  0]LogDerivedDataCache: FDerivedDataBackendGraph:  CompressedPak pak cache file //AIF-OP-WINKTIM/5_local-Tim/2_projets/Anerops/DerivedDataCache/Compressed.ddp not found, will not use a pak cache.
[2017.05.29-13.54.04:042][  0]LogDerivedDataCache: Unable to find inner node CompressedPak for hierarchical cache Hierarchy.
[2017.05.29-13.54.04:065][  0]LogDerivedDataCache:Display: Pak cache opened for reading ../../../Engine/DerivedDataCache/Compressed.ddp.
[2017.05.29-13.54.04:083][  0]LogDerivedDataCache: Using Local data cache path C:/Users/winktim/AppData/Local/UnrealEngine/Common/DerivedDataCache: Writable
[2017.05.29-13.54.04:093][  0]LogSlate: Using Freetype 2.6.0
[2017.05.29-13.54.04:105][  0]LogSlate: SlateFontCache - WITH_FREETYPE: 1, WITH_HARFBUZZ: 1
[2017.05.29-13.54.04:105][  0]LogSlate: SlateFontCache - WITH_FREETYPE: 1, WITH_HARFBUZZ: 1
[2017.05.29-13.54.05:421][  0]LogInit: Selected Device Profile: [Windows]
[2017.05.29-13.54.05:424][  0]LogContentStreaming: Texture pool size is 0.00 MB
[2017.05.29-13.54.06:029][  0]LogMeshUtilities: Using QuadricMeshReduction for automatic static mesh reduction
[2017.05.29-13.54.06:246][  0]LogSimplygon: Simplygon DLL not present - disabling.
[2017.05.29-13.54.06:461][  0]LogMeshUtilities: Using SimplygonSwarm for distributed automatic mesh merging
[2017.05.29-13.54.06:461][  0]LogMeshUtilities: No automatic skeletal mesh reduction module available
[2017.05.29-13.54.06:461][  0]LogMeshUtilities: No automatic mesh merging module available
[2017.05.29-13.54.07:999][  0]LogNetVersion: GetLocalNetworkVersion: CL: 3299760, ProjectName: anerops, ProjectVersion: , EngineNetworkVersion: 2, GameNetworkVersion: 0, NetworkChecksum: 2578489181
[2017.05.29-13.54.08:068][  0]LogAssetRegistry: FAssetRegistry took 0.0218 seconds to start up
[2017.05.29-13.54.08:192][  0]LogPackageLocalizationCache: Processed 3 localized package path(s) for 1 prioritized culture(s) in 0.079552 seconds
[2017.05.29-13.54.08:200][  0]LogUObjectArray: 32493 objects as part of root set at end of initial load.
[2017.05.29-13.54.08:200][  0]LogUObjectAllocator: 7077032 out of 0 bytes used by permanent object pool.
[2017.05.29-13.54.08:200][  0]LogUObjectArray: CloseDisregardForGC: 0/0 objects in disregard for GC pool
[2017.05.29-13.54.08:317][  0]LogInit: WinSock: version 1.1 (2.2), MaxSocks=32767, MaxUdp=65467
[2017.05.29-13.54.18:529][  0]LogTcpMessaging: Initializing TcpMessaging bridge
[2017.05.29-13.54.18:601][  0]LogUdpMessaging: Initializing bridge on interface 0.0.0.0:0 to multicast group 230.0.0.1:6666.
[2017.05.29-13.54.18:603][  0]LogDirectoryWatcher: A directory notification failed for '//AIF-OP-WINKTIM/5_local-Tim/2_projets/Anerops/Content/' because it was empty or there was a buffer overflow. Attemping another request...
[2017.05.29-13.54.18:604][  0]LogDirectoryWatcher: A directory notification failed for '//AIF-OP-WINKTIM/5_local-Tim/2_projets/Anerops/Content/' because it was empty or there was a buffer overflow. Attemping another request...
[2017.05.29-13.54.18:604][  0]LogDirectoryWatcher: A directory notification failed for '//AIF-OP-WINKTIM/5_local-Tim/2_projets/Anerops/Content/', and we were unable to create a new request.
[2017.05.29-13.54.20:864][  0]LogMaterial: Uniform references updated for custom material expression Custom.
[2017.05.29-13.54.22:552][  0]SourceControl: Info Source control is disabled
[2017.05.29-13.54.22:729][  0]SourceControl: Info Source control is disabled
[2017.05.29-13.54.22:946][  0]SourceControl: Info Source control is disabled
[2017.05.29-13.54.23:166][  0]SourceControl: Info Source control is disabled
[2017.05.29-13.54.28:583][  0]LogEngine: Initializing Engine...
[2017.05.29-13.54.28:587][  0]LogHMD: Failed to initialize OpenVR with code 110
[2017.05.29-13.54.28:838][  0]LogStats: UGameplayTagsManager::ConstructGameplayTagTree: Construct from data asset -  0.000 s
[2017.05.29-13.54.28:838][  0]LogStats: UGameplayTagsManager::ConstructGameplayTagTree: GameplayTagTreeChangedEvent.Broadcast -  0.000 s
[2017.05.29-13.54.29:456][  0]LogAIModule: Creating AISystem for world Untitled
[2017.05.29-13.54.29:465][  0]LogInit: No audio devices found!
[2017.05.29-13.54.29:496][  0]LogDerivedDataCache: Saved boot cache 0.03s 50MB C:/Users/winktim/AppData/Local/UnrealEngine/4.15/DerivedDataCache/Boot.ddc.
[2017.05.29-13.54.29:522][  0]LogInit: Texture streaming: Enabled
[2017.05.29-13.54.30:069][  0]LogInit: Transaction tracking system initialized
[2017.05.29-13.54.31:743][  0]BlueprintLog: New page: Editor Load
[2017.05.29-13.54.35:639][  0]LocalizationService: Info Localization service is disabled
[2017.05.29-13.54.38:931][  0]LogConsoleResponse:Display: 
[2017.05.29-13.54.39:346][  0]LogCook:Display: Max memory allowance for cook 16384mb min free memory 0mb
[2017.05.29-13.54.39:346][  0]LogCook:Display: Mobile HDR setting 1
[2017.05.29-13.54.40:441][  0]LogFileCache: Scanning file cache for directory '//AIF-OP-WINKTIM/5_local-Tim/2_projets/Anerops/Content/' took 0.02s
[2017.05.29-13.54.43:596][  0]SourceControl: Info Source control is disabled
[2017.05.29-13.54.43:596][  0]Cmd: MAP LOAD FILE="../../../Engine/Content/Maps/Templates/Template_Default.umap" TEMPLATE=1 SHOWPROGRESS=1 FEATURELEVEL=3
[2017.05.29-13.54.43:600][  0]LightingResults: New page: Lighting Build
[2017.05.29-13.54.43:805][  0]MapCheck: New page: Map Check
[2017.05.29-13.54.43:805][  0]LightingResults: New page: Lighting Build
[2017.05.29-13.54.44:061][  0]LogAIModule: Creating AISystem for world Untitled_1
[2017.05.29-13.54.44:082][  0]LogActorComponent: RegisterComponentWithWorld: (/Temp/Untitled_1.Untitled_1:PersistentLevel.WorldSettings_1.StaticMeshComponent0) Trying to register component with IsPendingKill() == true. Aborting.
[2017.05.29-13.54.44:096][  0]LogEditorServer: Finished looking for orphan Actors (0.000 secs)
[2017.05.29-13.54.44:103][  0]Cmd: MAP CHECKDEP NOCLEARLOG
[2017.05.29-13.54.44:622][  0]MapCheck: Info Map check complete: 0 Error(s), 0 Warning(s), took 519.343ms to complete.
[2017.05.29-13.54.44:623][  0]LogFileHelpers: Loading map 'Template_Default' took 1.027
[2017.05.29-13.54.44:869][  0]LogCollectionManager: Loaded 0 collections in 0.005005 seconds
[2017.05.29-13.54.45:128][  0]LogFileCache: Scanning file cache for directory '//AIF-OP-WINKTIM/5_local-Tim/2_projets/Anerops/Saved/Collections/' took 0.01s
[2017.05.29-13.54.45:128][  0]LogFileCache: Scanning file cache for directory '//AIF-OP-WINKTIM/5_local-Tim/2_projets/Anerops/Content/Developers/winktim/Collections/' took 0.01s
[2017.05.29-13.54.45:128][  0]LogFileCache: Scanning file cache for directory '//AIF-OP-WINKTIM/5_local-Tim/2_projets/Anerops/Content/Collections/' took 0.01s
[2017.05.29-13.54.45:128][  0]LogCollectionManager: Rebuilt the GUID cache for 0 collections in 0.000002 seconds
[2017.05.29-13.54.45:156][  0]LogContentBrowser: Native class hierarchy populated in 0.0278 seconds. Added 2247 classes and 455 folders.
[2017.05.29-13.54.45:425][  0]LogContentBrowser: Native class hierarchy updated for 'WidgetCarousel' in 0.0197 seconds. Added 0 classes and 0 folders.
[2017.05.29-13.54.45:815][  0]LogContentBrowser: Native class hierarchy updated for 'AddContentDialog' in 0.0192 seconds. Added 0 classes and 0 folders.
[2017.05.29-13.54.46:036][  0]LogContentBrowser: Native class hierarchy updated for 'SceneOutliner' in 0.0190 seconds. Added 1 classes and 2 folders.
[2017.05.29-13.54.46:117][  0]LogCrashTracker: Crashtracker disabled due to settings.
[2017.05.29-13.54.46:123][  0]LogUObjectGlobals:Warning: Failed to find object 'Class None.'
[2017.05.29-13.54.46:373][  0]LogContentBrowser: Native class hierarchy updated for 'HierarchicalLODOutliner' in 0.0197 seconds. Added 1 classes and 2 folders.
[2017.05.29-13.54.46:373][  0]LogLoad: (Engine Initialization) Total time: 60.64 seconds
[2017.05.29-13.54.46:373][  0]LogLoad: (Engine Initialization) Total Blueprint compile time: 0.28 seconds
[2017.05.29-13.54.46:373][  0]LogExternalProfiler: No external profilers were discovered.  External profiling features will not be available.
[2017.05.29-13.54.46:391][  0]LogOcInput: OculusInput pre-init called
[2017.05.29-13.54.46:407][  0]LogDirectoryWatcher: A directory notification failed for '//AIF-OP-WINKTIM/5_local-Tim/2_projets/Anerops/Binaries/Win64' because it was empty or there was a buffer overflow. Attemping another request...
[2017.05.29-13.54.46:407][  0]LogDirectoryWatcher: A directory notification failed for '//AIF-OP-WINKTIM/5_local-Tim/2_projets/Anerops/Saved/Collections/' because it was empty or there was a buffer overflow. Attemping another request...
[2017.05.29-13.54.46:407][  0]LogDirectoryWatcher: A directory notification failed for '//AIF-OP-WINKTIM/5_local-Tim/2_projets/Anerops/Content/Developers/winktim/Collections/' because it was empty or there was a buffer overflow. Attemping another request...
[2017.05.29-13.54.46:407][  0]LogDirectoryWatcher: A directory notification failed for '//AIF-OP-WINKTIM/5_local-Tim/2_projets/Anerops/Content/Collections/' because it was empty or there was a buffer overflow. Attemping another request...
[2017.05.29-13.54.46:407][  0]LogDirectoryWatcher: A directory notification failed for '//AIF-OP-WINKTIM/5_local-Tim/2_projets/Anerops/Binaries/Win64' because it was empty or there was a buffer overflow. Attemping another request...
[2017.05.29-13.54.46:408][  0]LogDirectoryWatcher: A directory notification failed for '//AIF-OP-WINKTIM/5_local-Tim/2_projets/Anerops/Binaries/Win64', and we were unable to create a new request.
[2017.05.29-13.54.46:408][  0]LogDirectoryWatcher: A directory notification failed for '//AIF-OP-WINKTIM/5_local-Tim/2_projets/Anerops/Saved/Collections/' because it was empty or there was a buffer overflow. Attemping another request...
[2017.05.29-13.54.46:408][  0]LogDirectoryWatcher: A directory notification failed for '//AIF-OP-WINKTIM/5_local-Tim/2_projets/Anerops/Saved/Collections/', and we were unable to create a new request.
[2017.05.29-13.54.46:408][  0]LogDirectoryWatcher: A directory notification failed for '//AIF-OP-WINKTIM/5_local-Tim/2_projets/Anerops/Content/Developers/winktim/Collections/' because it was empty or there was a buffer overflow. Attemping another request...
[2017.05.29-13.54.46:409][  0]LogDirectoryWatcher: A directory notification failed for '//AIF-OP-WINKTIM/5_local-Tim/2_projets/Anerops/Content/Developers/winktim/Collections/', and we were unable to create a new request.
[2017.05.29-13.54.46:409][  0]LogDirectoryWatcher: A directory notification failed for '//AIF-OP-WINKTIM/5_local-Tim/2_projets/Anerops/Content/Collections/' because it was empty or there was a buffer overflow. Attemping another request...
[2017.05.29-13.54.46:409][  0]LogDirectoryWatcher: A directory notification failed for '//AIF-OP-WINKTIM/5_local-Tim/2_projets/Anerops/Content/Collections/', and we were unable to create a new request.
[2017.05.29-13.54.46:412][  0]LogContentStreaming: Texture pool size now 400 MB
[2017.05.29-13.54.46:416][  0]LogSlate: Took 0.003891 seconds to synchronously load lazily loaded font '../../../Engine/Content/Slate/Fonts/Roboto-Regular.ttf' (155K)
[2017.05.29-13.54.46:424][  0]LogSlate: Took 0.003619 seconds to synchronously load lazily loaded font '../../../Engine/Content/Slate/Fonts/Roboto-Bold.ttf' (160K)
[2017.05.29-13.54.46:433][  0]LogSlate: Took 0.003924 seconds to synchronously load lazily loaded font '../../../Engine/Content/Editor/Slate/Fonts/FontAwesome.ttf' (139K)
[2017.05.29-13.54.46:619][  0]LogRenderer: Reallocating scene render targets to support 1208x580 NumSamples 1 (Frame:2).
[2017.05.29-13.54.46:881][  1]LogAssetRegistry: Asset discovery search completed in 38.8346 seconds
[2017.05.29-13.54.46:881][  1]LogCollectionManager: Rebuilt the object cache for 0 collections in 0.000005 seconds (found 0 objects)
[2017.05.29-13.54.46:881][  1]LogCollectionManager: Fixed up redirectors for 0 collections in 0.000021 seconds (updated 0 objects)
[2017.05.29-13.56.02:507][188]Cmd: MAP LOAD FILE="//AIF-OP-WINKTIM/5_local-Tim/2_projets/Anerops/Content/MainMap.umap" TEMPLATE=0 SHOWPROGRESS=1 FEATURELEVEL=3
[2017.05.29-13.56.02:523][188]LogSlate: Took 0.003405 seconds to synchronously load lazily loaded font '../../../Engine/Content/Slate/Fonts/Roboto-Light.ttf' (159K)
[2017.05.29-13.56.02:557][188]LightingResults: New page: Lighting Build
[2017.05.29-13.56.02:559][188]LoadErrors: New page: Loading map: MainMap.umap
[2017.05.29-13.56.02:560][188]MapCheck: New page: Map Check
[2017.05.29-13.56.02:560][188]LightingResults: New page: Lighting Build
[2017.05.29-13.56.02:601][188]LogLinker:Warning: Can't find file '/Game/BackgroundMat'
[2017.05.29-13.56.02:602][188]LogLinker:Warning: Can't find file for asset '/Game/BackgroundMat' while loading //AIF-OP-WINKTIM/5_local-Tim/2_projets/Anerops/Content/MainMap.umap.
[2017.05.29-13.56.02:602][188]LoadErrors:Error: Error /Game/MainMap : Can't find file for asset. /Game/BackgroundMat
[2017.05.29-13.56.02:604][188]LogLinker:Warning: Can't find file '/Game/BackgroundMat'
[2017.05.29-13.56.02:604][188]LogLinker:Warning: Can't find file for asset '/Game/BackgroundMat' while loading //AIF-OP-WINKTIM/5_local-Tim/2_projets/Anerops/Content/MainMap.umap.
[2017.05.29-13.56.02:607][188]LogLinker:Warning: Can't find file '/Game/BackgroundMat'
[2017.05.29-13.56.02:607][188]LogLinker:Warning: Can't find file for asset '/Game/BackgroundMat' while loading NULL.
[2017.05.29-13.56.02:608][188]LogLinker:Warning: Can't find file '/Game/BackgroundMat'
[2017.05.29-13.56.02:608][188]LogLinker:Warning: Can't find file for asset '/Game/BackgroundMat' while loading NULL.
[2017.05.29-13.56.02:617][188]LogLinker:Warning: Can't find file '/Game/BackgroundMat'
[2017.05.29-13.56.02:617][188]LoadErrors: Info Failed to load /Game/BackgroundMat.BackgroundMat Referenced by Background
[2017.05.29-13.56.02:618][188]LogLinker:Warning: Can't find file for asset '/Game/BackgroundMat' while loading NULL.
[2017.05.29-13.56.02:638][188]LogAIModule: Creating AISystem for world MainMap
[2017.05.29-13.56.02:655][188]LogEditorServer: Finished looking for orphan Actors (0.000 secs)
[2017.05.29-13.56.02:711][188]Cmd: MAP CHECKDEP NOCLEARLOG
[2017.05.29-13.56.03:240][188]MapCheck: Info Map check complete: 0 Error(s), 0 Warning(s), took 529.425ms to complete.
[2017.05.29-13.56.03:240][188]LogFileHelpers: Loading map 'MainMap' took 0.734
[2017.05.29-13.56.11:252][464]LogTemp: Repeting last play command: Selected Viewport
[2017.05.29-13.56.11:277][464]LogBlueprintUserMessages: Early PlayInEditor Detection: Level '/Game/MainMap.MainMap:PersistentLevel' has LevelScriptBlueprint '/Game/MainMap.MainMap:PersistentLevel.MainMap' with GeneratedClass '/Game/MainMap.MainMap_C' with ClassGeneratedBy '/Game/MainMap.MainMap:PersistentLevel.MainMap'
[2017.05.29-13.56.11:277][464]LogPlayLevel: PlayLevel: No blueprints needed recompiling
[2017.05.29-13.56.11:280][464]PIE: New page: PIE session: MainMap (May 29, 2017, 5:56:11 PM)
[2017.05.29-13.56.11:280][464]LogPlayLevel: Creating play world package: /Game/UEDPIE_0_MainMap
[2017.05.29-13.56.11:283][464]LogPlayLevel: PIE: StaticDuplicateObject took: (0.003049s)
[2017.05.29-13.56.11:283][464]LogAIModule: Creating AISystem for world MainMap
[2017.05.29-13.56.11:284][464]LogPlayLevel: PIE: World Init took: (0.000698s)
[2017.05.29-13.56.11:284][464]LogPlayLevel: PIE: Created PIE world by copying editor world from /Game/MainMap.MainMap to /Game/UEDPIE_0_MainMap.MainMap (0.003991s)
[2017.05.29-13.56.11:361][464]LogLoad: Game class is 'GameModeBase'
[2017.05.29-13.56.11:362][464]LogWorld: Bringing World /Game/UEDPIE_0_MainMap.MainMap up for play (max tick rate 60) at 2017.05.29-15.56.11
[2017.05.29-13.56.11:363][464]LogWorld: Bringing up level for play took: 0.001157
[2017.05.29-13.56.11:583][464]LogContentBrowser: Native class hierarchy updated for 'MovieSceneCapture' in 0.0198 seconds. Added 11 classes and 0 folders.
[2017.05.29-13.56.12:755][464]GeneralLog:Warning: Error initializing streaming pipeline: -3. Exiting.
[2017.05.29-13.56.12:809][464]PIE: Info Play in editor start time for /Game/UEDPIE_0_MainMap 1.142
[2017.05.29-13.56.12:809][464]LogBlueprintUserMessages: Late PlayInEditor Detection: Level '/Game/MainMap.MainMap:PersistentLevel' has LevelScriptBlueprint '/Game/MainMap.MainMap:PersistentLevel.MainMap' with GeneratedClass '/Game/MainMap.MainMap_C' with ClassGeneratedBy '/Game/MainMap.MainMap:PersistentLevel.MainMap'
[2017.05.29-13.56.12:809][464]GeneralLog:Warning: Error getting frame: -503.
[2017.05.29-13.56.12:810][464]LogBlueprintUserMessages: Early EndPlayMap Detection: Level '/Game/MainMap.MainMap:PersistentLevel' has LevelScriptBlueprint '/Game/MainMap.MainMap:PersistentLevel.MainMap' with GeneratedClass '/Game/MainMap.MainMap_C' with ClassGeneratedBy '/Game/MainMap.MainMap:PersistentLevel.MainMap'
[2017.05.29-13.56.12:854][464]LogBlueprintUserMessages: Late EndPlayMap Detection: Level '/Game/MainMap.MainMap:PersistentLevel' has LevelScriptBlueprint '/Game/MainMap.MainMap:PersistentLevel.MainMap' with GeneratedClass '/Game/MainMap.MainMap_C' with ClassGeneratedBy '/Game/MainMap.MainMap:PersistentLevel.MainMap'
[2017.05.29-13.56.13:679][492]LogEditorViewport: Clicking on Actor (LMB): StaticMeshActor (Background)
[2017.05.29-13.56.15:657][548]LogTemp: Repeting last play command: Selected Viewport
[2017.05.29-13.56.15:682][548]LogBlueprintUserMessages: Early PlayInEditor Detection: Level '/Game/MainMap.MainMap:PersistentLevel' has LevelScriptBlueprint '/Game/MainMap.MainMap:PersistentLevel.MainMap' with GeneratedClass '/Game/MainMap.MainMap_C' with ClassGeneratedBy '/Game/MainMap.MainMap:PersistentLevel.MainMap'
[2017.05.29-13.56.15:682][548]LogPlayLevel: PlayLevel: No blueprints needed recompiling
[2017.05.29-13.56.15:682][548]PIE: New page: PIE session: MainMap (May 29, 2017, 5:56:15 PM)
[2017.05.29-13.56.15:682][548]LogPlayLevel: Creating play world package: /Game/UEDPIE_0_MainMap
[2017.05.29-13.56.15:685][548]LogPlayLevel: PIE: StaticDuplicateObject took: (0.003352s)
[2017.05.29-13.56.15:686][548]LogAIModule: Creating AISystem for world MainMap
[2017.05.29-13.56.15:686][548]LogPlayLevel: PIE: World Init took: (0.000775s)
[2017.05.29-13.56.15:686][548]LogPlayLevel: PIE: Created PIE world by copying editor world from /Game/MainMap.MainMap to /Game/UEDPIE_0_MainMap.MainMap (0.004304s)
[2017.05.29-13.56.15:736][548]LogLoad: Game class is 'GameModeBase'
[2017.05.29-13.56.15:737][548]LogWorld: Bringing World /Game/UEDPIE_0_MainMap.MainMap up for play (max tick rate 60) at 2017.05.29-15.56.15
[2017.05.29-13.56.15:737][548]LogWorld: Bringing up level for play took: 0.001270
[2017.05.29-13.56.16:533][548]GeneralLog:Warning: Error initializing streaming pipeline: -3. Exiting.
[2017.05.29-13.56.16:533][548]PIE: Info Play in editor start time for /Game/UEDPIE_0_MainMap 0.866
[2017.05.29-13.56.16:534][548]LogBlueprintUserMessages: Late PlayInEditor Detection: Level '/Game/MainMap.MainMap:PersistentLevel' has LevelScriptBlueprint '/Game/MainMap.MainMap:PersistentLevel.MainMap' with GeneratedClass '/Game/MainMap.MainMap_C' with ClassGeneratedBy '/Game/MainMap.MainMap:PersistentLevel.MainMap'
[2017.05.29-13.56.16:534][548]GeneralLog:Warning: Error getting frame: -503.
[2017.05.29-13.56.16:534][548]LogBlueprintUserMessages: Early EndPlayMap Detection: Level '/Game/MainMap.MainMap:PersistentLevel' has LevelScriptBlueprint '/Game/MainMap.MainMap:PersistentLevel.MainMap' with GeneratedClass '/Game/MainMap.MainMap_C' with ClassGeneratedBy '/Game/MainMap.MainMap:PersistentLevel.MainMap'
[2017.05.29-13.56.16:597][548]LogBlueprintUserMessages: Late EndPlayMap Detection: Level '/Game/MainMap.MainMap:PersistentLevel' has LevelScriptBlueprint '/Game/MainMap.MainMap:PersistentLevel.MainMap' with GeneratedClass '/Game/MainMap.MainMap_C' with ClassGeneratedBy '/Game/MainMap.MainMap:PersistentLevel.MainMap'
[2017.05.29-13.56.23:693][750]LogTemp: Repeting last play command: Selected Viewport
[2017.05.29-13.56.23:717][750]LogBlueprintUserMessages: Early PlayInEditor Detection: Level '/Game/MainMap.MainMap:PersistentLevel' has LevelScriptBlueprint '/Game/MainMap.MainMap:PersistentLevel.MainMap' with GeneratedClass '/Game/MainMap.MainMap_C' with ClassGeneratedBy '/Game/MainMap.MainMap:PersistentLevel.MainMap'
[2017.05.29-13.56.23:717][750]LogPlayLevel: PlayLevel: No blueprints needed recompiling
[2017.05.29-13.56.23:717][750]PIE: New page: PIE session: MainMap (May 29, 2017, 5:56:23 PM)
[2017.05.29-13.56.23:717][750]LogPlayLevel: Creating play world package: /Game/UEDPIE_0_MainMap
[2017.05.29-13.56.23:719][750]LogPlayLevel: PIE: StaticDuplicateObject took: (0.002675s)
[2017.05.29-13.56.23:720][750]LogAIModule: Creating AISystem for world MainMap
[2017.05.29-13.56.23:721][750]LogPlayLevel: PIE: World Init took: (0.001375s)
[2017.05.29-13.56.23:721][750]LogPlayLevel: PIE: Created PIE world by copying editor world from /Game/MainMap.MainMap to /Game/UEDPIE_0_MainMap.MainMap (0.004554s)
[2017.05.29-13.56.23:779][750]LogLoad: Game class is 'GameModeBase'
[2017.05.29-13.56.23:780][750]LogWorld: Bringing World /Game/UEDPIE_0_MainMap.MainMap up for play (max tick rate 60) at 2017.05.29-15.56.23
[2017.05.29-13.56.23:780][750]LogWorld: Bringing up level for play took: 0.001257
[2017.05.29-13.56.24:531][750]GeneralLog:Warning: Error initializing streaming pipeline: -3. Exiting.
[2017.05.29-13.56.24:531][750]PIE: Info Play in editor start time for /Game/UEDPIE_0_MainMap 0.864
[2017.05.29-13.56.24:531][750]LogBlueprintUserMessages: Late PlayInEditor Detection: Level '/Game/MainMap.MainMap:PersistentLevel' has LevelScriptBlueprint '/Game/MainMap.MainMap:PersistentLevel.MainMap' with GeneratedClass '/Game/MainMap.MainMap_C' with ClassGeneratedBy '/Game/MainMap.MainMap:PersistentLevel.MainMap'
[2017.05.29-13.56.24:531][750]GeneralLog:Warning: Error getting frame: -503.
[2017.05.29-13.56.24:532][750]LogBlueprintUserMessages: Early EndPlayMap Detection: Level '/Game/MainMap.MainMap:PersistentLevel' has LevelScriptBlueprint '/Game/MainMap.MainMap:PersistentLevel.MainMap' with GeneratedClass '/Game/MainMap.MainMap_C' with ClassGeneratedBy '/Game/MainMap.MainMap:PersistentLevel.MainMap'
[2017.05.29-13.56.24:595][750]LogBlueprintUserMessages: Late EndPlayMap Detection: Level '/Game/MainMap.MainMap:PersistentLevel' has LevelScriptBlueprint '/Game/MainMap.MainMap:PersistentLevel.MainMap' with GeneratedClass '/Game/MainMap.MainMap_C' with ClassGeneratedBy '/Game/MainMap.MainMap:PersistentLevel.MainMap'
[2017.05.29-13.56.26:317][801]LogEditorViewport: Clicking on Actor (LMB): RealSenseActor (Face)
[2017.05.29-13.56.37:774][ 43]LogEditorViewport: Clicking on Actor (LMB): StaticMeshActor (Background)
[2017.05.29-13.57.25:943][614]LogSlate: Took 0.014798 seconds to synchronously load lazily loaded font '../../../Engine/Content/Editor/Slate/Fonts/DroidSansMono.ttf' (77K)
[2017.05.29-13.57.42:040][184]LogTemp: Repeting last play command: Selected Viewport
[2017.05.29-13.57.42:066][184]LogBlueprintUserMessages: Early PlayInEditor Detection: Level '/Game/MainMap.MainMap:PersistentLevel' has LevelScriptBlueprint '/Game/MainMap.MainMap:PersistentLevel.MainMap' with GeneratedClass '/Game/MainMap.MainMap_C' with ClassGeneratedBy '/Game/MainMap.MainMap:PersistentLevel.MainMap'
[2017.05.29-13.57.42:066][184]LogPlayLevel: PlayLevel: No blueprints needed recompiling
[2017.05.29-13.57.42:067][184]PIE: New page: PIE session: MainMap (May 29, 2017, 5:57:42 PM)
[2017.05.29-13.57.42:067][184]LogPlayLevel: Creating play world package: /Game/UEDPIE_0_MainMap
[2017.05.29-13.57.42:070][184]LogPlayLevel: PIE: StaticDuplicateObject took: (0.003248s)
[2017.05.29-13.57.42:071][184]LogAIModule: Creating AISystem for world MainMap
[2017.05.29-13.57.42:072][184]LogPlayLevel: PIE: World Init took: (0.001246s)
[2017.05.29-13.57.42:072][184]LogPlayLevel: PIE: Created PIE world by copying editor world from /Game/MainMap.MainMap to /Game/UEDPIE_0_MainMap.MainMap (0.005164s)
[2017.05.29-13.57.42:129][184]LogLoad: Game class is 'GameModeBase'
[2017.05.29-13.57.42:130][184]LogWorld: Bringing World /Game/UEDPIE_0_MainMap.MainMap up for play (max tick rate 60) at 2017.05.29-15.57.42
[2017.05.29-13.57.42:131][184]LogWorld: Bringing up level for play took: 0.001572
[2017.05.29-13.57.42:868][184]GeneralLog:Warning: Error initializing streaming pipeline: -3. Exiting.
[2017.05.29-13.57.42:869][184]PIE: Info Play in editor start time for /Game/UEDPIE_0_MainMap 1.202
[2017.05.29-13.57.42:869][184]LogBlueprintUserMessages: Late PlayInEditor Detection: Level '/Game/MainMap.MainMap:PersistentLevel' has LevelScriptBlueprint '/Game/MainMap.MainMap:PersistentLevel.MainMap' with GeneratedClass '/Game/MainMap.MainMap_C' with ClassGeneratedBy '/Game/MainMap.MainMap:PersistentLevel.MainMap'
[2017.05.29-13.57.42:869][184]GeneralLog:Warning: Error getting frame: -503.
[2017.05.29-13.57.42:870][184]LogBlueprintUserMessages: Early EndPlayMap Detection: Level '/Game/MainMap.MainMap:PersistentLevel' has LevelScriptBlueprint '/Game/MainMap.MainMap:PersistentLevel.MainMap' with GeneratedClass '/Game/MainMap.MainMap_C' with ClassGeneratedBy '/Game/MainMap.MainMap:PersistentLevel.MainMap'
[2017.05.29-13.57.42:934][184]LogBlueprintUserMessages: Late EndPlayMap Detection: Level '/Game/MainMap.MainMap:PersistentLevel' has LevelScriptBlueprint '/Game/MainMap.MainMap:PersistentLevel.MainMap' with GeneratedClass '/Game/MainMap.MainMap_C' with ClassGeneratedBy '/Game/MainMap.MainMap:PersistentLevel.MainMap'
[2017.05.29-13.57.45:803][269]LogEditorViewport: Clicking on Actor (LMB): RealSenseActor (Face)
[2017.05.29-13.57.51:733][462]LogEditorViewport: Clicking on Actor (LMB): StaticMeshActor (Background)
[2017.05.29-13.57.52:877][493]LogEditorViewport: Clicking on Actor (LMB): RealSenseActor (Face)
[2017.05.29-13.57.59:569][809]Cmd: OBJ SAVEPACKAGE PACKAGE="/Game/MainMap" FILE="//AIF-OP-WINKTIM/5_local-Tim/2_projets/Anerops/Saved/Autosaves/Game/UEDPCMainMap.umap" SILENT=true AUTOSAVING=true KEEPDIRTY=true
[2017.05.29-13.57.59:679][809]LogSavePackage: Save=74.53ms
[2017.05.29-13.57.59:679][809]LogSavePackage: Moving '//AIF-OP-WINKTIM/5_local-Tim/2_projets/Anerops/Saved/UEDPCMainMapF92FB3484C0410A0F847A2BFA14F56D9.tmp' to '//AIF-OP-WINKTIM/5_local-Tim/2_projets/Anerops/Saved/Autosaves/Game/UEDPCMainMap.umap'
[2017.05.29-13.57.59:688][809]LogSavePackage:Display: Finished SavePackage //AIF-OP-WINKTIM/5_local-Tim/2_projets/Anerops/Saved/Autosaves/Game/UEDPCMainMap.umap
[2017.05.29-13.57.59:709][809]Cmd: OBJ SAVEPACKAGE PACKAGE="/Game/MainMap_BuiltData" FILE="//AIF-OP-WINKTIM/5_local-Tim/2_projets/Anerops/Content/MainMap_BuiltData.uasset" SILENT=true
[2017.05.29-13.57.59:755][809]LogSavePackage: Save=11.70ms
[2017.05.29-13.57.59:755][809]LogSavePackage: Moving '//AIF-OP-WINKTIM/5_local-Tim/2_projets/Anerops/Saved/MainMap_BuiltDataBAA7937C4F0813BCAB26D1AAC12D5CF6.tmp' to '//AIF-OP-WINKTIM/5_local-Tim/2_projets/Anerops/Content/MainMap_BuiltData.uasset'
[2017.05.29-13.57.59:768][809]LogSavePackage:Display: Finished SavePackage //AIF-OP-WINKTIM/5_local-Tim/2_projets/Anerops/Content/MainMap_BuiltData.uasset
[2017.05.29-13.57.59:772][809]LogEditorTransaction: Undo Spawn Play From Here Start
[2017.05.29-13.58.04:768][968]LogEditorViewport: Clicking on Actor (LMB): StaticMeshActor (Background)
[2017.05.29-13.58.05:983][  1]LogEditorViewport: Clicking on Actor (LMB): RealSenseActor (Face)
[2017.05.29-13.58.10:471][142]LogEditorViewport: Clicking on Actor (context menu): StaticMeshActor (Background)
[2017.05.29-13.58.13:431][295]LogEditorViewport: Clicking on Actor (LMB): StaticMeshActor (Background)
[2017.05.29-14.42.34:176][125]Cmd: DUPLICATE
[2017.05.29-14.42.34:176][125]Cmd: ACTOR DUPLICATE
[2017.05.29-14.42.35:696][156]Cmd: OBJ SAVEPACKAGE PACKAGE="/Game/MainMap" FILE="//AIF-OP-WINKTIM/5_local-Tim/2_projets/Anerops/Content/MainMap.umap" SILENT=true AUTOSAVING=false KEEPDIRTY=false
[2017.05.29-14.42.35:879][156]LogSavePackage: Save=78.13ms
[2017.05.29-14.42.35:879][156]LogSavePackage: Moving '//AIF-OP-WINKTIM/5_local-Tim/2_projets/Anerops/Saved/MainMapF10FD0CD45ED03A4E35BF3918EF3EA43.tmp' to '//AIF-OP-WINKTIM/5_local-Tim/2_projets/Anerops/Content/MainMap.umap'
[2017.05.29-14.42.35:903][156]LogSavePackage:Display: Finished SavePackage //AIF-OP-WINKTIM/5_local-Tim/2_projets/Anerops/Content/MainMap.umap
[2017.05.29-14.42.35:959][156]Cmd: OBJ SAVEPACKAGE PACKAGE="/Game/MainMap_BuiltData" FILE="//AIF-OP-WINKTIM/5_local-Tim/2_projets/Anerops/Content/MainMap_BuiltData.uasset" SILENT=true
[2017.05.29-14.42.36:008][156]LogSavePackage: Save=9.99ms
[2017.05.29-14.42.36:008][156]LogSavePackage: Moving '//AIF-OP-WINKTIM/5_local-Tim/2_projets/Anerops/Saved/MainMap_BuiltDataA2F9363442097B152011F8BB1FA10AF3.tmp' to '//AIF-OP-WINKTIM/5_local-Tim/2_projets/Anerops/Content/MainMap_BuiltData.uasset'
[2017.05.29-14.42.36:020][156]LogSavePackage:Display: Finished SavePackage //AIF-OP-WINKTIM/5_local-Tim/2_projets/Anerops/Content/MainMap_BuiltData.uasset
[2017.05.29-14.42.37:697][194]Cmd: QUIT_EDITOR
[2017.05.29-14.42.37:976][194]LogWindowsTextInputMethodSystem:Display: IME system now deactivated.
[2017.05.29-14.42.38:009][194]LogExit: Preparing to exit.
[2017.05.29-14.42.39:248][194]LogExit: Editor shut down
[2017.05.29-14.42.39:249][194]LogExit: Transaction tracking system shut down
[2017.05.29-14.42.39:356][194]LogObj: Freed 0b from 0 cluster array pools.
[2017.05.29-14.42.39:357][194]LogExit: Object subsystem successfully closed.
[2017.05.29-14.42.39:394][194]LogD3D11RHI: Shutdown
[2017.05.29-14.42.39:394][194]LogD3D11RHI: CleanupD3DDevice
[2017.05.29-14.42.39:487][194]LogD3D11RHI: ~FD3D11DynamicRHI
[2017.05.29-14.42.39:607][194]LogModuleManager: Shutting down and abandoning module MovieSceneCapture (498)
[2017.05.29-14.42.39:607][194]LogModuleManager: Shutting down and abandoning module HierarchicalLODOutliner (496)
[2017.05.29-14.42.39:607][194]LogModuleManager: Shutting down and abandoning module CrashTracker (494)
[2017.05.29-14.42.39:607][194]LogModuleManager: Shutting down and abandoning module SceneOutliner (492)
[2017.05.29-14.42.39:607][194]LogModuleManager: Shutting down and abandoning module AddContentDialog (490)
[2017.05.29-14.42.39:607][194]LogDirectoryWatcher: A directory notification for 'C:/Program Files/Epic Games/UE_4.15/FeaturePacks/' was aborted.
[2017.05.29-14.42.39:614][194]LogModuleManager: Shutting down and abandoning module WidgetCarousel (489)
[2017.05.29-14.42.39:614][194]LogModuleManager: Shutting down and abandoning module EditorWidgets (486)
[2017.05.29-14.42.39:614][194]LogModuleManager: Shutting down and abandoning module CollectionManager (484)
[2017.05.29-14.42.39:614][194]LogModuleManager: Shutting down and abandoning module StatsViewer (482)
[2017.05.29-14.42.39:614][194]LogModuleManager: Shutting down and abandoning module FoliageEdit (480)
[2017.05.29-14.42.39:614][194]LogModuleManager: Shutting down and abandoning module LandscapeEditor (478)
[2017.05.29-14.42.39:614][194]LogModuleManager: Shutting down and abandoning module SceneDepthPickerMode (476)
[2017.05.29-14.42.39:614][194]LogModuleManager: Shutting down and abandoning module ActorPickerMode (474)
[2017.05.29-14.42.39:614][194]LogModuleManager: Shutting down and abandoning module GeometryMode (472)
[2017.05.29-14.42.39:614][194]LogModuleManager: Shutting down and abandoning module TextureAlignMode (470)
[2017.05.29-14.42.39:614][194]LogModuleManager: Shutting down and abandoning module BspMode (468)
[2017.05.29-14.42.39:614][194]LogModuleManager: Shutting down and abandoning module SequenceRecorderSections (466)
[2017.05.29-14.42.39:614][194]LogModuleManager: Shutting down and abandoning module AutomationWorker (464)
[2017.05.29-14.42.39:614][194]LogModuleManager: Shutting down and abandoning module MatineeToLevelSequence (462)
[2017.05.29-14.42.39:614][194]LogModuleManager: Shutting down and abandoning module LevelSequenceEditor (460)
[2017.05.29-14.42.39:615][194]LogModuleManager: Shutting down and abandoning module PlacementMode (459)
[2017.05.29-14.42.39:615][194]LogModuleManager: Shutting down and abandoning module WmfMediaFactory (456)
[2017.05.29-14.42.39:615][194]LogModuleManager: Shutting down and abandoning module WmfMediaEditor (454)
[2017.05.29-14.42.39:615][194]LogModuleManager: Shutting down and abandoning module MfMediaFactory (452)
[2017.05.29-14.42.39:615][194]LogModuleManager: Shutting down and abandoning module MfMediaEditor (450)
[2017.05.29-14.42.39:615][194]LogModuleManager: Shutting down and abandoning module AvfMediaFactory (448)
[2017.05.29-14.42.39:615][194]LogModuleManager: Shutting down and abandoning module AvfMediaEditor (446)
[2017.05.29-14.42.39:615][194]LogModuleManager: Shutting down and abandoning module AndroidMediaFactory (444)
[2017.05.29-14.42.39:615][194]LogModuleManager: Shutting down and abandoning module Media (443)
[2017.05.29-14.42.39:615][194]LogModuleManager: Shutting down and abandoning module AndroidMediaEditor (440)
[2017.05.29-14.42.39:615][194]LogModuleManager: Shutting down and abandoning module CharacterAI (438)
[2017.05.29-14.42.39:615][194]LogModuleManager: Shutting down and abandoning module AudioCapture (436)
[2017.05.29-14.42.39:615][194]LogModuleManager: Shutting down and abandoning module SequenceRecorder (435)
[2017.05.29-14.42.39:615][194]LogModuleManager: Shutting down and abandoning module SmartSnapping (432)
[2017.05.29-14.42.39:615][194]LogModuleManager: Shutting down and abandoning module SessionServices (430)
[2017.05.29-14.42.39:615][194]LogModuleManager: Shutting down and abandoning module ViewportSnapping (428)
[2017.05.29-14.42.39:615][194]LogModuleManager: Shutting down and abandoning module ViewportInteraction (426)
[2017.05.29-14.42.39:615][194]LogModuleManager: Shutting down and abandoning module LogVisualizer (424)
[2017.05.29-14.42.39:615][194]LogModuleManager: Shutting down and abandoning module IntroTutorials (422)
[2017.05.29-14.42.39:615][194]LogModuleManager: Shutting down and abandoning module GameProjectGeneration (421)
[2017.05.29-14.42.39:615][194]LogModuleManager: Shutting down and abandoning module EditorLiveStreaming (418)
[2017.05.29-14.42.39:615][194]LogModuleManager: Shutting down and abandoning module IOSPlatformEditor (416)
[2017.05.29-14.42.39:615][194]LogModuleManager: Shutting down and abandoning module HTML5PlatformEditor (414)
[2017.05.29-14.42.39:615][194]LogModuleManager: Shutting down and abandoning module AndroidPlatformEditor (412)
[2017.05.29-14.42.39:615][194]LogModuleManager: Shutting down and abandoning module AndroidDeviceDetection (411)
[2017.05.29-14.42.40:606][194]LogModuleManager: Shutting down and abandoning module IOSRuntimeSettings (408)
[2017.05.29-14.42.40:606][194]LogModuleManager: Shutting down and abandoning module AndroidRuntimeSettings (406)
[2017.05.29-14.42.40:606][194]LogModuleManager: Shutting down and abandoning module InputBindingEditor (404)
[2017.05.29-14.42.40:606][194]LogModuleManager: Shutting down and abandoning module NiagaraEditor (402)
[2017.05.29-14.42.40:606][194]LogModuleManager: Shutting down and abandoning module MergeActors (400)
[2017.05.29-14.42.40:606][194]LogModuleManager: Shutting down and abandoning module SizeMap (398)
[2017.05.29-14.42.40:606][194]LogModuleManager: Shutting down and abandoning module TreeMap (396)
[2017.05.29-14.42.40:606][194]LogModuleManager: Shutting down and abandoning module ReferenceViewer (394)
[2017.05.29-14.42.40:606][194]LogModuleManager: Shutting down and abandoning module LocalizationDashboard (392)
[2017.05.29-14.42.40:606][194]LogModuleManager: Shutting down and abandoning module LocalizationService (391)
[2017.05.29-14.42.40:607][194]LogModuleManager: Shutting down and abandoning module HardwareTargeting (388)
[2017.05.29-14.42.40:607][194]LogModuleManager: Shutting down and abandoning module DeviceProfileEditor (386)
[2017.05.29-14.42.40:607][194]LogModuleManager: Shutting down and abandoning module UndoHistory (384)
[2017.05.29-14.42.40:607][194]LogModuleManager: Shutting down and abandoning module UserFeedback (382)
[2017.05.29-14.42.40:607][194]LogModuleManager: Shutting down and abandoning module XmlParser (380)
[2017.05.29-14.42.40:607][194]LogModuleManager: Shutting down and abandoning module Blutility (378)
[2017.05.29-14.42.40:607][194]LogModuleManager: Shutting down and abandoning module ProjectSettingsViewer (376)
[2017.05.29-14.42.40:607][194]LogModuleManager: Shutting down and abandoning module ProjectTargetPlatformEditor (375)
[2017.05.29-14.42.40:607][194]LogModuleManager: Shutting down and abandoning module EditorSettingsViewer (372)
[2017.05.29-14.42.40:607][194]LogModuleManager: Shutting down and abandoning module SettingsEditor (370)
[2017.05.29-14.42.40:607][194]LogModuleManager: Shutting down and abandoning module ProjectLauncher (368)
[2017.05.29-14.42.40:607][194]LogModuleManager: Shutting down and abandoning module SessionFrontend (366)
[2017.05.29-14.42.40:607][194]LogModuleManager: Shutting down and abandoning module ProfilerClient (364)
[2017.05.29-14.42.40:607][194]LogModuleManager: Shutting down and abandoning module DeviceManager (362)
[2017.05.29-14.42.40:607][194]LogModuleManager: Shutting down and abandoning module TargetDeviceServices (361)
[2017.05.29-14.42.40:661][194]LogModuleManager: Shutting down and abandoning module AutomationController (358)
[2017.05.29-14.42.40:661][194]LogModuleManager: Shutting down and abandoning module AutomationWindow (356)
[2017.05.29-14.42.40:661][194]LogModuleManager: Shutting down and abandoning module Layers (354)
[2017.05.29-14.42.40:661][194]LogModuleManager: Shutting down and abandoning module ComponentVisualizers (352)
[2017.05.29-14.42.40:661][194]LogModuleManager: Shutting down and abandoning module DetailCustomizations (350)
[2017.05.29-14.42.40:661][194]LogModuleManager: Shutting down and abandoning module PackagesDialog (348)
[2017.05.29-14.42.40:661][194]LogModuleManager: Shutting down and abandoning module Persona (346)
[2017.05.29-14.42.40:661][194]LogModuleManager: Shutting down and abandoning module AnimGraph (345)
[2017.05.29-14.42.40:661][194]LogModuleManager: Shutting down and abandoning module Kismet (342)
[2017.05.29-14.42.40:661][194]LogModuleManager: Shutting down and abandoning module GraphEditor (340)
[2017.05.29-14.42.40:662][194]LogModuleManager: Shutting down and abandoning module ClassViewer (338)
[2017.05.29-14.42.40:662][194]LogModuleManager: Shutting down and abandoning module Toolbox (336)
[2017.05.29-14.42.40:662][194]LogModuleManager: Shutting down and abandoning module ModuleUI (334)
[2017.05.29-14.42.40:662][194]LogModuleManager: Shutting down and abandoning module MovieSceneTools (332)
[2017.05.29-14.42.40:662][194]LogModuleManager: Shutting down and abandoning module OutputLog (330)
[2017.05.29-14.42.40:662][194]LogModuleManager: Shutting down and abandoning module GammaUI (328)
[2017.05.29-14.42.40:662][194]LogModuleManager: Shutting down and abandoning module Documentation (326)
[2017.05.29-14.42.40:662][194]LogModuleManager: Shutting down and abandoning module Niagara (324)
[2017.05.29-14.42.40:662][194]LogModuleManager: Shutting down and abandoning module StreamingPauseRendering (322)
[2017.05.29-14.42.40:662][194]LogModuleManager: Shutting down and abandoning module PortalServices (320)
[2017.05.29-14.42.40:662][194]LogModuleManager: Shutting down and abandoning module PortalRpc (318)
[2017.05.29-14.42.40:662][194]LogModuleManager: Shutting down and abandoning module MessagingRpc (316)
[2017.05.29-14.42.40:662][194]LogModuleManager: Shutting down and abandoning module AIModule (314)
[2017.05.29-14.42.40:662][194]LogModuleManager: Shutting down and abandoning module GameplayDebugger (313)
[2017.05.29-14.42.40:662][194]LogModuleManager: Shutting down and abandoning module AITestSuite (311)
[2017.05.29-14.42.40:662][194]LogModuleManager: Shutting down and abandoning module ProfilerService (308)
[2017.05.29-14.42.40:748][194]LogModuleManager: Shutting down and abandoning module TaskGraph (306)
[2017.05.29-14.42.40:749][194]LogModuleManager: Shutting down and abandoning module SteamVRController (304)
[2017.05.29-14.42.40:749][194]LogModuleManager: Shutting down and abandoning module SteamVR (302)
[2017.05.29-14.42.40:749][194]LogModuleManager: Shutting down and abandoning module ProceduralMeshComponentEditor (300)
[2017.05.29-14.42.40:749][194]LogModuleManager: Shutting down and abandoning module ProceduralMeshComponent (298)
[2017.05.29-14.42.40:749][194]LogModuleManager: Shutting down and abandoning module OculusLibrary (296)
[2017.05.29-14.42.40:749][194]LogModuleManager: Shutting down and abandoning module OculusInput (294)
[2017.05.29-14.42.40:749][194]LogModuleManager: Shutting down and abandoning module MobilePatchingUtils (292)
[2017.05.29-14.42.40:749][194]LogModuleManager: Shutting down and abandoning module CustomMeshComponent (290)
[2017.05.29-14.42.40:749][194]LogModuleManager: Shutting down and abandoning module CableComponent (288)
[2017.05.29-14.42.40:749][194]LogModuleManager: Shutting down and abandoning module ArchVisCharacter (286)
[2017.05.29-14.42.40:749][194]LogModuleManager: Shutting down and abandoning module MediaPlayerEditor (282)
[2017.05.29-14.42.40:749][194]LogModuleManager: Shutting down and abandoning module HTML5Networking (280)
[2017.05.29-14.42.40:749][194]LogModuleManager: Shutting down and abandoning module AlembicImporter (278)
[2017.05.29-14.42.40:749][194]LogModuleManager: Shutting down and abandoning module AlembicLibrary (277)
[2017.05.29-14.42.40:749][194]LogModuleManager: Shutting down and abandoning module GeometryCache (276)
[2017.05.29-14.42.40:749][194]LogModuleManager: Shutting down and abandoning module GeometryCacheEd (275)
[2017.05.29-14.42.40:749][194]LogModuleManager: Shutting down and abandoning module SuperSearchEditor (270)
[2017.05.29-14.42.40:749][194]LogModuleManager: Shutting down and abandoning module SuperSearch (269)
[2017.05.29-14.42.40:749][194]LogModuleManager: Shutting down and abandoning module SpeedTreeImporter (266)
[2017.05.29-14.42.40:749][194]LogModuleManager: Shutting down and abandoning module PluginBrowser (264)
[2017.05.29-14.42.40:749][194]LogModuleManager: Shutting down and abandoning module MobileLauncherProfileWizard (262)
[2017.05.29-14.42.40:749][194]LogModuleManager: Shutting down and abandoning module EpicSurvey (260)
[2017.05.29-14.42.40:749][194]LogModuleManager: Shutting down and abandoning module VisualStudioSourceCodeAccess (258)
[2017.05.29-14.42.40:749][194]LogModuleManager: Shutting down and abandoning module DesktopPlatform (257)
[2017.05.29-14.42.40:749][194]LogModuleManager: Shutting down and abandoning module UObjectPlugin (254)
[2017.05.29-14.42.40:749][194]LogModuleManager: Shutting down and abandoning module SubversionSourceControl (252)
[2017.05.29-14.42.40:749][194]LogModuleManager: Shutting down and abandoning module PerforceSourceControl (250)
[2017.05.29-14.42.40:749][194]LogModuleManager: Shutting down and abandoning module GitSourceControl (248)
[2017.05.29-14.42.40:749][194]LogModuleManager: Shutting down and abandoning module SourceControl (247)
[2017.05.29-14.42.40:749][194]LogModuleManager: Shutting down and abandoning module LightPropagationVolumeEditor (244)
[2017.05.29-14.42.40:749][194]LogModuleManager: Shutting down and abandoning module PaperTiledImporter (242)
[2017.05.29-14.42.40:749][194]LogModuleManager: Shutting down and abandoning module PaperSpriteSheetImporter (240)
[2017.05.29-14.42.40:749][194]LogModuleManager: Shutting down and abandoning module Paper2DEditor (238)
[2017.05.29-14.42.40:749][194]LogModuleManager: Shutting down and abandoning module MeshPaint (237)
[2017.05.29-14.42.40:749][194]LogModuleManager: Shutting down and abandoning module LevelEditor (235)
[2017.05.29-14.42.40:750][194]LogModuleManager: Shutting down and abandoning module PixelInspectorModule (234)
[2017.05.29-14.42.40:750][194]LogModuleManager: Shutting down and abandoning module MainFrame (232)
[2017.05.29-14.42.40:750][194]LogModuleManager: Shutting down and abandoning module HotReload (231)
[2017.05.29-14.42.40:753][194]LogModuleManager: Shutting down and abandoning module ContentBrowser (227)
[2017.05.29-14.42.40:755][194]LogModuleManager: Shutting down and abandoning module Anerops (224)
[2017.05.29-14.42.40:755][194]LogModuleManager: Shutting down and abandoning module PhysXVehiclesEditor (222)
[2017.05.29-14.42.40:755][194]LogModuleManager: Shutting down and abandoning module PhysXVehicles (220)
[2017.05.29-14.42.40:755][194]LogModuleManager: Shutting down and abandoning module LocationServicesBPLibrary (218)
[2017.05.29-14.42.40:755][194]LogModuleManager: Shutting down and abandoning module UdpMessaging (216)
[2017.05.29-14.42.40:856][194]LogModuleManager: Shutting down and abandoning module TcpMessaging (214)
[2017.05.29-14.42.40:956][194]LogModuleManager: Shutting down and abandoning module GameplayTagsEditor (212)
[2017.05.29-14.42.40:956][194]LogModuleManager: Shutting down and abandoning module FacialAnimationEditor (210)
[2017.05.29-14.42.40:956][194]LogModuleManager: Shutting down and abandoning module FacialAnimation (208)
[2017.05.29-14.42.40:956][194]LogModuleManager: Shutting down and abandoning module LightPropagationVolumeRuntime (206)
[2017.05.29-14.42.40:956][194]LogModuleManager: Shutting down and abandoning module Paper2D (204)
[2017.05.29-14.42.40:956][194]LogModuleManager: Shutting down and abandoning module WindowsMoviePlayer (202)
[2017.05.29-14.42.40:956][194]LogModuleManager: Shutting down and abandoning module WmfMedia (200)
[2017.05.29-14.42.40:957][194]LogModuleManager: Shutting down and abandoning module MfMedia (198)
[2017.05.29-14.42.40:957][194]LogModuleManager: Shutting down and abandoning module MediaAssets (196)
[2017.05.29-14.42.40:957][194]LogModuleManager: Shutting down and abandoning module GameLiveStreaming (194)
[2017.05.29-14.42.40:957][194]LogModuleManager: Shutting down and abandoning module VREditor (192)
[2017.05.29-14.42.40:957][194]LogModuleManager: Shutting down and abandoning module GameplayTasksEditor (190)
[2017.05.29-14.42.40:957][194]LogModuleManager: Shutting down and abandoning module BehaviorTreeEditor (188)
[2017.05.29-14.42.40:957][194]LogModuleManager: Shutting down and abandoning module FunctionalTesting (186)
[2017.05.29-14.42.40:957][194]LogModuleManager: Shutting down and abandoning module CollisionAnalyzer (184)
[2017.05.29-14.42.40:957][194]LogModuleManager: Shutting down and abandoning module UMG (182)
[2017.05.29-14.42.40:957][194]LogModuleManager: Shutting down and abandoning module UMGEditor (181)
[2017.05.29-14.42.40:957][194]LogModuleManager: Shutting down and abandoning module Sequencer (180)
[2017.05.29-14.42.40:957][194]LogModuleManager: Shutting down and abandoning module AssetTools (178)
[2017.05.29-14.42.40:957][194]LogModuleManager: Shutting down and abandoning module MessageLog (177)
[2017.05.29-14.42.40:957][194]LogModuleManager: Shutting down and abandoning module WorkspaceMenuStructure (176)
[2017.05.29-14.42.40:957][194]LogModuleManager: Shutting down and abandoning module SlateReflector (170)
[2017.05.29-14.42.40:957][194]LogModuleManager: Shutting down and abandoning module Slate (168)
[2017.05.29-14.42.40:958][194]LogModuleManager: Shutting down and abandoning module EditorStyle (166)
[2017.05.29-14.42.40:966][194]LogModuleManager: Shutting down and abandoning module SourceCodeAccess (164)
[2017.05.29-14.42.40:966][194]LogModuleManager: Shutting down and abandoning module HeadMountedDisplay (162)
[2017.05.29-14.42.40:966][194]LogModuleManager: Shutting down and abandoning module XAudio2 (160)
[2017.05.29-14.42.40:966][194]LogModuleManager: Shutting down and abandoning module Networking (158)
[2017.05.29-14.42.40:966][194]LogModuleManager: Shutting down and abandoning module Core (154)
[2017.05.29-14.42.40:966][194]LogModuleManager: Shutting down and abandoning module AssetRegistry (152)
[2017.05.29-14.42.41:217][194]LogDirectoryWatcher: A directory notification for '../../../Engine/Content/' was aborted.
[2017.05.29-14.42.41:217][194]LogDirectoryWatcher: A directory notification for '../../../Engine/Plugins/2D/Paper2D/Content/' was aborted.
[2017.05.29-14.42.41:218][194]LogModuleManager: Shutting down and abandoning module DirectoryWatcher (151)
[2017.05.29-14.42.41:220][194]LogModuleManager: Shutting down and abandoning module KismetCompiler (148)
[2017.05.29-14.42.41:220][194]LogModuleManager: Shutting down and abandoning module PhysXFormats (146)
[2017.05.29-14.42.41:220][194]LogModuleManager: Shutting down and abandoning module MeshUtilities (144)
[2017.05.29-14.42.41:220][194]LogModuleManager: Shutting down and abandoning module SimplygonSwarm (143)
[2017.05.29-14.42.41:220][194]LogModuleManager: Shutting down and abandoning module SimplygonMeshReduction (141)
[2017.05.29-14.42.41:220][194]LogModuleManager: Shutting down and abandoning module QuadricMeshReduction (139)
[2017.05.29-14.42.41:220][194]LogModuleManager: Shutting down and abandoning module PropertyEditor (137)
[2017.05.29-14.42.41:220][194]LogModuleManager: Shutting down and abandoning module DerivedDataCache (134)
[2017.05.29-14.42.41:244][194]LogDerivedDataCache: Shutdown
[2017.05.29-14.42.41:244][194]LogModuleManager: Shutting down and abandoning module TargetPlatform (132)
[2017.05.29-14.42.41:244][194]LogModuleManager: Shutting down and abandoning module VulkanShaderFormat (131)
[2017.05.29-14.42.41:244][194]LogModuleManager: Shutting down and abandoning module ShaderFormatOpenGL (129)
[2017.05.29-14.42.41:245][194]LogModuleManager: Shutting down and abandoning module ShaderFormatD3D (127)
[2017.05.29-14.42.41:245][194]LogModuleManager: Shutting down and abandoning module MetalShaderFormat (125)
[2017.05.29-14.42.41:245][194]LogModuleManager: Shutting down and abandoning module TextureFormatUncompressed (123)
[2017.05.29-14.42.41:245][194]LogModuleManager: Shutting down and abandoning module TextureFormatPVR (121)
[2017.05.29-14.42.41:245][194]LogModuleManager: Shutting down and abandoning module TextureFormatDXT (119)
[2017.05.29-14.42.41:245][194]LogModuleManager: Shutting down and abandoning module TextureFormatIntelISPCTexComp (117)
[2017.05.29-14.42.41:245][194]LogModuleManager: Shutting down and abandoning module TextureFormatASTC (115)
[2017.05.29-14.42.41:245][194]LogModuleManager: Shutting down and abandoning module ImageWrapper (114)
[2017.05.29-14.42.41:245][194]LogModuleManager: Shutting down and abandoning module TextureFormatAndroid (111)
[2017.05.29-14.42.41:245][194]LogModuleManager: Shutting down and abandoning module AudioFormatOpus (109)
[2017.05.29-14.42.41:245][194]LogModuleManager: Shutting down and abandoning module AudioFormatOgg (107)
[2017.05.29-14.42.41:245][194]LogModuleManager: Shutting down and abandoning module AudioFormatADPCM (105)
[2017.05.29-14.42.41:245][194]LogModuleManager: Shutting down and abandoning module LinuxTargetPlatform (103)
[2017.05.29-14.42.41:245][194]LogModuleManager: Shutting down and abandoning module LinuxServerTargetPlatform (101)
[2017.05.29-14.42.41:245][194]LogModuleManager: Shutting down and abandoning module LinuxNoEditorTargetPlatform (99)
[2017.05.29-14.42.41:245][194]LogModuleManager: Shutting down and abandoning module LinuxClientTargetPlatform (97)
[2017.05.29-14.42.41:245][194]LogModuleManager: Shutting down and abandoning module TVOSTargetPlatform (95)
[2017.05.29-14.42.41:245][194]LogModuleManager: Shutting down and abandoning module Messaging (93)
[2017.05.29-14.42.41:245][194]LogModuleManager: Shutting down and abandoning module IOSTargetPlatform (91)
[2017.05.29-14.42.41:245][194]LogModuleManager: Shutting down and abandoning module HTML5TargetPlatform (89)
[2017.05.29-14.42.41:245][194]LogModuleManager: Shutting down and abandoning module Android_PVRTCTargetPlatform (87)
[2017.05.29-14.42.41:245][194]LogModuleManager: Shutting down and abandoning module Android_MultiTargetPlatform (85)
[2017.05.29-14.42.41:245][194]LogModuleManager: Shutting down and abandoning module Android_ETC2TargetPlatform (83)
[2017.05.29-14.42.41:245][194]LogModuleManager: Shutting down and abandoning module Android_ETC1TargetPlatform (81)
[2017.05.29-14.42.41:245][194]LogModuleManager: Shutting down and abandoning module Android_DXTTargetPlatform (79)
[2017.05.29-14.42.41:245][194]LogModuleManager: Shutting down and abandoning module Android_ATCTargetPlatform (77)
[2017.05.29-14.42.41:245][194]LogModuleManager: Shutting down and abandoning module Android_ASTCTargetPlatform (75)
[2017.05.29-14.42.41:245][194]LogModuleManager: Shutting down and abandoning module AndroidTargetPlatform (73)
[2017.05.29-14.42.41:245][194]LogModuleManager: Shutting down and abandoning module WindowsTargetPlatform (71)
[2017.05.29-14.42.41:245][194]LogModuleManager: Shutting down and abandoning module WindowsServerTargetPlatform (69)
[2017.05.29-14.42.41:245][194]LogModuleManager: Shutting down and abandoning module WindowsNoEditorTargetPlatform (67)
[2017.05.29-14.42.41:245][194]LogModuleManager: Shutting down and abandoning module WindowsClientTargetPlatform (65)
[2017.05.29-14.42.41:245][194]LogModuleManager: Shutting down and abandoning module MacTargetPlatform (63)
[2017.05.29-14.42.41:245][194]LogModuleManager: Shutting down and abandoning module MacServerTargetPlatform (61)
[2017.05.29-14.42.41:245][194]LogModuleManager: Shutting down and abandoning module MacNoEditorTargetPlatform (59)
[2017.05.29-14.42.41:245][194]LogModuleManager: Shutting down and abandoning module MacClientTargetPlatform (57)
[2017.05.29-14.42.41:246][194]LogModuleManager: Shutting down and abandoning module AllDesktopTargetPlatform (55)
[2017.05.29-14.42.41:246][194]LogModuleManager: Shutting down and abandoning module InputCore (52)
[2017.05.29-14.42.41:246][194]LogModuleManager: Shutting down and abandoning module Settings (50)
[2017.05.29-14.42.41:246][194]LogModuleManager: Shutting down and abandoning module OculusRift (48)
[2017.05.29-14.42.41:246][194]LogModuleManager: Shutting down and abandoning module GearVR (46)
[2017.05.29-14.42.41:246][194]LogModuleManager: Shutting down and abandoning module ExampleDeviceProfileSelector (44)
[2017.05.29-14.42.41:246][194]LogModuleManager: Shutting down and abandoning module OnlineBlueprintSupport (42)
[2017.05.29-14.42.41:246][194]LogModuleManager: Shutting down and abandoning module OnlineSubsystem (38)
[2017.05.29-14.42.41:246][194]LogOnline:Display: Unloading online subsystem: NULL
[2017.05.29-14.42.41:246][194]LogModuleManager: Shutting down and abandoning module XMPP (37)
[2017.05.29-14.42.41:246][194]LogModuleManager: Shutting down and abandoning module HTTP (35)
[2017.05.29-14.42.41:254][194]LogModuleManager: Shutting down and abandoning module SSL (34)
[2017.05.29-14.42.41:256][194]LogModuleManager: Shutting down and abandoning module AudioEditor (30)
[2017.05.29-14.42.41:256][194]LogModuleManager: Shutting down and abandoning module TextureCompressor (28)
[2017.05.29-14.42.41:257][194]LogModuleManager: Shutting down and abandoning module ShaderCore (26)
[2017.05.29-14.42.41:257][194]LogModuleManager: Shutting down and abandoning module Landscape (24)
[2017.05.29-14.42.41:257][194]LogModuleManager: Shutting down and abandoning module SlateRHIRenderer (22)
[2017.05.29-14.42.41:261][194]LogModuleManager: Shutting down and abandoning module OpenGLDrv (20)
[2017.05.29-14.42.41:261][194]LogModuleManager: Shutting down and abandoning module D3D11RHI (18)
[2017.05.29-14.42.41:261][194]LogModuleManager: Shutting down and abandoning module AnimGraphRuntime (16)
[2017.05.29-14.42.41:261][194]LogModuleManager: Shutting down and abandoning module Renderer (14)
[2017.05.29-14.42.41:261][194]LogModuleManager: Shutting down and abandoning module Engine (12)
[2017.05.29-14.42.41:261][194]LogModuleManager: Shutting down and abandoning module CoreUObject (10)
[2017.05.29-14.42.41:261][194]LogModuleManager: Shutting down and abandoning module NetworkFile (8)
[2017.05.29-14.42.41:261][194]LogModuleManager: Shutting down and abandoning module StreamingFile (6)
[2017.05.29-14.42.41:261][194]LogModuleManager: Shutting down and abandoning module SandboxFile (4)
[2017.05.29-14.42.41:261][194]LogModuleManager: Shutting down and abandoning module PakFile (2)
[2017.05.29-14.42.41:263][194]LogExit: Exiting.
[2017.05.29-14.42.41:285][194]Log file closed, 05/29/17 16:42:41
