Log file open, 06/08/17 14:45:15
LogInit:Display: Running engine for game: Anerops
LogPlatformFile: Not using cached read wrapper
LogInit:Display: RandInit(1896816421) SRandInit(1896816422).
LogTaskGraph: Started task graph with 5 named threads and 8 total threads with 1 sets of task threads.
LogStats: Stats thread started at 0.126116
LogInit: Using libcurl 7.47.1
LogInit:  - built for x86_64-pc-win32
LogInit:  - supports SSL with OpenSSL/1.0.2g
LogInit:  - supports HTTP deflate (compression) using libz 1.2.8
LogInit:  - other features:
LogInit:      CURL_VERSION_SSL
LogInit:      CURL_VERSION_LIBZ
LogInit:      CURL_VERSION_IPV6
LogInit:      CURL_VERSION_ASYNCHDNS
LogInit:      CURL_VERSION_LARGEFILE
LogInit:      CURL_VERSION_IDN
LogInit:  CurlRequestOptions (configurable via config and command line):
LogInit:  - bVerifyPeer = false  - Libcurl will NOT verify peer certificate
LogInit:  - bUseHttpProxy = false  - Libcurl will NOT use HTTP proxy
LogInit:  - bDontReuseConnections = false  - Libcurl will reuse connections
LogInit:  - CertBundlePath = nullptr  - Libcurl will use whatever was configured at build time.
LogInit: Build: ++UE4+Release-4.15-CL-3416026
LogInit: Engine Version: 4.15.2-3416026+++UE4+Release-4.15
LogInit: Compatible Engine Version: 4.15.0-3299760+++UE4+Release-4.15
LogInit: Net CL: 3299760
LogDevObjectVersion: Number of dev versions registered: 14
LogDevObjectVersion:   Dev-Blueprints (B0D832E4-1F89-4F0D-ACCF-7EB736FD4AA2): 8
LogDevObjectVersion:   Dev-Build (E1C64328-A22C-4D53-A36C-8E866417BD8C): 0
LogDevObjectVersion:   Dev-Core (375EC13C-06E4-48FB-B500-84F0262A717E): 2
LogDevObjectVersion:   Dev-Editor (E4B068ED-F494-42E9-A231-DA0B2E46BB41): 14
LogDevObjectVersion:   Dev-Framework (CFFC743F-43B0-4480-9391-14DF171D2073): 22
LogDevObjectVersion:   Dev-Mobile (B02B49B5-BB20-44E9-A304-32B752E40360): 0
LogDevObjectVersion:   Dev-Networking (A4E4105C-59A1-49B5-A7C5-40C4547EDFEE): 0
LogDevObjectVersion:   Dev-Online (39C831C9-5AE6-47DC-9A44-9C173E1C8E7C): 0
LogDevObjectVersion:   Dev-Physics (78F01B33-EBEA-4F98-B9B4-84EACCB95AA2): 0
LogDevObjectVersion:   Dev-Platform (6631380F-2D4D-43E0-8009-CF276956A95A): 0
LogDevObjectVersion:   Dev-Rendering (12F88B9F-8875-4AFC-A67C-D90C383ABD29): 12
LogDevObjectVersion:   Dev-Sequencer (7B5AE74C-D270-4C10-A958-57980B212A5A): 3
LogDevObjectVersion:   Dev-VR (D7296918-1DD6-4BDD-9DE2-64A83CC13884): 0
LogDevObjectVersion:   Dev-LoadTimes (C2A15278-BFE7-4AFE-6C17-90FF531DF755): 1
LogInit: Compiled (64-bit): May  1 2017 13:11:28
LogInit: Compiled with Visual C++: 19.00.23026.00
LogInit: Build Configuration: Development
LogInit: Branch Name: ++UE4+Release-4.15
LogInit: Command line:  
LogInit: Base directory: C:/Program Files/Epic Games/UE_4.15/Engine/Binaries/Win64/
LogInit: Installed Engine Build: 1
LogInit: Presizing for max 8388607 objects, including 0 objects not considered by GC, pre-allocating 0 bytes for permanent pool.
LogInit: Object subsystem initialized
[2017.06.08-12.45.17:156][  0]LogInit: Selected Device Profile: [Windows]
[2017.06.08-12.45.17:156][  0]LogInit: Applying CVar settings loaded from the selected device profile: [Windows]
[2017.06.08-12.45.17:244][  0]LogInit: Computer: DESKTOP-NKII5JR
[2017.06.08-12.45.17:244][  0]LogInit: User: winktim
[2017.06.08-12.45.17:244][  0]LogInit: CPU Page size=65536, Cores=4
[2017.06.08-12.45.17:244][  0]LogInit: High frequency timer resolution =3.117186 MHz
[2017.06.08-12.45.17:245][  0]LogMemory: Memory total: Physical=7.9GB (8GB approx)
[2017.06.08-12.45.17:245][  0]LogMemory: Platform Memory Stats for Windows
[2017.06.08-12.45.17:245][  0]LogMemory: Process Physical Memory: 262.73 MB used, 262.73 MB peak
[2017.06.08-12.45.17:245][  0]LogMemory: Process Virtual Memory: 262.52 MB used, 262.52 MB peak
[2017.06.08-12.45.17:245][  0]LogMemory: Physical Memory: 2150.27 MB used,  5983.54 MB free, 8133.81 MB total
[2017.06.08-12.45.17:245][  0]LogMemory: Virtual Memory: 644.25 MB used,  5983.54 MB free, 134217728.00 MB total
[2017.06.08-12.45.17:564][  0]LogTextLocalizationManager: No translations for ('fr-CH') exist, falling back to 'en' for localization and internationalization data.
[2017.06.08-12.45.20:284][  0]LogD3D11RHI: D3D11 adapters:
[2017.06.08-12.45.20:344][  0]LogD3D11RHI:    0. 'NVIDIA GeForce GTX 1060 6GB' (Feature Level 11_0)
[2017.06.08-12.45.20:344][  0]LogD3D11RHI:       6084/0/4066 MB DedicatedVideo/DedicatedSystem/SharedSystem, Outputs:1, VendorId:0x10de
[2017.06.08-12.45.20:347][  0]LogD3D11RHI:    1. 'Microsoft Basic Render Driver' (Feature Level 11_0)
[2017.06.08-12.45.20:347][  0]LogD3D11RHI:       0/0/4066 MB DedicatedVideo/DedicatedSystem/SharedSystem, Outputs:0, VendorId:0x1414
[2017.06.08-12.45.20:347][  0]LogD3D11RHI: Chosen D3D11 Adapter: 0
[2017.06.08-12.45.20:350][  0]LogD3D11RHI: Creating new Direct3DDevice
[2017.06.08-12.45.20:350][  0]LogD3D11RHI:     GPU DeviceId: 0x1c03 (for the marketing name, search the web for "GPU Device Id")
[2017.06.08-12.45.20:350][  0]LogWindows: EnumDisplayDevices:
[2017.06.08-12.45.20:350][  0]LogWindows:    0. 'NVIDIA GeForce GTX 1060 6GB' (P:1 D:1)
[2017.06.08-12.45.20:351][  0]LogWindows:    1. 'NVIDIA GeForce GTX 1060 6GB' (P:0 D:0)
[2017.06.08-12.45.20:351][  0]LogWindows:    2. 'NVIDIA GeForce GTX 1060 6GB' (P:0 D:0)
[2017.06.08-12.45.20:351][  0]LogWindows:    3. 'NVIDIA GeForce GTX 1060 6GB' (P:0 D:0)
[2017.06.08-12.45.20:351][  0]LogWindows: DebugString: FoundDriverCount:4 
[2017.06.08-12.45.20:351][  0]LogD3D11RHI:     Adapter Name: NVIDIA GeForce GTX 1060 6GB
[2017.06.08-12.45.20:351][  0]LogD3D11RHI:   Driver Version: 382.05 (internal:22.21.13.8205, unified:382.05)
[2017.06.08-12.45.20:351][  0]LogD3D11RHI:      Driver Date: 5-1-2017
[2017.06.08-12.45.20:351][  0]LogRHI: Texture pool is 1361 MB (70% of 1945 MB)
[2017.06.08-12.45.20:386][  0]LogD3D11RHI: [Aftermath] Aftermath enabled and primed
[2017.06.08-12.45.20:386][  0]LogD3D11RHI: Async texture creation enabled
[2017.06.08-12.45.20:397][  0]LogD3D11RHI: GPU Timing Frequency: 1000.000000 (Debug: 2 1)
[2017.06.08-12.45.20:398][  0]LogShaderCompilers: Guid format shader working directory is 2 characters bigger than the processId version (//AIF-OP-WINKTIM/5_local-Tim/2_projets/Anerops/Intermediate/Shaders/WorkingDirectory/5136/).
[2017.06.08-12.45.20:398][  0]LogShaderCompilers: Cleaned the shader compiler working directory 'C:/Users/winktim/AppData/Local/Temp/UnrealShaderWorkingDir/A1D2284B4841CEC667FF05B6647591E6/'.
[2017.06.08-12.45.20:398][  0]LogShaderCompilers:Display: Using Local Shader Compiler.
[2017.06.08-12.45.22:967][  0]LogTemp:Display: Loaded TP AllDesktopTargetPlatform
[2017.06.08-12.45.23:127][  0]LogTemp:Display: Loaded TP MacClientTargetPlatform
[2017.06.08-12.45.23:278][  0]LogTemp:Display: Loaded TP MacNoEditorTargetPlatform
[2017.06.08-12.45.23:429][  0]LogTemp:Display: Loaded TP MacServerTargetPlatform
[2017.06.08-12.45.23:584][  0]LogTemp:Display: Loaded TP MacTargetPlatform
[2017.06.08-12.45.23:735][  0]LogTemp:Display: Loaded TP WindowsClientTargetPlatform
[2017.06.08-12.45.23:888][  0]LogTemp:Display: Loaded TP WindowsNoEditorTargetPlatform
[2017.06.08-12.45.24:040][  0]LogTemp:Display: Loaded TP WindowsServerTargetPlatform
[2017.06.08-12.45.24:177][  0]LogTemp:Display: Loaded TP WindowsTargetPlatform
[2017.06.08-12.45.24:375][  0]LogTemp:Display: Loaded TP AndroidTargetPlatform
[2017.06.08-12.45.24:527][  0]LogTemp:Display: Loaded TP Android_ASTCTargetPlatform
[2017.06.08-12.45.24:776][  0]LogTemp:Display: Loaded TP Android_ATCTargetPlatform
[2017.06.08-12.45.24:931][  0]LogTemp:Display: Loaded TP Android_DXTTargetPlatform
[2017.06.08-12.45.25:087][  0]LogTemp:Display: Loaded TP Android_ETC1TargetPlatform
[2017.06.08-12.45.25:239][  0]LogTemp:Display: Loaded TP Android_ETC2TargetPlatform
[2017.06.08-12.45.25:588][  0]LogTemp:Display: Loaded TP Android_MultiTargetPlatform
[2017.06.08-12.45.25:588][  0]LogTemp:Display: Loaded TP Android_PVRTCTargetPlatform
[2017.06.08-12.45.25:718][  0]LogTemp:Display: Loaded TP HTML5TargetPlatform
[2017.06.08-12.45.25:969][  0]LogTemp:Display: Loaded TP IOSTargetPlatform
[2017.06.08-12.45.26:075][  0]LogTemp:Display: Loaded TP TVOSTargetPlatform
[2017.06.08-12.45.26:254][  0]LogTemp:Display: Loaded TP LinuxClientTargetPlatform
[2017.06.08-12.45.26:440][  0]LogTemp:Display: Loaded TP LinuxNoEditorTargetPlatform
[2017.06.08-12.45.26:591][  0]LogTemp:Display: Loaded TP LinuxServerTargetPlatform
[2017.06.08-12.45.26:770][  0]LogTemp:Display: Loaded TP LinuxTargetPlatform
[2017.06.08-12.45.26:770][  0]LogTargetPlatformManager:Display: Building Assets For Windows
[2017.06.08-12.45.27:917][  0]LogDerivedDataCache:Display: Max Cache Size: 512 MB
[2017.06.08-12.45.27:968][  0]LogDerivedDataCache: Loaded boot cache 0.05s 50MB C:/Users/winktim/AppData/Local/UnrealEngine/4.15/DerivedDataCache/Boot.ddc.
[2017.06.08-12.45.27:969][  0]LogDerivedDataCache:Display: Loaded Boot cache: C:/Users/winktim/AppData/Local/UnrealEngine/4.15/DerivedDataCache/Boot.ddc
[2017.06.08-12.45.27:971][  0]LogDerivedDataCache: FDerivedDataBackendGraph:  Pak pak cache file //AIF-OP-WINKTIM/5_local-Tim/2_projets/Anerops/DerivedDataCache/DDC.ddp not found, will not use a pak cache.
[2017.06.08-12.45.27:971][  0]LogDerivedDataCache: Unable to find inner node Pak for hierarchical cache Hierarchy.
[2017.06.08-12.45.27:972][  0]LogDerivedDataCache: FDerivedDataBackendGraph:  CompressedPak pak cache file //AIF-OP-WINKTIM/5_local-Tim/2_projets/Anerops/DerivedDataCache/Compressed.ddp not found, will not use a pak cache.
[2017.06.08-12.45.27:972][  0]LogDerivedDataCache: Unable to find inner node CompressedPak for hierarchical cache Hierarchy.
[2017.06.08-12.45.27:991][  0]LogDerivedDataCache:Display: Pak cache opened for reading ../../../Engine/DerivedDataCache/Compressed.ddp.
[2017.06.08-12.45.28:007][  0]LogDerivedDataCache: Using Local data cache path C:/Users/winktim/AppData/Local/UnrealEngine/Common/DerivedDataCache: Writable
[2017.06.08-12.45.28:015][  0]LogSlate: Using Freetype 2.6.0
[2017.06.08-12.45.28:024][  0]LogSlate: SlateFontCache - WITH_FREETYPE: 1, WITH_HARFBUZZ: 1
[2017.06.08-12.45.28:024][  0]LogSlate: SlateFontCache - WITH_FREETYPE: 1, WITH_HARFBUZZ: 1
[2017.06.08-12.45.30:930][  0]LogInit: Selected Device Profile: [Windows]
[2017.06.08-12.45.30:933][  0]LogContentStreaming: Texture pool size is 0.00 MB
[2017.06.08-12.45.31:326][  0]LogMeshUtilities: Using QuadricMeshReduction for automatic static mesh reduction
[2017.06.08-12.45.31:462][  0]LogSimplygon: Simplygon DLL not present - disabling.
[2017.06.08-12.45.31:600][  0]LogMeshUtilities: Using SimplygonSwarm for distributed automatic mesh merging
[2017.06.08-12.45.31:600][  0]LogMeshUtilities: No automatic skeletal mesh reduction module available
[2017.06.08-12.45.31:600][  0]LogMeshUtilities: No automatic mesh merging module available
[2017.06.08-12.45.32:771][  0]LogNetVersion: GetLocalNetworkVersion: CL: 3299760, ProjectName: anerops, ProjectVersion: , EngineNetworkVersion: 2, GameNetworkVersion: 0, NetworkChecksum: 2578489181
[2017.06.08-12.45.32:828][  0]LogAssetRegistry: FAssetRegistry took 0.0219 seconds to start up
[2017.06.08-12.45.33:345][  0]LogPackageLocalizationCache: Processed 3 localized package path(s) for 1 prioritized culture(s) in 0.474107 seconds
[2017.06.08-12.45.33:351][  0]LogUObjectArray: 32493 objects as part of root set at end of initial load.
[2017.06.08-12.45.33:351][  0]LogUObjectAllocator: 7077032 out of 0 bytes used by permanent object pool.
[2017.06.08-12.45.33:351][  0]LogUObjectArray: CloseDisregardForGC: 0/0 objects in disregard for GC pool
[2017.06.08-12.45.33:435][  0]LogInit: WinSock: version 1.1 (2.2), MaxSocks=32767, MaxUdp=65467
[2017.06.08-12.45.40:197][  0]LogTcpMessaging: Initializing TcpMessaging bridge
[2017.06.08-12.45.40:252][  0]LogUdpMessaging: Initializing bridge on interface 0.0.0.0:0 to multicast group 230.0.0.1:6666.
[2017.06.08-12.45.40:253][  0]LogDirectoryWatcher: A directory notification failed for '//AIF-OP-WINKTIM/5_local-Tim/2_projets/Anerops/Content/' because it was empty or there was a buffer overflow. Attemping another request...
[2017.06.08-12.45.41:879][  0]LogMaterial: Uniform references updated for custom material expression Custom.
[2017.06.08-12.45.43:021][  0]SourceControl: Info Source control is disabled
[2017.06.08-12.45.43:186][  0]SourceControl: Info Source control is disabled
[2017.06.08-12.45.43:337][  0]SourceControl: Info Source control is disabled
[2017.06.08-12.45.43:478][  0]SourceControl: Info Source control is disabled
[2017.06.08-12.45.47:023][  0]LogEngine: Initializing Engine...
[2017.06.08-12.45.47:025][  0]LogHMD: Failed to initialize OpenVR with code 110
[2017.06.08-12.45.47:205][  0]LogStats: UGameplayTagsManager::ConstructGameplayTagTree: Construct from data asset -  0.000 s
[2017.06.08-12.45.47:205][  0]LogStats: UGameplayTagsManager::ConstructGameplayTagTree: GameplayTagTreeChangedEvent.Broadcast -  0.000 s
[2017.06.08-12.45.47:602][  0]LogAIModule: Creating AISystem for world Untitled
[2017.06.08-12.45.47:632][  0]LogInit: No audio devices found!
[2017.06.08-12.45.47:660][  0]LogDerivedDataCache: Saved boot cache 0.03s 50MB C:/Users/winktim/AppData/Local/UnrealEngine/4.15/DerivedDataCache/Boot.ddc.
[2017.06.08-12.45.47:668][  0]LogInit: Texture streaming: Enabled
[2017.06.08-12.45.48:048][  0]LogInit: Transaction tracking system initialized
[2017.06.08-12.45.49:123][  0]BlueprintLog: New page: Editor Load
[2017.06.08-12.45.51:680][  0]LocalizationService: Info Localization service is disabled
[2017.06.08-12.45.53:695][  0]LogConsoleResponse:Display: 
[2017.06.08-12.45.53:946][  0]LogCook:Display: Max memory allowance for cook 16384mb min free memory 0mb
[2017.06.08-12.45.53:946][  0]LogCook:Display: Mobile HDR setting 1
[2017.06.08-12.45.54:531][  0]LogFileCache: Scanning file cache for directory '//AIF-OP-WINKTIM/5_local-Tim/2_projets/Anerops/Content/' took 0.02s
[2017.06.08-12.45.56:719][  0]SourceControl: Info Source control is disabled
[2017.06.08-12.45.56:719][  0]Cmd: MAP LOAD FILE="../../../Engine/Content/Maps/Templates/Template_Default.umap" TEMPLATE=1 SHOWPROGRESS=1 FEATURELEVEL=3
[2017.06.08-12.45.56:723][  0]LightingResults: New page: Lighting Build
[2017.06.08-12.45.56:857][  0]MapCheck: New page: Map Check
[2017.06.08-12.45.56:857][  0]LightingResults: New page: Lighting Build
[2017.06.08-12.45.57:063][  0]LogAIModule: Creating AISystem for world Untitled_1
[2017.06.08-12.45.57:081][  0]LogActorComponent: RegisterComponentWithWorld: (/Temp/Untitled_1.Untitled_1:PersistentLevel.WorldSettings_1.StaticMeshComponent0) Trying to register component with IsPendingKill() == true. Aborting.
[2017.06.08-12.45.57:088][  0]LogEditorServer: Finished looking for orphan Actors (0.000 secs)
[2017.06.08-12.45.57:092][  0]Cmd: MAP CHECKDEP NOCLEARLOG
[2017.06.08-12.45.57:401][  0]MapCheck: Info Map check complete: 0 Error(s), 0 Warning(s), took 308.662ms to complete.
[2017.06.08-12.45.57:401][  0]LogFileHelpers: Loading map 'Template_Default' took 0.681
[2017.06.08-12.45.57:459][  0]LogWindowsTextInputMethodSystem:Display: IME system now deactivated.
[2017.06.08-12.45.57:744][  0]LogCollectionManager: Loaded 0 collections in 0.010176 seconds
[2017.06.08-12.45.57:911][  0]LogFileCache: Scanning file cache for directory '//AIF-OP-WINKTIM/5_local-Tim/2_projets/Anerops/Saved/Collections/' took 0.01s
[2017.06.08-12.45.57:911][  0]LogFileCache: Scanning file cache for directory '//AIF-OP-WINKTIM/5_local-Tim/2_projets/Anerops/Content/Developers/winktim/Collections/' took 0.01s
[2017.06.08-12.45.57:911][  0]LogFileCache: Scanning file cache for directory '//AIF-OP-WINKTIM/5_local-Tim/2_projets/Anerops/Content/Collections/' took 0.01s
[2017.06.08-12.45.57:911][  0]LogCollectionManager: Rebuilt the GUID cache for 0 collections in 0.000001 seconds
[2017.06.08-12.45.57:921][  0]LogContentBrowser: Native class hierarchy populated in 0.0095 seconds. Added 2248 classes and 457 folders.
[2017.06.08-12.45.58:085][  0]LogContentBrowser: Native class hierarchy updated for 'WidgetCarousel' in 0.0020 seconds. Added 0 classes and 0 folders.
[2017.06.08-12.45.58:326][  0]LogContentBrowser: Native class hierarchy updated for 'AddContentDialog' in 0.0022 seconds. Added 0 classes and 0 folders.
[2017.06.08-12.45.58:383][  0]LogCrashTracker: Crashtracker disabled due to settings.
[2017.06.08-12.45.58:389][  0]LogUObjectGlobals:Warning: Failed to find object 'Class None.'
[2017.06.08-12.45.58:551][  0]LogContentBrowser: Native class hierarchy updated for 'HierarchicalLODOutliner' in 0.0019 seconds. Added 1 classes and 2 folders.
[2017.06.08-12.45.58:551][  0]LogLoad: (Engine Initialization) Total time: 47.24 seconds
[2017.06.08-12.45.58:551][  0]LogLoad: (Engine Initialization) Total Blueprint compile time: 0.18 seconds
[2017.06.08-12.45.58:552][  0]LogExternalProfiler: No external profilers were discovered.  External profiling features will not be available.
[2017.06.08-12.45.58:560][  0]LogOcInput: OculusInput pre-init called
[2017.06.08-12.45.58:574][  0]LogAssetRegistry: Asset discovery search completed in 25.7685 seconds
[2017.06.08-12.45.58:574][  0]LogCollectionManager: Rebuilt the object cache for 0 collections in 0.000003 seconds (found 0 objects)
[2017.06.08-12.45.58:574][  0]LogCollectionManager: Fixed up redirectors for 0 collections in 0.000014 seconds (updated 0 objects)
[2017.06.08-12.45.58:574][  0]LogDirectoryWatcher: A directory notification failed for '//AIF-OP-WINKTIM/5_local-Tim/2_projets/Anerops/Content/' because it was empty or there was a buffer overflow. Attemping another request...
[2017.06.08-12.45.58:576][  0]LogDirectoryWatcher: A directory notification failed for '//AIF-OP-WINKTIM/5_local-Tim/2_projets/Anerops/Content/', and we were unable to create a new request.
[2017.06.08-12.45.58:576][  0]LogDirectoryWatcher: A directory notification failed for '//AIF-OP-WINKTIM/5_local-Tim/2_projets/Anerops/Binaries/Win64' because it was empty or there was a buffer overflow. Attemping another request...
[2017.06.08-12.45.58:576][  0]LogDirectoryWatcher: A directory notification failed for '//AIF-OP-WINKTIM/5_local-Tim/2_projets/Anerops/Saved/Collections/' because it was empty or there was a buffer overflow. Attemping another request...
[2017.06.08-12.45.58:576][  0]LogDirectoryWatcher: A directory notification failed for '//AIF-OP-WINKTIM/5_local-Tim/2_projets/Anerops/Content/Developers/winktim/Collections/' because it was empty or there was a buffer overflow. Attemping another request...
[2017.06.08-12.45.58:576][  0]LogDirectoryWatcher: A directory notification failed for '//AIF-OP-WINKTIM/5_local-Tim/2_projets/Anerops/Content/Collections/' because it was empty or there was a buffer overflow. Attemping another request...
[2017.06.08-12.45.58:581][  0]LogContentStreaming: Texture pool size now 1000 MB
[2017.06.08-12.45.58:585][  0]LogSlate: Took 0.003303 seconds to synchronously load lazily loaded font '../../../Engine/Content/Slate/Fonts/Roboto-Regular.ttf' (155K)
[2017.06.08-12.45.58:593][  0]LogSlate: Took 0.003075 seconds to synchronously load lazily loaded font '../../../Engine/Content/Slate/Fonts/Roboto-Bold.ttf' (160K)
[2017.06.08-12.45.58:598][  0]LogSlate: Took 0.003126 seconds to synchronously load lazily loaded font '../../../Engine/Content/Editor/Slate/Fonts/FontAwesome.ttf' (139K)
[2017.06.08-12.45.58:704][  0]LogSlate: Took 0.003035 seconds to synchronously load lazily loaded font '../../../Engine/Content/Slate/Fonts/Roboto-Light.ttf' (159K)
[2017.06.08-12.45.58:742][  0]LogRenderer: Reallocating scene render targets to support 1156x688 NumSamples 1 (Frame:2).
[2017.06.08-12.45.58:801][  1]LogDirectoryWatcher: A directory notification failed for '//AIF-OP-WINKTIM/5_local-Tim/2_projets/Anerops/Binaries/Win64' because it was empty or there was a buffer overflow. Attemping another request...
[2017.06.08-12.45.58:803][  1]LogDirectoryWatcher: A directory notification failed for '//AIF-OP-WINKTIM/5_local-Tim/2_projets/Anerops/Binaries/Win64', and we were unable to create a new request.
[2017.06.08-12.45.58:803][  1]LogDirectoryWatcher: A directory notification failed for '//AIF-OP-WINKTIM/5_local-Tim/2_projets/Anerops/Saved/Collections/' because it was empty or there was a buffer overflow. Attemping another request...
[2017.06.08-12.45.58:805][  1]LogDirectoryWatcher: A directory notification failed for '//AIF-OP-WINKTIM/5_local-Tim/2_projets/Anerops/Saved/Collections/', and we were unable to create a new request.
[2017.06.08-12.45.58:805][  1]LogDirectoryWatcher: A directory notification failed for '//AIF-OP-WINKTIM/5_local-Tim/2_projets/Anerops/Content/Developers/winktim/Collections/' because it was empty or there was a buffer overflow. Attemping another request...
[2017.06.08-12.45.58:810][  1]LogDirectoryWatcher: A directory notification failed for '//AIF-OP-WINKTIM/5_local-Tim/2_projets/Anerops/Content/Developers/winktim/Collections/', and we were unable to create a new request.
[2017.06.08-12.45.58:811][  1]LogDirectoryWatcher: A directory notification failed for '//AIF-OP-WINKTIM/5_local-Tim/2_projets/Anerops/Content/Collections/' because it was empty or there was a buffer overflow. Attemping another request...
[2017.06.08-12.45.58:812][  1]LogDirectoryWatcher: A directory notification failed for '//AIF-OP-WINKTIM/5_local-Tim/2_projets/Anerops/Content/Collections/', and we were unable to create a new request.
[2017.06.08-12.46.16:237][ 60]Cmd: MAP LOAD FILE="//AIF-OP-WINKTIM/5_local-Tim/2_projets/Anerops/Content/MainMap.umap" TEMPLATE=0 SHOWPROGRESS=1 FEATURELEVEL=3
[2017.06.08-12.46.16:273][ 60]LogSlate: Took 0.001072 seconds to synchronously load lazily loaded font '../../../Engine/Content/Slate/Fonts/Roboto-Light.ttf' (159K)
[2017.06.08-12.46.16:284][ 60]LightingResults: New page: Lighting Build
[2017.06.08-12.46.16:286][ 60]LoadErrors: New page: Loading map: MainMap.umap
[2017.06.08-12.46.16:289][ 60]MapCheck: New page: Map Check
[2017.06.08-12.46.16:289][ 60]LightingResults: New page: Lighting Build
[2017.06.08-12.46.16:338][ 60]LogTexture:Display: Building textures: HQ_Lightmap0_1 (AutoDXT, 128X128) - 74 MB total VRAM
[2017.06.08-12.46.16:339][ 60]LogTexture:Display: Building textures: LQ_Lightmap_0_1 (DXT1, 128X128) - 74 MB total VRAM
[2017.06.08-12.46.16:340][ 60]LogTexture:Display: Building textures: ShadowMapTexture2D_0 (G8, 64X64) - 74 MB total VRAM
[2017.06.08-12.46.16:342][ 60]LogAIModule: Creating AISystem for world MainMap
[2017.06.08-12.46.16:360][ 60]LogEditorServer: Finished looking for orphan Actors (0.000 secs)
[2017.06.08-12.46.16:562][ 60]Cmd: MAP CHECKDEP NOCLEARLOG
[2017.06.08-12.46.16:886][ 60]MapCheck: Info Map check complete: 0 Error(s), 0 Warning(s), took 324.183ms to complete.
[2017.06.08-12.46.16:886][ 60]LogFileHelpers: Loading map 'MainMap' took 0.650
[2017.06.08-12.46.59:862][197]LogEditorViewport: Clicking on Actor (LMB): StaticMeshActor (Background2)
[2017.06.08-12.47.00:651][276]LogTemp: Repeting last play command: Selected Viewport
[2017.06.08-12.47.00:689][276]LogBlueprintUserMessages: Early PlayInEditor Detection: Level '/Game/MainMap.MainMap:PersistentLevel' has LevelScriptBlueprint '/Game/MainMap.MainMap:PersistentLevel.MainMap' with GeneratedClass '/Game/MainMap.MainMap_C' with ClassGeneratedBy '/Game/MainMap.MainMap:PersistentLevel.MainMap'
[2017.06.08-12.47.00:689][276]LogPlayLevel: PlayLevel: No blueprints needed recompiling
[2017.06.08-12.47.00:691][276]PIE: New page: PIE session: MainMap (Jun 8, 2017, 4:47:00 PM)
[2017.06.08-12.47.00:691][276]LogPlayLevel: Creating play world package: /Game/UEDPIE_0_MainMap
[2017.06.08-12.47.00:696][276]LogPlayLevel: PIE: StaticDuplicateObject took: (0.005169s)
[2017.06.08-12.47.00:696][276]LogAIModule: Creating AISystem for world MainMap
[2017.06.08-12.47.00:696][276]LogPlayLevel: PIE: World Init took: (0.000674s)
[2017.06.08-12.47.00:696][276]LogPlayLevel: PIE: Created PIE world by copying editor world from /Game/MainMap.MainMap to /Game/UEDPIE_0_MainMap.MainMap (0.006057s)
[2017.06.08-12.47.00:755][276]LogLoad: Game class is 'GameModeBase'
[2017.06.08-12.47.00:758][276]LogWorld: Bringing World /Game/UEDPIE_0_MainMap.MainMap up for play (max tick rate 0) at 2017.06.08-14.47.00
[2017.06.08-12.47.00:758][276]LogWorld: Bringing up level for play took: 0.001000
[2017.06.08-12.47.00:962][276]LogContentBrowser: Native class hierarchy updated for 'MovieSceneCapture' in 0.0023 seconds. Added 11 classes and 0 folders.
[2017.06.08-12.47.01:885][276]PIE: Info Play in editor start time for /Game/UEDPIE_0_MainMap 0.337
[2017.06.08-12.47.01:885][276]LogBlueprintUserMessages: Late PlayInEditor Detection: Level '/Game/MainMap.MainMap:PersistentLevel' has LevelScriptBlueprint '/Game/MainMap.MainMap:PersistentLevel.MainMap' with GeneratedClass '/Game/MainMap.MainMap_C' with ClassGeneratedBy '/Game/MainMap.MainMap:PersistentLevel.MainMap'
[2017.06.08-12.47.11:500][694]LogBlueprintUserMessages: Early EndPlayMap Detection: Level '/Game/MainMap.MainMap:PersistentLevel' has LevelScriptBlueprint '/Game/MainMap.MainMap:PersistentLevel.MainMap' with GeneratedClass '/Game/MainMap.MainMap_C' with ClassGeneratedBy '/Game/MainMap.MainMap:PersistentLevel.MainMap'
[2017.06.08-12.47.11:567][694]LogBlueprintUserMessages: Late EndPlayMap Detection: Level '/Game/MainMap.MainMap:PersistentLevel' has LevelScriptBlueprint '/Game/MainMap.MainMap:PersistentLevel.MainMap' with GeneratedClass '/Game/MainMap.MainMap_C' with ClassGeneratedBy '/Game/MainMap.MainMap:PersistentLevel.MainMap'
[2017.06.08-12.47.12:847][797]LogEditorViewport: Clicking on Actor (LMB): RealSenseActor (Face)
[2017.06.08-12.47.14:396][978]LogTemp: Repeting last play command: Selected Viewport
[2017.06.08-12.47.14:437][978]LogBlueprintUserMessages: Early PlayInEditor Detection: Level '/Game/MainMap.MainMap:PersistentLevel' has LevelScriptBlueprint '/Game/MainMap.MainMap:PersistentLevel.MainMap' with GeneratedClass '/Game/MainMap.MainMap_C' with ClassGeneratedBy '/Game/MainMap.MainMap:PersistentLevel.MainMap'
[2017.06.08-12.47.14:437][978]LogPlayLevel: PlayLevel: No blueprints needed recompiling
[2017.06.08-12.47.14:438][978]PIE: New page: PIE session: MainMap (Jun 8, 2017, 4:47:14 PM)
[2017.06.08-12.47.14:438][978]LogPlayLevel: Creating play world package: /Game/UEDPIE_0_MainMap
[2017.06.08-12.47.14:441][978]LogPlayLevel: PIE: StaticDuplicateObject took: (0.003333s)
[2017.06.08-12.47.14:441][978]LogAIModule: Creating AISystem for world MainMap
[2017.06.08-12.47.14:441][978]LogPlayLevel: PIE: World Init took: (0.000545s)
[2017.06.08-12.47.14:441][978]LogPlayLevel: PIE: Created PIE world by copying editor world from /Game/MainMap.MainMap to /Game/UEDPIE_0_MainMap.MainMap (0.004036s)
[2017.06.08-12.47.14:489][978]LogLoad: Game class is 'GameModeBase'
[2017.06.08-12.47.14:491][978]LogWorld: Bringing World /Game/UEDPIE_0_MainMap.MainMap up for play (max tick rate 0) at 2017.06.08-14.47.14
[2017.06.08-12.47.14:491][978]LogWorld: Bringing up level for play took: 0.001048
[2017.06.08-12.47.15:098][978]PIE: Info Play in editor start time for /Game/UEDPIE_0_MainMap 1.55
[2017.06.08-12.47.15:099][978]LogBlueprintUserMessages: Late PlayInEditor Detection: Level '/Game/MainMap.MainMap:PersistentLevel' has LevelScriptBlueprint '/Game/MainMap.MainMap:PersistentLevel.MainMap' with GeneratedClass '/Game/MainMap.MainMap_C' with ClassGeneratedBy '/Game/MainMap.MainMap:PersistentLevel.MainMap'
[2017.06.08-12.47.24:290][383]LogBlueprintUserMessages: Early EndPlayMap Detection: Level '/Game/MainMap.MainMap:PersistentLevel' has LevelScriptBlueprint '/Game/MainMap.MainMap:PersistentLevel.MainMap' with GeneratedClass '/Game/MainMap.MainMap_C' with ClassGeneratedBy '/Game/MainMap.MainMap:PersistentLevel.MainMap'
[2017.06.08-12.47.24:330][383]LogBlueprintUserMessages: Late EndPlayMap Detection: Level '/Game/MainMap.MainMap:PersistentLevel' has LevelScriptBlueprint '/Game/MainMap.MainMap:PersistentLevel.MainMap' with GeneratedClass '/Game/MainMap.MainMap_C' with ClassGeneratedBy '/Game/MainMap.MainMap:PersistentLevel.MainMap'
[2017.06.08-12.47.27:362][692]LogEditorViewport: Clicking on Actor (LMB): CameraActor (Camera)
[2017.06.08-12.47.28:704][828]Cmd: EDIT COPY
[2017.06.08-12.47.35:452][190]Cmd: OBJ SAVEPACKAGE PACKAGE="/Game/MainMap" FILE="//AIF-OP-WINKTIM/5_local-Tim/2_projets/Anerops/Content/MainMap.umap" SILENT=true AUTOSAVING=false KEEPDIRTY=false
[2017.06.08-12.47.36:468][190]LogSavePackage: Save=954.17ms
[2017.06.08-12.47.36:469][190]LogSavePackage: Moving '//AIF-OP-WINKTIM/5_local-Tim/2_projets/Anerops/Saved/MainMap580E5C674CDF018361A731A4ADF3044E.tmp' to '//AIF-OP-WINKTIM/5_local-Tim/2_projets/Anerops/Content/MainMap.umap'
[2017.06.08-12.47.36:556][190]LogSavePackage:Display: Finished SavePackage //AIF-OP-WINKTIM/5_local-Tim/2_projets/Anerops/Content/MainMap.umap
[2017.06.08-12.47.36:643][190]LogSlate: Took 0.000671 seconds to synchronously load lazily loaded font '../../../Engine/Content/Slate/Fonts/Roboto-Regular.ttf' (155K)
[2017.06.08-12.47.36:645][190]LogFileHelpers: Saving map 'MainMap' took 1.405
[2017.06.08-12.47.36:650][190]Cmd: MAP LOAD FILE="//AIF-OP-WINKTIM/5_local-Tim/2_projets/Anerops/Content/Maps/Main.umap" TEMPLATE=0 SHOWPROGRESS=1 FEATURELEVEL=3
[2017.06.08-12.47.36:675][190]LightingResults: New page: Lighting Build
[2017.06.08-12.47.36:677][190]LoadErrors: New page: Loading map: Main.umap
[2017.06.08-12.47.36:704][190]MapCheck: New page: Map Check
[2017.06.08-12.47.36:704][190]LightingResults: New page: Lighting Build
[2017.06.08-12.47.36:722][190]LogAIModule: Creating AISystem for world Main
[2017.06.08-12.47.36:729][190]LogEditorServer: Finished looking for orphan Actors (0.000 secs)
[2017.06.08-12.47.36:827][190]Cmd: MAP CHECKDEP NOCLEARLOG
[2017.06.08-12.47.37:030][190]MapCheck: Info Map check complete: 0 Error(s), 0 Warning(s), took 203.286ms to complete.
[2017.06.08-12.47.37:030][190]LogFileHelpers: Loading map 'Main' took 0.382
[2017.06.08-12.47.37:841][287]LogEditorViewport: Clicking Background
[2017.06.08-12.47.37:962][301]Cmd: EDIT PASTE
[2017.06.08-12.47.41:192][657]LogEditorViewport: Clicking on Actor (LMB): PlayerStart (Player Start)
[2017.06.08-12.47.41:822][724]Cmd: DELETE
[2017.06.08-12.47.41:822][724]Cmd: ACTOR DELETE
[2017.06.08-12.47.41:822][724]LogEditorActor: Deleted Actor: PlayerStart
[2017.06.08-12.47.41:830][724]LogEditorActor: Deleted 1 Actors (0.008 secs)
[2017.06.08-12.47.42:443][798]LogEditorViewport: Clicking on Actor (LMB): CameraActor (Camera)
[2017.06.08-12.47.50:355][708]LogTemp: Repeting last play command: Selected Viewport
[2017.06.08-12.47.50:409][708]LogPlayLevel: PlayLevel: No blueprints needed recompiling
[2017.06.08-12.47.50:409][708]PIE: New page: PIE session: Main (Jun 8, 2017, 4:47:50 PM)
[2017.06.08-12.47.50:409][708]LogPlayLevel: Creating play world package: /Game/Maps/UEDPIE_0_Main
[2017.06.08-12.47.50:412][708]LogPlayLevel: PIE: StaticDuplicateObject took: (0.003040s)
[2017.06.08-12.47.50:412][708]LogAIModule: Creating AISystem for world Main
[2017.06.08-12.47.50:412][708]LogPlayLevel: PIE: World Init took: (0.000524s)
[2017.06.08-12.47.50:413][708]LogPlayLevel: PIE: Created PIE world by copying editor world from /Game/Maps/Main.Main to /Game/Maps/UEDPIE_0_Main.Main (0.003750s)
[2017.06.08-12.47.50:481][708]LogLoad: Game class is 'GameModeBase'
[2017.06.08-12.47.50:483][708]LogWorld: Bringing World /Game/Maps/UEDPIE_0_Main.Main up for play (max tick rate 0) at 2017.06.08-14.47.50
[2017.06.08-12.47.50:483][708]LogWorld: Bringing up level for play took: 0.000861
[2017.06.08-12.47.51:094][708]PIE: Info Play in editor start time for /Game/Maps/UEDPIE_0_Main 1.547
[2017.06.08-12.48.00:816][190]LogEditorViewport: Clicking on Actor (LMB): CameraActor (Camera)
[2017.06.08-12.48.04:097][580]Cmd: CAMERA ALIGN ACTIVEVIEWPORTONLY
[2017.06.08-12.48.10:796][378]LogSlate: Took 0.006170 seconds to synchronously load lazily loaded font '../../../Engine/Content/Editor/Slate/Fonts/Roboto-BoldCondensed.ttf' (158K)
[2017.06.08-12.48.12:306][559]LogTemp: Repeting last play command: Selected Viewport
[2017.06.08-12.48.12:348][559]LogPlayLevel: PlayLevel: No blueprints needed recompiling
[2017.06.08-12.48.12:349][559]PIE: New page: PIE session: Main (Jun 8, 2017, 4:48:12 PM)
[2017.06.08-12.48.12:349][559]LogPlayLevel: Creating play world package: /Game/Maps/UEDPIE_0_Main
[2017.06.08-12.48.12:353][559]LogPlayLevel: PIE: StaticDuplicateObject took: (0.004265s)
[2017.06.08-12.48.12:353][559]LogAIModule: Creating AISystem for world Main
[2017.06.08-12.48.12:353][559]LogPlayLevel: PIE: World Init took: (0.000497s)
[2017.06.08-12.48.12:353][559]LogPlayLevel: PIE: Created PIE world by copying editor world from /Game/Maps/Main.Main to /Game/Maps/UEDPIE_0_Main.Main (0.004991s)
[2017.06.08-12.48.12:391][559]LogLoad: Game class is 'GameModeBase'
[2017.06.08-12.48.12:393][559]LogWorld: Bringing World /Game/Maps/UEDPIE_0_Main.Main up for play (max tick rate 0) at 2017.06.08-14.48.12
[2017.06.08-12.48.12:393][559]LogWorld: Bringing up level for play took: 0.000769
[2017.06.08-12.48.13:003][559]PIE: Info Play in editor start time for /Game/Maps/UEDPIE_0_Main 1.457
[2017.06.08-12.48.19:791][860]LogEditorViewport: Clicking on Actor (LMB): RealSenseActor (RealSenseActor1)
[2017.06.08-12.49.23:012][ 66]LogEditorViewport: Clicking on Actor (LMB): DirectionalLight (DirectionalLight)
[2017.06.08-12.49.29:944][864]LogEditorViewport: Clicking on Actor (LMB): CameraActor (Camera)
[2017.06.08-12.49.31:036][977]LogEditorViewport: Clicking on Actor (LMB): DirectionalLight (DirectionalLight)
[2017.06.08-12.49.49:405][140]LogTemp: Repeting last play command: Selected Viewport
[2017.06.08-12.49.49:450][140]LogPlayLevel: PlayLevel: No blueprints needed recompiling
[2017.06.08-12.49.49:451][140]PIE: New page: PIE session: Main (Jun 8, 2017, 4:49:49 PM)
[2017.06.08-12.49.49:451][140]LogPlayLevel: Creating play world package: /Game/Maps/UEDPIE_0_Main
[2017.06.08-12.49.49:454][140]LogPlayLevel: PIE: StaticDuplicateObject took: (0.003026s)
[2017.06.08-12.49.49:454][140]LogAIModule: Creating AISystem for world Main
[2017.06.08-12.49.49:454][140]LogPlayLevel: PIE: World Init took: (0.000620s)
[2017.06.08-12.49.49:455][140]LogPlayLevel: PIE: Created PIE world by copying editor world from /Game/Maps/Main.Main to /Game/Maps/UEDPIE_0_Main.Main (0.003879s)
[2017.06.08-12.49.49:496][140]LogLoad: Game class is 'GameModeBase'
[2017.06.08-12.49.49:498][140]LogWorld: Bringing World /Game/Maps/UEDPIE_0_Main.Main up for play (max tick rate 0) at 2017.06.08-14.49.49
[2017.06.08-12.49.49:499][140]LogWorld: Bringing up level for play took: 0.000935
[2017.06.08-12.49.50:084][140]PIE: Info Play in editor start time for /Game/Maps/UEDPIE_0_Main 0.54
[2017.06.08-12.49.53:441][282]LogEditorViewport: Clicking on Actor (LMB): CameraActor (Camera)
[2017.06.08-12.50.25:166][ 61]LogTemp: Repeting last play command: Selected Viewport
[2017.06.08-12.50.25:205][ 61]LogPlayLevel: PlayLevel: No blueprints needed recompiling
[2017.06.08-12.50.25:205][ 61]PIE: New page: PIE session: Main (Jun 8, 2017, 4:50:25 PM)
[2017.06.08-12.50.25:205][ 61]LogPlayLevel: Creating play world package: /Game/Maps/UEDPIE_0_Main
[2017.06.08-12.50.25:208][ 61]LogPlayLevel: PIE: StaticDuplicateObject took: (0.002723s)
[2017.06.08-12.50.25:208][ 61]LogAIModule: Creating AISystem for world Main
[2017.06.08-12.50.25:208][ 61]LogPlayLevel: PIE: World Init took: (0.000515s)
[2017.06.08-12.50.25:209][ 61]LogPlayLevel: PIE: Created PIE world by copying editor world from /Game/Maps/Main.Main to /Game/Maps/UEDPIE_0_Main.Main (0.003530s)
[2017.06.08-12.50.25:272][ 61]LogLoad: Game class is 'GameModeBase'
[2017.06.08-12.50.25:274][ 61]LogWorld: Bringing World /Game/Maps/UEDPIE_0_Main.Main up for play (max tick rate 0) at 2017.06.08-14.50.25
[2017.06.08-12.50.25:275][ 61]LogWorld: Bringing up level for play took: 0.001086
[2017.06.08-12.50.25:879][ 61]PIE: Info Play in editor start time for /Game/Maps/UEDPIE_0_Main 0.335
[2017.06.08-12.51.10:965][199]LogEditorViewport: Clicking on Actor (LMB): CameraActor (Camera)
[2017.06.08-12.51.12:517][369]LogEditorViewport: Clicking on Actor (LMB): PlayerStart (PlayerStart)
[2017.06.08-12.51.16:272][811]LogEditorViewport: Clicking on Actor (LMB): CameraActor (Camera)
[2017.06.08-12.51.17:139][899]Cmd: DELETE
[2017.06.08-12.51.17:139][899]Cmd: ACTOR DELETE
[2017.06.08-12.51.17:140][899]LogEditorActor: Deleted Actor: CameraActor
[2017.06.08-12.51.17:174][899]LogEditorActor: Deleted 1 Actors (0.035 secs)
[2017.06.08-12.51.17:496][938]LogEditorViewport: Clicking on Actor (LMB): PlayerStart (PlayerStart)
[2017.06.08-12.51.39:374][526]LogTemp: Repeting last play command: Selected Viewport
[2017.06.08-12.51.39:414][526]LogPlayLevel: PlayLevel: No blueprints needed recompiling
[2017.06.08-12.51.39:414][526]PIE: New page: PIE session: Main (Jun 8, 2017, 4:51:39 PM)
[2017.06.08-12.51.39:414][526]LogPlayLevel: Creating play world package: /Game/Maps/UEDPIE_0_Main
[2017.06.08-12.51.39:418][526]LogPlayLevel: PIE: StaticDuplicateObject took: (0.003479s)
[2017.06.08-12.51.39:418][526]LogAIModule: Creating AISystem for world Main
[2017.06.08-12.51.39:418][526]LogPlayLevel: PIE: World Init took: (0.000514s)
[2017.06.08-12.51.39:418][526]LogPlayLevel: PIE: Created PIE world by copying editor world from /Game/Maps/Main.Main to /Game/Maps/UEDPIE_0_Main.Main (0.004162s)
[2017.06.08-12.51.39:460][526]LogLoad: Game class is 'GameModeBase'
[2017.06.08-12.51.39:463][526]LogWorld: Bringing World /Game/Maps/UEDPIE_0_Main.Main up for play (max tick rate 0) at 2017.06.08-14.51.39
[2017.06.08-12.51.39:463][526]LogWorld: Bringing up level for play took: 0.000969
[2017.06.08-12.51.40:044][526]PIE: Info Play in editor start time for /Game/Maps/UEDPIE_0_Main 0.502
[2017.06.08-12.52.26:804][667]LogEditorViewport: Clicking Background
[2017.06.08-12.52.27:454][744]LogEditorViewport: Clicking on Actor (LMB): PlayerStart (PlayerStart)
[2017.06.08-12.52.31:060][172]Cmd: TRANSACTION UNDO
[2017.06.08-12.52.31:060][172]LogEditorTransaction: Undo Clicking on Actors
[2017.06.08-12.52.31:070][172]LogSlate: Took 0.000729 seconds to synchronously load lazily loaded font '../../../Engine/Content/Slate/Fonts/Roboto-Light.ttf' (159K)
[2017.06.08-12.52.31:397][211]Cmd: TRANSACTION UNDO
[2017.06.08-12.52.31:397][211]LogEditorTransaction: Undo Clicking Background
[2017.06.08-12.52.31:727][245]Cmd: TRANSACTION UNDO
[2017.06.08-12.52.31:727][245]LogEditorTransaction: Undo Edit Spawn Collision Handling Method
[2017.06.08-12.52.32:235][304]Cmd: TRANSACTION UNDO
[2017.06.08-12.52.32:235][304]LogEditorTransaction: Undo Edit Spawn Collision Handling Method
[2017.06.08-12.52.32:744][365]Cmd: TRANSACTION UNDO
[2017.06.08-12.52.32:744][365]LogEditorTransaction: Undo Clicking on Actors
[2017.06.08-12.52.33:111][409]Cmd: TRANSACTION UNDO
[2017.06.08-12.52.33:111][409]LogEditorTransaction: Undo Delete Actors
[2017.06.08-12.52.34:371][543]LogEditorViewport: Clicking on Actor (LMB): PlayerStart (PlayerStart)
[2017.06.08-12.52.34:890][597]Cmd: DELETE
[2017.06.08-12.52.34:890][597]Cmd: ACTOR DELETE
[2017.06.08-12.52.34:891][597]LogEditorActor: Deleted Actor: PlayerStart
[2017.06.08-12.52.34:898][597]LogEditorActor: Deleted 1 Actors (0.008 secs)
[2017.06.08-12.52.35:254][640]LogEditorViewport: Clicking on Actor (LMB): CameraActor (Camera)
[2017.06.08-12.52.53:372][460]LogContentBrowser: Native class hierarchy updated for 'BlueprintGraph' in 0.0027 seconds. Added 112 classes and 0 folders.
[2017.06.08-12.53.01:649][775]LogSlate: Took 0.002095 seconds to synchronously load lazily loaded font '../../../Engine/Content/Editor/Slate/Fonts/Roboto-Italic.ttf' (157K)
[2017.06.08-12.55.29:515][331]BlueprintLog: New page: Compile Main
[2017.06.08-12.55.35:469][981]LogEditorViewport: Clicking Background
[2017.06.08-12.55.35:762][ 10]Cmd: OBJ SAVEPACKAGE PACKAGE="/Game/Maps/Main" FILE="//AIF-OP-WINKTIM/5_local-Tim/2_projets/Anerops/Content/Maps/Main.umap" SILENT=true AUTOSAVING=false KEEPDIRTY=false
[2017.06.08-12.55.38:695][ 10]LogSavePackage: Save=2845.71ms
[2017.06.08-12.55.38:695][ 10]LogSavePackage: Moving '//AIF-OP-WINKTIM/5_local-Tim/2_projets/Anerops/Saved/Main76E8D6F94807F98A5A8EF5B268C49D44.tmp' to '//AIF-OP-WINKTIM/5_local-Tim/2_projets/Anerops/Content/Maps/Main.umap'
[2017.06.08-12.55.38:808][ 10]LogSavePackage:Display: Finished SavePackage //AIF-OP-WINKTIM/5_local-Tim/2_projets/Anerops/Content/Maps/Main.umap
[2017.06.08-12.55.44:849][698]LogEditorViewport: Clicking Background
[2017.06.08-12.56.09:719][670]LogEditorViewport: Clicking Background
[2017.06.08-12.56.11:004][824]LogTemp: Repeting last play command: Selected Viewport
[2017.06.08-12.56.11:069][824]LogBlueprintUserMessages: Early PlayInEditor Detection: Level '/Game/Maps/Main.Main:PersistentLevel' has LevelScriptBlueprint '/Game/Maps/Main.Main:PersistentLevel.Main' with GeneratedClass '/Game/Maps/Main.Main_C' with ClassGeneratedBy '/Game/Maps/Main.Main:PersistentLevel.Main'
[2017.06.08-12.56.11:070][824]LogPlayLevel: PlayLevel: No blueprints needed recompiling
[2017.06.08-12.56.11:070][824]PIE: New page: PIE session: Main (Jun 8, 2017, 4:56:11 PM)
[2017.06.08-12.56.11:070][824]LogPlayLevel: Creating play world package: /Game/Maps/UEDPIE_0_Main
[2017.06.08-12.56.11:073][824]LogPlayLevel: PIE: StaticDuplicateObject took: (0.003345s)
[2017.06.08-12.56.11:073][824]LogAIModule: Creating AISystem for world Main
[2017.06.08-12.56.11:074][824]LogPlayLevel: PIE: World Init took: (0.000610s)
[2017.06.08-12.56.11:074][824]LogPlayLevel: PIE: Created PIE world by copying editor world from /Game/Maps/Main.Main to /Game/Maps/UEDPIE_0_Main.Main (0.004157s)
[2017.06.08-12.56.11:120][824]LogLoad: Game class is 'GameModeBase'
[2017.06.08-12.56.11:122][824]LogWorld: Bringing World /Game/Maps/UEDPIE_0_Main.Main up for play (max tick rate 0) at 2017.06.08-14.56.11
[2017.06.08-12.56.11:122][824]LogWorld: Bringing up level for play took: 0.000840
[2017.06.08-12.56.11:730][824]PIE: Info Play in editor start time for /Game/Maps/UEDPIE_0_Main 0.193
[2017.06.08-12.56.11:730][824]LogBlueprintUserMessages: Late PlayInEditor Detection: Level '/Game/Maps/Main.Main:PersistentLevel' has LevelScriptBlueprint '/Game/Maps/Main.Main:PersistentLevel.Main' with GeneratedClass '/Game/Maps/Main.Main_C' with ClassGeneratedBy '/Game/Maps/Main.Main:PersistentLevel.Main'
[2017.06.08-12.56.14:488][919]LogBlueprintUserMessages: Early EndPlayMap Detection: Level '/Game/Maps/Main.Main:PersistentLevel' has LevelScriptBlueprint '/Game/Maps/Main.Main:PersistentLevel.Main' with GeneratedClass '/Game/Maps/Main.Main_C' with ClassGeneratedBy '/Game/Maps/Main.Main:PersistentLevel.Main'
[2017.06.08-12.56.14:524][919]LogBlueprintUserMessages: Late EndPlayMap Detection: Level '/Game/Maps/Main.Main:PersistentLevel' has LevelScriptBlueprint '/Game/Maps/Main.Main:PersistentLevel.Main' with GeneratedClass '/Game/Maps/Main.Main_C' with ClassGeneratedBy '/Game/Maps/Main.Main:PersistentLevel.Main'
[2017.06.08-12.56.18:839][392]LogTemp: Repeting last play command: Selected Viewport
[2017.06.08-12.56.18:873][392]LogBlueprintUserMessages: Early PlayInEditor Detection: Level '/Game/Maps/Main.Main:PersistentLevel' has LevelScriptBlueprint '/Game/Maps/Main.Main:PersistentLevel.Main' with GeneratedClass '/Game/Maps/Main.Main_C' with ClassGeneratedBy '/Game/Maps/Main.Main:PersistentLevel.Main'
[2017.06.08-12.56.18:873][392]LogPlayLevel: PlayLevel: No blueprints needed recompiling
[2017.06.08-12.56.18:873][392]PIE: New page: PIE session: Main (Jun 8, 2017, 4:56:18 PM)
[2017.06.08-12.56.18:873][392]LogPlayLevel: Creating play world package: /Game/Maps/UEDPIE_0_Main
[2017.06.08-12.56.18:877][392]LogPlayLevel: PIE: StaticDuplicateObject took: (0.003412s)
[2017.06.08-12.56.18:877][392]LogAIModule: Creating AISystem for world Main
[2017.06.08-12.56.18:877][392]LogPlayLevel: PIE: World Init took: (0.000607s)
[2017.06.08-12.56.18:877][392]LogPlayLevel: PIE: Created PIE world by copying editor world from /Game/Maps/Main.Main to /Game/Maps/UEDPIE_0_Main.Main (0.004235s)
[2017.06.08-12.56.18:920][392]LogLoad: Game class is 'GameModeBase'
[2017.06.08-12.56.18:922][392]LogWorld: Bringing World /Game/Maps/UEDPIE_0_Main.Main up for play (max tick rate 0) at 2017.06.08-14.56.18
[2017.06.08-12.56.18:922][392]LogWorld: Bringing up level for play took: 0.000813
[2017.06.08-12.56.19:517][392]PIE: Info Play in editor start time for /Game/Maps/UEDPIE_0_Main -0.02
[2017.06.08-12.56.19:517][392]LogBlueprintUserMessages: Late PlayInEditor Detection: Level '/Game/Maps/Main.Main:PersistentLevel' has LevelScriptBlueprint '/Game/Maps/Main.Main:PersistentLevel.Main' with GeneratedClass '/Game/Maps/Main.Main_C' with ClassGeneratedBy '/Game/Maps/Main.Main:PersistentLevel.Main'
[2017.06.08-12.58.19:197][ 37]LogBlueprintUserMessages: Early EndPlayMap Detection: Level '/Game/Maps/Main.Main:PersistentLevel' has LevelScriptBlueprint '/Game/Maps/Main.Main:PersistentLevel.Main' with GeneratedClass '/Game/Maps/Main.Main_C' with ClassGeneratedBy '/Game/Maps/Main.Main:PersistentLevel.Main'
[2017.06.08-12.58.19:231][ 37]LogBlueprintUserMessages: Late EndPlayMap Detection: Level '/Game/Maps/Main.Main:PersistentLevel' has LevelScriptBlueprint '/Game/Maps/Main.Main:PersistentLevel.Main' with GeneratedClass '/Game/Maps/Main.Main_C' with ClassGeneratedBy '/Game/Maps/Main.Main:PersistentLevel.Main'
[2017.06.08-12.58.23:228][470]LogEditorViewport: Clicking on Actor (LMB): DirectionalLight (DirectionalLight)
[2017.06.08-12.58.23:957][549]LogEditorViewport: Clicking on Actor (LMB): RealSenseActor (RealSenseActor1)
[2017.06.08-12.58.27:743][999]LogTemp: Repeting last play command: Selected Viewport
[2017.06.08-12.58.27:783][999]LogBlueprintUserMessages: Early PlayInEditor Detection: Level '/Game/Maps/Main.Main:PersistentLevel' has LevelScriptBlueprint '/Game/Maps/Main.Main:PersistentLevel.Main' with GeneratedClass '/Game/Maps/Main.Main_C' with ClassGeneratedBy '/Game/Maps/Main.Main:PersistentLevel.Main'
[2017.06.08-12.58.27:783][999]LogPlayLevel: PlayLevel: No blueprints needed recompiling
[2017.06.08-12.58.27:783][999]PIE: New page: PIE session: Main (Jun 8, 2017, 4:58:27 PM)
[2017.06.08-12.58.27:783][999]LogPlayLevel: Creating play world package: /Game/Maps/UEDPIE_0_Main
[2017.06.08-12.58.27:786][999]LogPlayLevel: PIE: StaticDuplicateObject took: (0.003125s)
[2017.06.08-12.58.27:786][999]LogAIModule: Creating AISystem for world Main
[2017.06.08-12.58.27:786][999]LogPlayLevel: PIE: World Init took: (0.000502s)
[2017.06.08-12.58.27:786][999]LogPlayLevel: PIE: Created PIE world by copying editor world from /Game/Maps/Main.Main to /Game/Maps/UEDPIE_0_Main.Main (0.003826s)
[2017.06.08-12.58.27:831][999]LogLoad: Game class is 'GameModeBase'
[2017.06.08-12.58.27:833][999]LogWorld: Bringing World /Game/Maps/UEDPIE_0_Main.Main up for play (max tick rate 0) at 2017.06.08-14.58.27
[2017.06.08-12.58.27:833][999]LogWorld: Bringing up level for play took: 0.001081
[2017.06.08-12.58.28:449][999]PIE: Info Play in editor start time for /Game/Maps/UEDPIE_0_Main 0.914
[2017.06.08-12.58.28:450][999]LogBlueprintUserMessages: Late PlayInEditor Detection: Level '/Game/Maps/Main.Main:PersistentLevel' has LevelScriptBlueprint '/Game/Maps/Main.Main:PersistentLevel.Main' with GeneratedClass '/Game/Maps/Main.Main_C' with ClassGeneratedBy '/Game/Maps/Main.Main:PersistentLevel.Main'
[2017.06.08-12.58.35:965][324]LogBlueprintUserMessages: Early EndPlayMap Detection: Level '/Game/Maps/Main.Main:PersistentLevel' has LevelScriptBlueprint '/Game/Maps/Main.Main:PersistentLevel.Main' with GeneratedClass '/Game/Maps/Main.Main_C' with ClassGeneratedBy '/Game/Maps/Main.Main:PersistentLevel.Main'
[2017.06.08-12.58.36:011][324]LogBlueprintUserMessages: Late EndPlayMap Detection: Level '/Game/Maps/Main.Main:PersistentLevel' has LevelScriptBlueprint '/Game/Maps/Main.Main:PersistentLevel.Main' with GeneratedClass '/Game/Maps/Main.Main_C' with ClassGeneratedBy '/Game/Maps/Main.Main:PersistentLevel.Main'
[2017.06.08-12.58.38:836][610]LogEditorViewport: Clicking on Actor (LMB): RealSenseActor (RealSenseActor1)
[2017.06.08-13.00.51:310][196]LogEditorViewport: Clicking Background
[2017.06.08-13.00.51:948][227]Cmd: OBJ SAVEPACKAGE PACKAGE="/Game/Maps/Main" FILE="//AIF-OP-WINKTIM/5_local-Tim/2_projets/Anerops/Content/Maps/Main.umap" SILENT=true AUTOSAVING=false KEEPDIRTY=false
[2017.06.08-13.00.54:960][227]LogSavePackage: Save=2880.32ms
[2017.06.08-13.00.54:961][227]LogSavePackage: Moving '//AIF-OP-WINKTIM/5_local-Tim/2_projets/Anerops/Saved/Main09E355F944C53A84BC82D484AB708858.tmp' to '//AIF-OP-WINKTIM/5_local-Tim/2_projets/Anerops/Content/Maps/Main.umap'
[2017.06.08-13.00.55:036][227]LogSavePackage:Display: Finished SavePackage //AIF-OP-WINKTIM/5_local-Tim/2_projets/Anerops/Content/Maps/Main.umap
[2017.06.08-13.01.08:320][803]LogAIModule: Creating AISystem for world MainMap
[2017.06.08-13.01.40:837][790]LogFactory: FactoryCreateFile: StaticMesh with FbxFactory (0 0 \\AIF-OP-WINKTIM\5_local-Tim\3_mesh\ANEROPS-FBX-Test_Mesh.fbx)
[2017.06.08-13.01.40:868][790]LogFbx: ItemName: GlobalSettings, ItemCount : 1
[2017.06.08-13.01.40:868][790]LogFbx: ItemName: NodeAttribute, ItemCount : 70
[2017.06.08-13.01.40:868][790]LogFbx: ItemName: Geometry, ItemCount : 1
[2017.06.08-13.01.40:868][790]LogFbx: ItemName: Model, ItemCount : 71
[2017.06.08-13.01.40:868][790]LogFbx: ItemName: Pose, ItemCount : 1
[2017.06.08-13.01.40:868][790]LogFbx: ItemName: Deformer, ItemCount : 70
[2017.06.08-13.01.40:868][790]LogFbx: ItemName: Material, ItemCount : 3
[2017.06.08-13.01.40:868][790]LogFbx: ItemName: Texture, ItemCount : 2
[2017.06.08-13.01.40:868][790]LogFbx: ItemName: Video, ItemCount : 2
[2017.06.08-13.01.40:877][790]LogFbx: Loading FBX Scene from \\AIF-OP-WINKTIM\5_local-Tim\3_mesh\ANEROPS-FBX-Test_Mesh.fbx
[2017.06.08-13.01.40:908][790]LogFbx: FBX Scene Loaded Succesfully
[2017.06.08-13.04.02:794][790]LogFbx: Loading FBX Scene from \\AIF-OP-WINKTIM\5_local-Tim\3_mesh\ANEROPS-FBX-Test_Mesh.fbx
[2017.06.08-13.04.02:820][790]LogFbx: FBX Scene Loaded Succesfully
[2017.06.08-13.04.02:825][790]LogFbx: =================================================
[2017.06.08-13.04.02:825][790]LogFbx: Dumping Node START [Infinite] 
[2017.06.08-13.04.02:825][790]LogFbx: 	Total Deformer Count -142949864.
[2017.06.08-13.04.02:825][790]LogFbx: 		[Node 1] Armature (Type Skin).
[2017.06.08-13.04.02:825][790]LogFbx: =================================================
[2017.06.08-13.04.02:825][790]LogFbx: 	Attribute (Infinite) Type (4).
[2017.06.08-13.04.02:825][790]LogFbx: 		[Node Attribute Child 1] Infinite (Type Mesh).
[2017.06.08-13.04.02:825][790]LogFbx: Dumping Node END [Infinite]
[2017.06.08-13.04.02:826][790]LogFbx: =================================================
[2017.06.08-13.04.02:826][790]LogFbx: Dumping Node START [Infinite] 
[2017.06.08-13.04.02:826][790]LogFbx: 	Total Deformer Count -142945440.
[2017.06.08-13.04.02:826][790]LogFbx: 		[Node 1] Armature (Type Skin).
[2017.06.08-13.04.02:826][790]LogFbx: =================================================
[2017.06.08-13.04.02:826][790]LogFbx: 	Attribute (Infinite) Type (4).
[2017.06.08-13.04.02:826][790]LogFbx: 		[Node Attribute Child 1] Infinite (Type Mesh).
[2017.06.08-13.04.02:826][790]LogFbx: Dumping Node END [Infinite]
[2017.06.08-13.04.02:831][790]LogFbx: Valid bind pose for Pose (Infinite) - Infinite
[2017.06.08-13.04.02:867][790]LogFbx:Warning: Bones digested - 70  Depth of hierarchy - 2
[2017.06.08-13.04.02:941][790]LogSkeletalMesh: Section 0: 2365 vertices, 67 active bones
[2017.06.08-13.04.02:944][790]LogSkeletalMesh: Section 0: Material=0, 3790 triangles
[2017.06.08-13.04.02:953][790]LogLinker: Can't find file '/Game/ANEROPS-FBX-Test_Mesh_PhysicsAsset'
[2017.06.08-13.04.02:953][790]LogLinker: Can't find file '/Game/ANEROPS-FBX-Test_Mesh_PhysicsAsset'
[2017.06.08-13.04.03:128][790]LogLinker: Can't find file '/Game/ANEROPS-FBX-Test_Mesh_Skeleton'
[2017.06.08-13.04.03:128][790]LogLinker: Can't find file '/Game/ANEROPS-FBX-Test_Mesh_Skeleton'
[2017.06.08-13.04.03:188][790]FBXImport:Warning: Warning No smoothing group information was found in this FBX scene.  Please make sure to enable the 'Export Smoothing Groups' option in the FBX Exporter plug-in before exporting the file.  Even for tools that don't support smoothing groups, the FBX Exporter will generate appropriate smoothing data at export-time so that correct vertex normals can be inferred while importing. 
[2017.06.08-13.04.03:188][790]FBXImport:Warning: Warning Warning skeletal mesh influence count of 14 exceeds max count of 8. Influence truncation will occur. Maximum Ignored Weight 0.066 
[2017.06.08-13.04.03:188][790]FBXImport:Warning: Warning The bone size is too small to create Physics Asset 'ANEROPS-FBX-Test_Mesh_PhysicsAsset' from Skeletal Mesh 'ANEROPS-FBX-Test_Mesh'. You will have to create physics asset manually. 
[2017.06.08-13.04.59:194][419]LogEditorViewport: Clicking on Actor (LMB): SkeletalMeshActor (ANEROPS-FBX-Test_Mesh)
[2017.06.08-13.05.00:205][539]Cmd: TRANSACTION UNDO
[2017.06.08-13.05.00:205][539]LogEditorTransaction: Undo Clicking on Actors
[2017.06.08-13.05.22:193][134]LogTemp: Repeting last play command: Selected Viewport
[2017.06.08-13.05.22:240][134]LogBlueprintUserMessages: Early PlayInEditor Detection: Level '/Game/Maps/Main.Main:PersistentLevel' has LevelScriptBlueprint '/Game/Maps/Main.Main:PersistentLevel.Main' with GeneratedClass '/Game/Maps/Main.Main_C' with ClassGeneratedBy '/Game/Maps/Main.Main:PersistentLevel.Main'
[2017.06.08-13.05.22:240][134]LogPlayLevel: PlayLevel: No blueprints needed recompiling
[2017.06.08-13.05.22:240][134]PIE: New page: PIE session: Main (Jun 8, 2017, 5:05:22 PM)
[2017.06.08-13.05.22:240][134]LogPlayLevel: Creating play world package: /Game/Maps/UEDPIE_0_Main
[2017.06.08-13.05.22:244][134]LogPlayLevel: PIE: StaticDuplicateObject took: (0.004045s)
[2017.06.08-13.05.22:245][134]LogAIModule: Creating AISystem for world Main
[2017.06.08-13.05.22:245][134]LogPlayLevel: PIE: World Init took: (0.000687s)
[2017.06.08-13.05.22:245][134]LogPlayLevel: PIE: Created PIE world by copying editor world from /Game/Maps/Main.Main to /Game/Maps/UEDPIE_0_Main.Main (0.004950s)
[2017.06.08-13.05.22:294][134]LogLoad: Game class is 'GameModeBase'
[2017.06.08-13.05.22:297][134]LogWorld: Bringing World /Game/Maps/UEDPIE_0_Main.Main up for play (max tick rate 0) at 2017.06.08-15.05.22
[2017.06.08-13.05.22:297][134]LogWorld: Bringing up level for play took: 0.001309
[2017.06.08-13.05.22:882][134]PIE: Info Play in editor start time for /Game/Maps/UEDPIE_0_Main 1.348
[2017.06.08-13.05.22:882][134]LogBlueprintUserMessages: Late PlayInEditor Detection: Level '/Game/Maps/Main.Main:PersistentLevel' has LevelScriptBlueprint '/Game/Maps/Main.Main:PersistentLevel.Main' with GeneratedClass '/Game/Maps/Main.Main_C' with ClassGeneratedBy '/Game/Maps/Main.Main:PersistentLevel.Main'
[2017.06.08-13.05.43:622][ 73]LogBlueprintUserMessages: Early EndPlayMap Detection: Level '/Game/Maps/Main.Main:PersistentLevel' has LevelScriptBlueprint '/Game/Maps/Main.Main:PersistentLevel.Main' with GeneratedClass '/Game/Maps/Main.Main_C' with ClassGeneratedBy '/Game/Maps/Main.Main:PersistentLevel.Main'
[2017.06.08-13.05.43:689][ 73]LogBlueprintUserMessages: Late EndPlayMap Detection: Level '/Game/Maps/Main.Main:PersistentLevel' has LevelScriptBlueprint '/Game/Maps/Main.Main:PersistentLevel.Main' with GeneratedClass '/Game/Maps/Main.Main_C' with ClassGeneratedBy '/Game/Maps/Main.Main:PersistentLevel.Main'
[2017.06.08-13.05.58:777][823]LogEditorViewport: Clicking on Actor (LMB): SkeletalMeshActor (ANEROPS-FBX-Test_Mesh)
[2017.06.08-13.06.05:230][578]LogTemp: Repeting last play command: Selected Viewport
[2017.06.08-13.06.05:336][578]LogBlueprintUserMessages: Early PlayInEditor Detection: Level '/Game/Maps/Main.Main:PersistentLevel' has LevelScriptBlueprint '/Game/Maps/Main.Main:PersistentLevel.Main' with GeneratedClass '/Game/Maps/Main.Main_C' with ClassGeneratedBy '/Game/Maps/Main.Main:PersistentLevel.Main'
[2017.06.08-13.06.05:336][578]LogPlayLevel: PlayLevel: No blueprints needed recompiling
[2017.06.08-13.06.05:336][578]PIE: New page: PIE session: Main (Jun 8, 2017, 5:06:05 PM)
[2017.06.08-13.06.05:336][578]LogPlayLevel: Creating play world package: /Game/Maps/UEDPIE_0_Main
[2017.06.08-13.06.05:351][578]LogPlayLevel: PIE: StaticDuplicateObject took: (0.014563s)
[2017.06.08-13.06.05:352][578]LogAIModule: Creating AISystem for world Main
[2017.06.08-13.06.05:352][578]LogPlayLevel: PIE: World Init took: (0.000670s)
[2017.06.08-13.06.05:352][578]LogPlayLevel: PIE: Created PIE world by copying editor world from /Game/Maps/Main.Main to /Game/Maps/UEDPIE_0_Main.Main (0.015535s)
[2017.06.08-13.06.05:405][578]LogLoad: Game class is 'GameModeBase'
[2017.06.08-13.06.05:408][578]LogWorld: Bringing World /Game/Maps/UEDPIE_0_Main.Main up for play (max tick rate 0) at 2017.06.08-15.06.05
[2017.06.08-13.06.05:408][578]LogWorld: Bringing up level for play took: 0.001147
[2017.06.08-13.06.06:013][578]PIE: Info Play in editor start time for /Game/Maps/UEDPIE_0_Main 0.479
[2017.06.08-13.06.06:014][578]LogBlueprintUserMessages: Late PlayInEditor Detection: Level '/Game/Maps/Main.Main:PersistentLevel' has LevelScriptBlueprint '/Game/Maps/Main.Main:PersistentLevel.Main' with GeneratedClass '/Game/Maps/Main.Main_C' with ClassGeneratedBy '/Game/Maps/Main.Main:PersistentLevel.Main'
[2017.06.08-13.06.26:493][530]LogBlueprintUserMessages: Early EndPlayMap Detection: Level '/Game/Maps/Main.Main:PersistentLevel' has LevelScriptBlueprint '/Game/Maps/Main.Main:PersistentLevel.Main' with GeneratedClass '/Game/Maps/Main.Main_C' with ClassGeneratedBy '/Game/Maps/Main.Main:PersistentLevel.Main'
[2017.06.08-13.06.26:553][530]LogBlueprintUserMessages: Late EndPlayMap Detection: Level '/Game/Maps/Main.Main:PersistentLevel' has LevelScriptBlueprint '/Game/Maps/Main.Main:PersistentLevel.Main' with GeneratedClass '/Game/Maps/Main.Main_C' with ClassGeneratedBy '/Game/Maps/Main.Main:PersistentLevel.Main'
[2017.06.08-13.06.28:143][653]LogEditorViewport: Clicking on Actor (LMB): CameraActor (Camera)
[2017.06.08-13.07.06:687][227]Cmd: OBJ SAVEPACKAGE PACKAGE="/Game/Maps/Main" FILE="//AIF-OP-WINKTIM/5_local-Tim/2_projets/Anerops/Content/Maps/Main.umap" SILENT=true AUTOSAVING=false KEEPDIRTY=false
[2017.06.08-13.07.07:989][227]LogSavePackage: Save=1202.53ms
[2017.06.08-13.07.07:989][227]LogSavePackage: Moving '//AIF-OP-WINKTIM/5_local-Tim/2_projets/Anerops/Saved/MainCD8F6FE841FD8A52BDECE8BB087708CD.tmp' to '//AIF-OP-WINKTIM/5_local-Tim/2_projets/Anerops/Content/Maps/Main.umap'
[2017.06.08-13.07.08:048][227]LogSavePackage:Display: Finished SavePackage //AIF-OP-WINKTIM/5_local-Tim/2_projets/Anerops/Content/Maps/Main.umap
[2017.06.08-13.07.09:583][389]LogEditorViewport: Clicking Background
[2017.06.08-13.07.10:041][440]LogEditorViewport: Clicking on Actor (LMB): SkeletalMeshActor (ANEROPS-FBX-Test_Mesh)
[2017.06.08-13.07.43:625][417]Cmd: DELETE
[2017.06.08-13.07.43:625][417]Cmd: ACTOR DELETE
[2017.06.08-13.07.43:625][417]LogEditorActor: Deleted Actor: SkeletalMeshActor
[2017.06.08-13.07.43:638][417]LogEditorActor: Deleted 1 Actors (0.013 secs)
[2017.06.08-13.07.44:600][533]LogEditorViewport: Clicking on Actor (LMB): SkeletalMeshActor (ANEROPS-FBX-Test_Mesh)
[2017.06.08-13.07.54:837][708]LogEditorViewport: Clicking on Actor (LMB): SkeletalMeshActor (ANEROPS-FBX-Test_Mesh)
[2017.06.08-13.07.54:996][726]Cmd: DELETE
[2017.06.08-13.07.54:996][726]Cmd: ACTOR DELETE
[2017.06.08-13.07.54:996][726]LogEditorActor: Deleted Actor: SkeletalMeshActor
[2017.06.08-13.07.55:008][726]LogEditorActor: Deleted 1 Actors (0.012 secs)
[2017.06.08-13.08.49:337][ 97]LogEditorViewport: Clicking on Actor (LMB): CameraActor (Camera)
[2017.06.08-13.08.50:900][259]LogTemp: Repeting last play command: Selected Viewport
[2017.06.08-13.08.51:005][259]LogBlueprintUserMessages: Early PlayInEditor Detection: Level '/Game/Maps/Main.Main:PersistentLevel' has LevelScriptBlueprint '/Game/Maps/Main.Main:PersistentLevel.Main' with GeneratedClass '/Game/Maps/Main.Main_C' with ClassGeneratedBy '/Game/Maps/Main.Main:PersistentLevel.Main'
[2017.06.08-13.08.51:005][259]LogPlayLevel: PlayLevel: No blueprints needed recompiling
[2017.06.08-13.08.51:005][259]PIE: New page: PIE session: Main (Jun 8, 2017, 5:08:51 PM)
[2017.06.08-13.08.51:006][259]LogPlayLevel: Creating play world package: /Game/Maps/UEDPIE_0_Main
[2017.06.08-13.08.51:015][259]LogPlayLevel: PIE: StaticDuplicateObject took: (0.009239s)
[2017.06.08-13.08.51:015][259]LogAIModule: Creating AISystem for world Main
[2017.06.08-13.08.51:015][259]LogPlayLevel: PIE: World Init took: (0.000603s)
[2017.06.08-13.08.51:016][259]LogPlayLevel: PIE: Created PIE world by copying editor world from /Game/Maps/Main.Main to /Game/Maps/UEDPIE_0_Main.Main (0.010114s)
[2017.06.08-13.08.51:089][259]LogLoad: Game class is 'GameModeBase'
[2017.06.08-13.08.51:092][259]LogWorld: Bringing World /Game/Maps/UEDPIE_0_Main.Main up for play (max tick rate 0) at 2017.06.08-15.08.51
[2017.06.08-13.08.51:092][259]LogWorld: Bringing up level for play took: 0.001015
[2017.06.08-13.08.51:680][259]PIE: Info Play in editor start time for /Game/Maps/UEDPIE_0_Main 0.145
[2017.06.08-13.08.51:681][259]LogBlueprintUserMessages: Late PlayInEditor Detection: Level '/Game/Maps/Main.Main:PersistentLevel' has LevelScriptBlueprint '/Game/Maps/Main.Main:PersistentLevel.Main' with GeneratedClass '/Game/Maps/Main.Main_C' with ClassGeneratedBy '/Game/Maps/Main.Main:PersistentLevel.Main'
[2017.06.08-13.08.55:571][384]LogBlueprintUserMessages: Early EndPlayMap Detection: Level '/Game/Maps/Main.Main:PersistentLevel' has LevelScriptBlueprint '/Game/Maps/Main.Main:PersistentLevel.Main' with GeneratedClass '/Game/Maps/Main.Main_C' with ClassGeneratedBy '/Game/Maps/Main.Main:PersistentLevel.Main'
[2017.06.08-13.08.55:687][384]LogBlueprintUserMessages: Late EndPlayMap Detection: Level '/Game/Maps/Main.Main:PersistentLevel' has LevelScriptBlueprint '/Game/Maps/Main.Main:PersistentLevel.Main' with GeneratedClass '/Game/Maps/Main.Main_C' with ClassGeneratedBy '/Game/Maps/Main.Main:PersistentLevel.Main'
[2017.06.08-13.11.51:814][912]LogEditorViewport: Clicking Background
[2017.06.08-13.11.54:718][247]LogEditorViewport: Clicking on Actor (LMB): RealSenseActor (RealSenseActor1)
[2017.06.08-13.11.57:768][600]LogEditorViewport: Clicking on Actor (LMB): SkeletalMeshActor (ANEROPS-FBX-Test_Mesh)
[2017.06.08-13.12.15:347][687]LogEditorViewport: Clicking on Actor (LMB): SkeletalMeshActor (ANEROPS-FBX-Test_Mesh)
[2017.06.08-13.12.16:261][795]LogEditorViewport: Clicking on Actor (LMB): RealSenseActor (RealSenseActor1)
[2017.06.08-13.12.17:677][960]LogEditorViewport: Clicking on Actor (LMB): SkeletalMeshActor (ANEROPS-FBX-Test_Mesh)
[2017.06.08-13.12.18:410][ 40]LogEditorViewport: Clicking on Actor (LMB): RealSenseActor (RealSenseActor1)
[2017.06.08-13.12.19:457][161]LogEditorViewport: Clicking on Actor (LMB): SkeletalMeshActor (ANEROPS-FBX-Test_Mesh)
[2017.06.08-13.13.28:806][439]LogEditorViewport: Clicking Background
[2017.06.08-13.13.28:952][456]LogWindows: LaunchURL http://docs.unrealengine.com/latest/INT/index.html?utm_source=editor&utm_medium=docs&utm_campaign=help_menu
[2017.06.08-13.13.29:428][513]LogWindows: LaunchURL http://docs.unrealengine.com/latest/INT/index.html?utm_source=editor&utm_medium=docs&utm_campaign=help_menu
[2017.06.08-13.13.32:815][529]LogEditorViewport: Clicking Background
[2017.06.08-13.13.33:521][607]Cmd: OBJ SAVEPACKAGE PACKAGE="/Game/Maps/Main" FILE="//AIF-OP-WINKTIM/5_local-Tim/2_projets/Anerops/Content/Maps/Main.umap" SILENT=true AUTOSAVING=false KEEPDIRTY=false
[2017.06.08-13.13.35:003][607]LogSavePackage: Save=1387.22ms
[2017.06.08-13.13.35:003][607]LogSavePackage: Moving '//AIF-OP-WINKTIM/5_local-Tim/2_projets/Anerops/Saved/MainC6E9235742210F3E2BA9C28B9B79EC90.tmp' to '//AIF-OP-WINKTIM/5_local-Tim/2_projets/Anerops/Content/Maps/Main.umap'
[2017.06.08-13.13.35:063][607]LogSavePackage:Display: Finished SavePackage //AIF-OP-WINKTIM/5_local-Tim/2_projets/Anerops/Content/Maps/Main.umap
[2017.06.08-13.14.06:155][273]Cmd: OBJ SAVEPACKAGE PACKAGE="/Game/Meshes/ANEROPS-FBX-Test_Mesh" FILE="//AIF-OP-WINKTIM/5_local-Tim/2_projets/Anerops/Content/Meshes/ANEROPS-FBX-Test_Mesh.uasset" SILENT=true
[2017.06.08-13.14.08:095][273]LogSavePackage: Save=1909.47ms
[2017.06.08-13.14.08:095][273]LogSavePackage: Moving '//AIF-OP-WINKTIM/5_local-Tim/2_projets/Anerops/Saved/ANEROPS-FBX-Test_Mesh88F838CB48DA540BAE3619A9C0376736.tmp' to '//AIF-OP-WINKTIM/5_local-Tim/2_projets/Anerops/Content/Meshes/ANEROPS-FBX-Test_Mesh.uasset'
[2017.06.08-13.14.08:153][273]LogSavePackage:Display: Finished SavePackage //AIF-OP-WINKTIM/5_local-Tim/2_projets/Anerops/Content/Meshes/ANEROPS-FBX-Test_Mesh.uasset
[2017.06.08-13.14.08:161][273]Cmd: OBJ SAVEPACKAGE PACKAGE="/Game/Meshes/ANEROPS-FBX-Test_Mesh_Skeleton" FILE="//AIF-OP-WINKTIM/5_local-Tim/2_projets/Anerops/Content/Meshes/ANEROPS-FBX-Test_Mesh_Skeleton.uasset" SILENT=true
[2017.06.08-13.14.08:643][273]LogSavePackage: Save=441.31ms
[2017.06.08-13.14.08:643][273]LogSavePackage: Moving '//AIF-OP-WINKTIM/5_local-Tim/2_projets/Anerops/Saved/ANEROPS-FBX-Test_Mesh_Skeleton0280E0F6462FE652525BAC819D2C112E.tmp' to '//AIF-OP-WINKTIM/5_local-Tim/2_projets/Anerops/Content/Meshes/ANEROPS-FBX-Test_Mesh_Skeleton.uasset'
[2017.06.08-13.14.08:743][273]LogSavePackage:Display: Finished SavePackage //AIF-OP-WINKTIM/5_local-Tim/2_projets/Anerops/Content/Meshes/ANEROPS-FBX-Test_Mesh_Skeleton.uasset
[2017.06.08-13.14.16:564][183]Cmd: OBJ SAVEPACKAGE PACKAGE="/Game/Maps/Main" FILE="//AIF-OP-WINKTIM/5_local-Tim/2_projets/Anerops/Content/Maps/Main.umap" SILENT=true AUTOSAVING=false KEEPDIRTY=false
[2017.06.08-13.14.19:263][183]LogSavePackage: Save=2589.40ms
[2017.06.08-13.14.19:263][183]LogSavePackage: Moving '//AIF-OP-WINKTIM/5_local-Tim/2_projets/Anerops/Saved/Main234E1B5C44CEA6D794BA62997B35F1AD.tmp' to '//AIF-OP-WINKTIM/5_local-Tim/2_projets/Anerops/Content/Maps/Main.umap'
[2017.06.08-13.14.19:294][183]LogSavePackage:Display: Finished SavePackage //AIF-OP-WINKTIM/5_local-Tim/2_projets/Anerops/Content/Maps/Main.umap
[2017.06.08-13.15.02:418][102]SourceControl: Info Source control is disabled
[2017.06.08-13.15.40:486][229]LogEditorViewport: Clicking Background
[2017.06.08-13.15.41:244][312]LogEditorViewport: Clicking on Actor (LMB): SkeletalMeshActor (ANEROPS-FBX-Test_Mesh)
[2017.06.08-13.18.05:598][934]LogEditorViewport: Clicking Background
[2017.06.08-13.18.06:870][ 77]LogEditorViewport: Clicking on Actor (LMB): SkeletalMeshActor (ANEROPS-FBX-Test_Mesh)
[2017.06.08-13.18.10:715][530]LogEditorViewport: Clicking on Actor (LMB): RealSenseActor (RealSenseActor1)
[2017.06.08-13.18.12:170][700]LogEditorViewport: Clicking on Actor (LMB): SkeletalMeshActor (ANEROPS-FBX-Test_Mesh)
[2017.06.08-13.18.13:013][793]LogEditorViewport: Clicking on Actor (LMB): RealSenseActor (RealSenseActor1)
[2017.06.08-13.18.14:102][919]LogEditorViewport: Clicking on Actor (LMB): SkeletalMeshActor (ANEROPS-FBX-Test_Mesh)
[2017.06.08-13.18.14:568][967]LogEditorViewport: Clicking on Actor (context menu): SkeletalMeshActor (ANEROPS-FBX-Test_Mesh)
[2017.06.08-13.18.17:002][253]LogEditorViewport: Clicking on Actor (context menu): SkeletalMeshActor (ANEROPS-FBX-Test_Mesh)
[2017.06.08-13.18.19:025][460]LogContentBrowser: Native class hierarchy updated for 'SkeletonEditor' in 0.0058 seconds. Added 1 classes and 2 folders.
[2017.06.08-13.18.19:201][460]LogActorComponent: RegisterComponentWithWorld: (/Engine/Transient.World_4:PersistentLevel.Actor_0.DebugSkelMeshComponent_0) Already registered. Aborting.
[2017.06.08-13.18.19:529][460]LogRenderer: Reallocating scene render targets to support 1156x928 NumSamples 1 (Frame:177937).
[2017.06.08-13.18.52:072][415]LogActorComponent: RegisterComponentWithWorld: (/Engine/Transient.World_5:PersistentLevel.Actor_1.DebugSkelMeshComponent_1) Already registered. Aborting.
[2017.06.08-13.23.57:574][496]Cmd: OBJ SAVEPACKAGE PACKAGE="/Game/Meshes/ANEROPS-FBX-Test_Mesh_Skeleton" FILE="//AIF-OP-WINKTIM/5_local-Tim/2_projets/Anerops/Content/Meshes/ANEROPS-FBX-Test_Mesh_Skeleton.uasset" SILENT=true
[2017.06.08-13.23.58:015][496]LogSavePackage: Save=375.09ms
[2017.06.08-13.23.58:015][496]LogSavePackage: Moving '//AIF-OP-WINKTIM/5_local-Tim/2_projets/Anerops/Saved/ANEROPS-FBX-Test_Mesh_Skeleton9B928DDF42C2F85C8188FA805EE8E108.tmp' to '//AIF-OP-WINKTIM/5_local-Tim/2_projets/Anerops/Content/Meshes/ANEROPS-FBX-Test_Mesh_Skeleton.uasset'
[2017.06.08-13.23.58:052][496]LogSavePackage:Display: Finished SavePackage //AIF-OP-WINKTIM/5_local-Tim/2_projets/Anerops/Content/Meshes/ANEROPS-FBX-Test_Mesh_Skeleton.uasset
[2017.06.08-13.24.03:772][ 50]Cmd: OBJ SAVEPACKAGE PACKAGE="/Game/Maps/Main" FILE="//AIF-OP-WINKTIM/5_local-Tim/2_projets/Anerops/Content/Maps/Main.umap" SILENT=true AUTOSAVING=false KEEPDIRTY=false
[2017.06.08-13.24.05:908][ 50]LogSavePackage: Save=2035.36ms
[2017.06.08-13.24.05:908][ 50]LogSavePackage: Moving '//AIF-OP-WINKTIM/5_local-Tim/2_projets/Anerops/Saved/Main82AD717E45AA055CC3147B812AA9446C.tmp' to '//AIF-OP-WINKTIM/5_local-Tim/2_projets/Anerops/Content/Maps/Main.umap'
[2017.06.08-13.24.05:936][ 50]LogSavePackage:Display: Finished SavePackage //AIF-OP-WINKTIM/5_local-Tim/2_projets/Anerops/Content/Maps/Main.umap
[2017.06.08-13.24.08:287][116]Cmd: OBJ SAVEPACKAGE PACKAGE="/Game/ANEROPS-FBX-Test_Mesh" FILE="//AIF-OP-WINKTIM/5_local-Tim/2_projets/Anerops/Content/ANEROPS-FBX-Test_Mesh.uasset" SILENT=true
[2017.06.08-13.24.08:330][116]LogSavePackage: Save=19.26ms
[2017.06.08-13.24.08:330][116]LogSavePackage: Moving '//AIF-OP-WINKTIM/5_local-Tim/2_projets/Anerops/Saved/ANEROPS-FBX-Test_Mesh4B39A99742C03B170D55A0AAA3CC9F35.tmp' to '//AIF-OP-WINKTIM/5_local-Tim/2_projets/Anerops/Content/ANEROPS-FBX-Test_Mesh.uasset'
[2017.06.08-13.24.08:375][116]LogSavePackage:Display: Finished SavePackage //AIF-OP-WINKTIM/5_local-Tim/2_projets/Anerops/Content/ANEROPS-FBX-Test_Mesh.uasset
[2017.06.08-13.24.08:379][116]Cmd: OBJ SAVEPACKAGE PACKAGE="/Game/ANEROPS-FBX-Test_Mesh_Skeleton" FILE="//AIF-OP-WINKTIM/5_local-Tim/2_projets/Anerops/Content/ANEROPS-FBX-Test_Mesh_Skeleton.uasset" SILENT=true
[2017.06.08-13.24.08:420][116]LogSavePackage: Save=19.88ms
[2017.06.08-13.24.08:420][116]LogSavePackage: Moving '//AIF-OP-WINKTIM/5_local-Tim/2_projets/Anerops/Saved/ANEROPS-FBX-Test_Mesh_Skeleton99AEBF5C474A64B57417FCA706322A3B.tmp' to '//AIF-OP-WINKTIM/5_local-Tim/2_projets/Anerops/Content/ANEROPS-FBX-Test_Mesh_Skeleton.uasset'
[2017.06.08-13.24.08:467][116]LogSavePackage:Display: Finished SavePackage //AIF-OP-WINKTIM/5_local-Tim/2_projets/Anerops/Content/ANEROPS-FBX-Test_Mesh_Skeleton.uasset
[2017.06.08-13.24.08:685][116]LogWindowsTextInputMethodSystem:Display: IME system now deactivated.
[2017.06.08-13.24.08:959][117]Cmd: QUIT_EDITOR
[2017.06.08-13.24.09:745][117]LogExit: Preparing to exit.
[2017.06.08-13.24.10:694][117]LogExit: Editor shut down
[2017.06.08-13.24.10:694][117]LogExit: Transaction tracking system shut down
[2017.06.08-13.24.10:764][117]LogObj: Freed 0b from 0 cluster array pools.
[2017.06.08-13.24.10:764][117]LogExit: Object subsystem successfully closed.
[2017.06.08-13.24.10:786][117]LogD3D11RHI: Shutdown
[2017.06.08-13.24.10:786][117]LogD3D11RHI: CleanupD3DDevice
[2017.06.08-13.24.10:883][117]LogD3D11RHI: ~FD3D11DynamicRHI
[2017.06.08-13.24.10:930][117]LogModuleManager: Shutting down and abandoning module SkeletonEditor (506)
[2017.06.08-13.24.10:930][117]LogModuleManager: Shutting down and abandoning module SkeletalMeshEditor (504)
[2017.06.08-13.24.10:930][117]LogModuleManager: Shutting down and abandoning module BlueprintGraph (502)
[2017.06.08-13.24.10:931][117]LogModuleManager: Shutting down and abandoning module BlueprintProfiler (500)
[2017.06.08-13.24.10:931][117]LogModuleManager: Shutting down and abandoning module MovieSceneCapture (498)
[2017.06.08-13.24.10:931][117]LogModuleManager: Shutting down and abandoning module HierarchicalLODOutliner (496)
[2017.06.08-13.24.10:931][117]LogModuleManager: Shutting down and abandoning module CrashTracker (494)
[2017.06.08-13.24.10:931][117]LogModuleManager: Shutting down and abandoning module AddContentDialog (492)
[2017.06.08-13.24.10:931][117]LogDirectoryWatcher: A directory notification for 'C:/Program Files/Epic Games/UE_4.15/FeaturePacks/' was aborted.
[2017.06.08-13.24.10:931][117]LogModuleManager: Shutting down and abandoning module WidgetCarousel (491)
[2017.06.08-13.24.10:931][117]LogModuleManager: Shutting down and abandoning module EditorWidgets (488)
[2017.06.08-13.24.10:931][117]LogModuleManager: Shutting down and abandoning module CollectionManager (486)
[2017.06.08-13.24.10:931][117]LogModuleManager: Shutting down and abandoning module SceneOutliner (484)
[2017.06.08-13.24.10:931][117]LogModuleManager: Shutting down and abandoning module StatsViewer (482)
[2017.06.08-13.24.10:931][117]LogModuleManager: Shutting down and abandoning module FoliageEdit (480)
[2017.06.08-13.24.10:931][117]LogModuleManager: Shutting down and abandoning module LandscapeEditor (478)
[2017.06.08-13.24.10:932][117]LogModuleManager: Shutting down and abandoning module SceneDepthPickerMode (476)
[2017.06.08-13.24.10:932][117]LogModuleManager: Shutting down and abandoning module ActorPickerMode (474)
[2017.06.08-13.24.10:932][117]LogModuleManager: Shutting down and abandoning module GeometryMode (472)
[2017.06.08-13.24.10:932][117]LogModuleManager: Shutting down and abandoning module TextureAlignMode (470)
[2017.06.08-13.24.10:932][117]LogModuleManager: Shutting down and abandoning module BspMode (468)
[2017.06.08-13.24.10:932][117]LogModuleManager: Shutting down and abandoning module SequenceRecorderSections (466)
[2017.06.08-13.24.10:932][117]LogModuleManager: Shutting down and abandoning module AutomationWorker (464)
[2017.06.08-13.24.10:932][117]LogModuleManager: Shutting down and abandoning module MatineeToLevelSequence (462)
[2017.06.08-13.24.10:932][117]LogModuleManager: Shutting down and abandoning module LevelSequenceEditor (460)
[2017.06.08-13.24.10:932][117]LogModuleManager: Shutting down and abandoning module PlacementMode (459)
[2017.06.08-13.24.10:932][117]LogModuleManager: Shutting down and abandoning module WmfMediaFactory (456)
[2017.06.08-13.24.10:932][117]LogModuleManager: Shutting down and abandoning module WmfMediaEditor (454)
[2017.06.08-13.24.10:932][117]LogModuleManager: Shutting down and abandoning module MfMediaFactory (452)
[2017.06.08-13.24.10:932][117]LogModuleManager: Shutting down and abandoning module MfMediaEditor (450)
[2017.06.08-13.24.10:932][117]LogModuleManager: Shutting down and abandoning module AvfMediaFactory (448)
[2017.06.08-13.24.10:932][117]LogModuleManager: Shutting down and abandoning module AvfMediaEditor (446)
[2017.06.08-13.24.10:932][117]LogModuleManager: Shutting down and abandoning module AndroidMediaFactory (444)
[2017.06.08-13.24.10:932][117]LogModuleManager: Shutting down and abandoning module Media (443)
[2017.06.08-13.24.10:932][117]LogModuleManager: Shutting down and abandoning module AndroidMediaEditor (440)
[2017.06.08-13.24.10:932][117]LogModuleManager: Shutting down and abandoning module CharacterAI (438)
[2017.06.08-13.24.10:932][117]LogModuleManager: Shutting down and abandoning module AudioCapture (436)
[2017.06.08-13.24.10:932][117]LogModuleManager: Shutting down and abandoning module SequenceRecorder (435)
[2017.06.08-13.24.10:932][117]LogModuleManager: Shutting down and abandoning module SmartSnapping (432)
[2017.06.08-13.24.10:932][117]LogModuleManager: Shutting down and abandoning module SessionServices (430)
[2017.06.08-13.24.10:932][117]LogModuleManager: Shutting down and abandoning module ViewportSnapping (428)
[2017.06.08-13.24.10:932][117]LogModuleManager: Shutting down and abandoning module ViewportInteraction (426)
[2017.06.08-13.24.10:932][117]LogModuleManager: Shutting down and abandoning module LogVisualizer (424)
[2017.06.08-13.24.10:932][117]LogModuleManager: Shutting down and abandoning module IntroTutorials (422)
[2017.06.08-13.24.10:932][117]LogModuleManager: Shutting down and abandoning module GameProjectGeneration (421)
[2017.06.08-13.24.10:932][117]LogModuleManager: Shutting down and abandoning module EditorLiveStreaming (418)
[2017.06.08-13.24.10:932][117]LogModuleManager: Shutting down and abandoning module IOSPlatformEditor (416)
[2017.06.08-13.24.10:932][117]LogModuleManager: Shutting down and abandoning module HTML5PlatformEditor (414)
[2017.06.08-13.24.10:932][117]LogModuleManager: Shutting down and abandoning module AndroidPlatformEditor (412)
[2017.06.08-13.24.10:932][117]LogModuleManager: Shutting down and abandoning module AndroidDeviceDetection (411)
[2017.06.08-13.24.11:030][117]LogModuleManager: Shutting down and abandoning module IOSRuntimeSettings (408)
[2017.06.08-13.24.11:030][117]LogModuleManager: Shutting down and abandoning module AndroidRuntimeSettings (406)
[2017.06.08-13.24.11:030][117]LogModuleManager: Shutting down and abandoning module InputBindingEditor (404)
[2017.06.08-13.24.11:030][117]LogModuleManager: Shutting down and abandoning module NiagaraEditor (402)
[2017.06.08-13.24.11:030][117]LogModuleManager: Shutting down and abandoning module MergeActors (400)
[2017.06.08-13.24.11:030][117]LogModuleManager: Shutting down and abandoning module SizeMap (398)
[2017.06.08-13.24.11:030][117]LogModuleManager: Shutting down and abandoning module TreeMap (396)
[2017.06.08-13.24.11:030][117]LogModuleManager: Shutting down and abandoning module ReferenceViewer (394)
[2017.06.08-13.24.11:030][117]LogModuleManager: Shutting down and abandoning module LocalizationDashboard (392)
[2017.06.08-13.24.11:030][117]LogModuleManager: Shutting down and abandoning module LocalizationService (391)
[2017.06.08-13.24.11:030][117]LogModuleManager: Shutting down and abandoning module HardwareTargeting (388)
[2017.06.08-13.24.11:030][117]LogModuleManager: Shutting down and abandoning module DeviceProfileEditor (386)
[2017.06.08-13.24.11:030][117]LogModuleManager: Shutting down and abandoning module UndoHistory (384)
[2017.06.08-13.24.11:030][117]LogModuleManager: Shutting down and abandoning module UserFeedback (382)
[2017.06.08-13.24.11:030][117]LogModuleManager: Shutting down and abandoning module XmlParser (380)
[2017.06.08-13.24.11:030][117]LogModuleManager: Shutting down and abandoning module Blutility (378)
[2017.06.08-13.24.11:030][117]LogModuleManager: Shutting down and abandoning module ProjectSettingsViewer (376)
[2017.06.08-13.24.11:030][117]LogModuleManager: Shutting down and abandoning module ProjectTargetPlatformEditor (375)
[2017.06.08-13.24.11:031][117]LogModuleManager: Shutting down and abandoning module EditorSettingsViewer (372)
[2017.06.08-13.24.11:031][117]LogModuleManager: Shutting down and abandoning module SettingsEditor (370)
[2017.06.08-13.24.11:031][117]LogModuleManager: Shutting down and abandoning module ProjectLauncher (368)
[2017.06.08-13.24.11:031][117]LogModuleManager: Shutting down and abandoning module SessionFrontend (366)
[2017.06.08-13.24.11:031][117]LogModuleManager: Shutting down and abandoning module ProfilerClient (364)
[2017.06.08-13.24.11:031][117]LogModuleManager: Shutting down and abandoning module DeviceManager (362)
[2017.06.08-13.24.11:031][117]LogModuleManager: Shutting down and abandoning module TargetDeviceServices (361)
[2017.06.08-13.24.11:073][117]LogModuleManager: Shutting down and abandoning module AutomationController (358)
[2017.06.08-13.24.11:073][117]LogModuleManager: Shutting down and abandoning module AutomationWindow (356)
[2017.06.08-13.24.11:073][117]LogModuleManager: Shutting down and abandoning module Layers (354)
[2017.06.08-13.24.11:073][117]LogModuleManager: Shutting down and abandoning module ComponentVisualizers (352)
[2017.06.08-13.24.11:073][117]LogModuleManager: Shutting down and abandoning module DetailCustomizations (350)
[2017.06.08-13.24.11:073][117]LogModuleManager: Shutting down and abandoning module PackagesDialog (348)
[2017.06.08-13.24.11:073][117]LogModuleManager: Shutting down and abandoning module Persona (346)
[2017.06.08-13.24.11:073][117]LogModuleManager: Shutting down and abandoning module AnimGraph (345)
[2017.06.08-13.24.11:073][117]LogModuleManager: Shutting down and abandoning module Kismet (342)
[2017.06.08-13.24.11:077][117]LogModuleManager: Shutting down and abandoning module GraphEditor (340)
[2017.06.08-13.24.11:077][117]LogModuleManager: Shutting down and abandoning module ClassViewer (338)
[2017.06.08-13.24.11:078][117]LogModuleManager: Shutting down and abandoning module Toolbox (336)
[2017.06.08-13.24.11:078][117]LogModuleManager: Shutting down and abandoning module ModuleUI (334)
[2017.06.08-13.24.11:078][117]LogModuleManager: Shutting down and abandoning module MovieSceneTools (332)
[2017.06.08-13.24.11:078][117]LogModuleManager: Shutting down and abandoning module OutputLog (330)
[2017.06.08-13.24.11:078][117]LogModuleManager: Shutting down and abandoning module GammaUI (328)
[2017.06.08-13.24.11:078][117]LogModuleManager: Shutting down and abandoning module Documentation (326)
[2017.06.08-13.24.11:078][117]LogModuleManager: Shutting down and abandoning module Niagara (324)
[2017.06.08-13.24.11:078][117]LogModuleManager: Shutting down and abandoning module StreamingPauseRendering (322)
[2017.06.08-13.24.11:078][117]LogModuleManager: Shutting down and abandoning module PortalServices (320)
[2017.06.08-13.24.11:078][117]LogModuleManager: Shutting down and abandoning module PortalRpc (318)
[2017.06.08-13.24.11:078][117]LogModuleManager: Shutting down and abandoning module MessagingRpc (316)
[2017.06.08-13.24.11:078][117]LogModuleManager: Shutting down and abandoning module AIModule (314)
[2017.06.08-13.24.11:078][117]LogModuleManager: Shutting down and abandoning module GameplayDebugger (313)
[2017.06.08-13.24.11:078][117]LogModuleManager: Shutting down and abandoning module AITestSuite (311)
[2017.06.08-13.24.11:078][117]LogModuleManager: Shutting down and abandoning module ProfilerService (308)
[2017.06.08-13.24.11:230][117]LogModuleManager: Shutting down and abandoning module TaskGraph (306)
[2017.06.08-13.24.11:230][117]LogModuleManager: Shutting down and abandoning module SteamVRController (304)
[2017.06.08-13.24.11:230][117]LogModuleManager: Shutting down and abandoning module SteamVR (302)
[2017.06.08-13.24.11:230][117]LogModuleManager: Shutting down and abandoning module ProceduralMeshComponentEditor (300)
[2017.06.08-13.24.11:230][117]LogModuleManager: Shutting down and abandoning module ProceduralMeshComponent (298)
[2017.06.08-13.24.11:230][117]LogModuleManager: Shutting down and abandoning module OculusLibrary (296)
[2017.06.08-13.24.11:230][117]LogModuleManager: Shutting down and abandoning module OculusInput (294)
[2017.06.08-13.24.11:230][117]LogModuleManager: Shutting down and abandoning module MobilePatchingUtils (292)
[2017.06.08-13.24.11:230][117]LogModuleManager: Shutting down and abandoning module CustomMeshComponent (290)
[2017.06.08-13.24.11:230][117]LogModuleManager: Shutting down and abandoning module CableComponent (288)
[2017.06.08-13.24.11:230][117]LogModuleManager: Shutting down and abandoning module ArchVisCharacter (286)
[2017.06.08-13.24.11:230][117]LogModuleManager: Shutting down and abandoning module MediaPlayerEditor (282)
[2017.06.08-13.24.11:230][117]LogModuleManager: Shutting down and abandoning module HTML5Networking (280)
[2017.06.08-13.24.11:230][117]LogModuleManager: Shutting down and abandoning module AlembicImporter (278)
[2017.06.08-13.24.11:230][117]LogModuleManager: Shutting down and abandoning module AlembicLibrary (277)
[2017.06.08-13.24.11:230][117]LogModuleManager: Shutting down and abandoning module GeometryCache (276)
[2017.06.08-13.24.11:230][117]LogModuleManager: Shutting down and abandoning module GeometryCacheEd (275)
[2017.06.08-13.24.11:230][117]LogModuleManager: Shutting down and abandoning module SuperSearchEditor (270)
[2017.06.08-13.24.11:230][117]LogModuleManager: Shutting down and abandoning module SuperSearch (269)
[2017.06.08-13.24.11:230][117]LogModuleManager: Shutting down and abandoning module SpeedTreeImporter (266)
[2017.06.08-13.24.11:230][117]LogModuleManager: Shutting down and abandoning module PluginBrowser (264)
[2017.06.08-13.24.11:230][117]LogModuleManager: Shutting down and abandoning module MobileLauncherProfileWizard (262)
[2017.06.08-13.24.11:230][117]LogModuleManager: Shutting down and abandoning module EpicSurvey (260)
[2017.06.08-13.24.11:230][117]LogModuleManager: Shutting down and abandoning module VisualStudioSourceCodeAccess (258)
[2017.06.08-13.24.11:231][117]LogModuleManager: Shutting down and abandoning module DesktopPlatform (257)
[2017.06.08-13.24.11:231][117]LogModuleManager: Shutting down and abandoning module UObjectPlugin (254)
[2017.06.08-13.24.11:231][117]LogModuleManager: Shutting down and abandoning module SubversionSourceControl (252)
[2017.06.08-13.24.11:231][117]LogModuleManager: Shutting down and abandoning module PerforceSourceControl (250)
[2017.06.08-13.24.11:231][117]LogModuleManager: Shutting down and abandoning module GitSourceControl (248)
[2017.06.08-13.24.11:231][117]LogModuleManager: Shutting down and abandoning module SourceControl (247)
[2017.06.08-13.24.11:231][117]LogModuleManager: Shutting down and abandoning module LightPropagationVolumeEditor (244)
[2017.06.08-13.24.11:231][117]LogModuleManager: Shutting down and abandoning module PaperTiledImporter (242)
[2017.06.08-13.24.11:231][117]LogModuleManager: Shutting down and abandoning module PaperSpriteSheetImporter (240)
[2017.06.08-13.24.11:231][117]LogModuleManager: Shutting down and abandoning module Paper2DEditor (238)
[2017.06.08-13.24.11:231][117]LogModuleManager: Shutting down and abandoning module MeshPaint (237)
[2017.06.08-13.24.11:231][117]LogModuleManager: Shutting down and abandoning module LevelEditor (235)
[2017.06.08-13.24.11:231][117]LogModuleManager: Shutting down and abandoning module PixelInspectorModule (234)
[2017.06.08-13.24.11:231][117]LogModuleManager: Shutting down and abandoning module MainFrame (232)
[2017.06.08-13.24.11:231][117]LogModuleManager: Shutting down and abandoning module HotReload (231)
[2017.06.08-13.24.11:232][117]LogModuleManager: Shutting down and abandoning module ContentBrowser (227)
[2017.06.08-13.24.11:233][117]LogModuleManager: Shutting down and abandoning module Anerops (224)
[2017.06.08-13.24.11:233][117]LogModuleManager: Shutting down and abandoning module PhysXVehiclesEditor (222)
[2017.06.08-13.24.11:233][117]LogModuleManager: Shutting down and abandoning module PhysXVehicles (220)
[2017.06.08-13.24.11:233][117]LogModuleManager: Shutting down and abandoning module LocationServicesBPLibrary (218)
[2017.06.08-13.24.11:233][117]LogModuleManager: Shutting down and abandoning module UdpMessaging (216)
[2017.06.08-13.24.11:334][117]LogModuleManager: Shutting down and abandoning module TcpMessaging (214)
[2017.06.08-13.24.11:435][117]LogModuleManager: Shutting down and abandoning module GameplayTagsEditor (212)
[2017.06.08-13.24.11:435][117]LogModuleManager: Shutting down and abandoning module FacialAnimationEditor (210)
[2017.06.08-13.24.11:435][117]LogModuleManager: Shutting down and abandoning module FacialAnimation (208)
[2017.06.08-13.24.11:435][117]LogModuleManager: Shutting down and abandoning module LightPropagationVolumeRuntime (206)
[2017.06.08-13.24.11:435][117]LogModuleManager: Shutting down and abandoning module Paper2D (204)
[2017.06.08-13.24.11:435][117]LogModuleManager: Shutting down and abandoning module WindowsMoviePlayer (202)
[2017.06.08-13.24.11:435][117]LogModuleManager: Shutting down and abandoning module WmfMedia (200)
[2017.06.08-13.24.11:435][117]LogModuleManager: Shutting down and abandoning module MfMedia (198)
[2017.06.08-13.24.11:435][117]LogModuleManager: Shutting down and abandoning module MediaAssets (196)
[2017.06.08-13.24.11:435][117]LogModuleManager: Shutting down and abandoning module GameLiveStreaming (194)
[2017.06.08-13.24.11:435][117]LogModuleManager: Shutting down and abandoning module VREditor (192)
[2017.06.08-13.24.11:435][117]LogModuleManager: Shutting down and abandoning module GameplayTasksEditor (190)
[2017.06.08-13.24.11:435][117]LogModuleManager: Shutting down and abandoning module BehaviorTreeEditor (188)
[2017.06.08-13.24.11:435][117]LogModuleManager: Shutting down and abandoning module FunctionalTesting (186)
[2017.06.08-13.24.11:435][117]LogModuleManager: Shutting down and abandoning module CollisionAnalyzer (184)
[2017.06.08-13.24.11:435][117]LogModuleManager: Shutting down and abandoning module UMG (182)
[2017.06.08-13.24.11:435][117]LogModuleManager: Shutting down and abandoning module UMGEditor (181)
[2017.06.08-13.24.11:435][117]LogModuleManager: Shutting down and abandoning module Sequencer (180)
[2017.06.08-13.24.11:435][117]LogModuleManager: Shutting down and abandoning module AssetTools (178)
[2017.06.08-13.24.11:435][117]LogModuleManager: Shutting down and abandoning module MessageLog (177)
[2017.06.08-13.24.11:435][117]LogModuleManager: Shutting down and abandoning module WorkspaceMenuStructure (176)
[2017.06.08-13.24.11:435][117]LogModuleManager: Shutting down and abandoning module SlateReflector (170)
[2017.06.08-13.24.11:435][117]LogModuleManager: Shutting down and abandoning module Slate (168)
[2017.06.08-13.24.11:435][117]LogModuleManager: Shutting down and abandoning module EditorStyle (166)
[2017.06.08-13.24.11:439][117]LogModuleManager: Shutting down and abandoning module SourceCodeAccess (164)
[2017.06.08-13.24.11:439][117]LogModuleManager: Shutting down and abandoning module HeadMountedDisplay (162)
[2017.06.08-13.24.11:439][117]LogModuleManager: Shutting down and abandoning module XAudio2 (160)
[2017.06.08-13.24.11:439][117]LogModuleManager: Shutting down and abandoning module Networking (158)
[2017.06.08-13.24.11:439][117]LogModuleManager: Shutting down and abandoning module Core (154)
[2017.06.08-13.24.11:439][117]LogModuleManager: Shutting down and abandoning module AssetRegistry (152)
[2017.06.08-13.24.13:817][117]LogDirectoryWatcher: A directory notification for '../../../Engine/Content/' was aborted.
[2017.06.08-13.24.13:817][117]LogDirectoryWatcher: A directory notification for '../../../Engine/Plugins/2D/Paper2D/Content/' was aborted.
[2017.06.08-13.24.13:817][117]LogModuleManager: Shutting down and abandoning module DirectoryWatcher (151)
[2017.06.08-13.24.13:817][117]LogModuleManager: Shutting down and abandoning module KismetCompiler (148)
[2017.06.08-13.24.13:817][117]LogModuleManager: Shutting down and abandoning module PhysXFormats (146)
[2017.06.08-13.24.13:817][117]LogModuleManager: Shutting down and abandoning module MeshUtilities (144)
[2017.06.08-13.24.13:817][117]LogModuleManager: Shutting down and abandoning module SimplygonSwarm (143)
[2017.06.08-13.24.13:817][117]LogModuleManager: Shutting down and abandoning module SimplygonMeshReduction (141)
[2017.06.08-13.24.13:817][117]LogModuleManager: Shutting down and abandoning module QuadricMeshReduction (139)
[2017.06.08-13.24.13:817][117]LogModuleManager: Shutting down and abandoning module PropertyEditor (137)
[2017.06.08-13.24.13:817][117]LogModuleManager: Shutting down and abandoning module DerivedDataCache (134)
[2017.06.08-13.24.13:850][117]LogDerivedDataCache: Shutdown
[2017.06.08-13.24.13:850][117]LogModuleManager: Shutting down and abandoning module TargetPlatform (132)
[2017.06.08-13.24.13:850][117]LogModuleManager: Shutting down and abandoning module VulkanShaderFormat (131)
[2017.06.08-13.24.13:850][117]LogModuleManager: Shutting down and abandoning module ShaderFormatOpenGL (129)
[2017.06.08-13.24.13:850][117]LogModuleManager: Shutting down and abandoning module ShaderFormatD3D (127)
[2017.06.08-13.24.13:850][117]LogModuleManager: Shutting down and abandoning module MetalShaderFormat (125)
[2017.06.08-13.24.13:850][117]LogModuleManager: Shutting down and abandoning module TextureFormatUncompressed (123)
[2017.06.08-13.24.13:850][117]LogModuleManager: Shutting down and abandoning module TextureFormatPVR (121)
[2017.06.08-13.24.13:850][117]LogModuleManager: Shutting down and abandoning module TextureFormatDXT (119)
[2017.06.08-13.24.13:850][117]LogModuleManager: Shutting down and abandoning module TextureFormatIntelISPCTexComp (117)
[2017.06.08-13.24.13:850][117]LogModuleManager: Shutting down and abandoning module TextureFormatASTC (115)
[2017.06.08-13.24.13:850][117]LogModuleManager: Shutting down and abandoning module ImageWrapper (114)
[2017.06.08-13.24.13:850][117]LogModuleManager: Shutting down and abandoning module TextureFormatAndroid (111)
[2017.06.08-13.24.13:850][117]LogModuleManager: Shutting down and abandoning module AudioFormatOpus (109)
[2017.06.08-13.24.13:850][117]LogModuleManager: Shutting down and abandoning module AudioFormatOgg (107)
[2017.06.08-13.24.13:850][117]LogModuleManager: Shutting down and abandoning module AudioFormatADPCM (105)
[2017.06.08-13.24.13:850][117]LogModuleManager: Shutting down and abandoning module LinuxTargetPlatform (103)
[2017.06.08-13.24.13:850][117]LogModuleManager: Shutting down and abandoning module LinuxServerTargetPlatform (101)
[2017.06.08-13.24.13:850][117]LogModuleManager: Shutting down and abandoning module LinuxNoEditorTargetPlatform (99)
[2017.06.08-13.24.13:850][117]LogModuleManager: Shutting down and abandoning module LinuxClientTargetPlatform (97)
[2017.06.08-13.24.13:850][117]LogModuleManager: Shutting down and abandoning module TVOSTargetPlatform (95)
[2017.06.08-13.24.13:850][117]LogModuleManager: Shutting down and abandoning module Messaging (93)
[2017.06.08-13.24.13:850][117]LogModuleManager: Shutting down and abandoning module IOSTargetPlatform (91)
[2017.06.08-13.24.13:850][117]LogModuleManager: Shutting down and abandoning module HTML5TargetPlatform (89)
[2017.06.08-13.24.13:850][117]LogModuleManager: Shutting down and abandoning module Android_PVRTCTargetPlatform (87)
[2017.06.08-13.24.13:850][117]LogModuleManager: Shutting down and abandoning module Android_MultiTargetPlatform (85)
[2017.06.08-13.24.13:850][117]LogModuleManager: Shutting down and abandoning module Android_ETC2TargetPlatform (83)
[2017.06.08-13.24.13:850][117]LogModuleManager: Shutting down and abandoning module Android_ETC1TargetPlatform (81)
[2017.06.08-13.24.13:850][117]LogModuleManager: Shutting down and abandoning module Android_DXTTargetPlatform (79)
[2017.06.08-13.24.13:850][117]LogModuleManager: Shutting down and abandoning module Android_ATCTargetPlatform (77)
[2017.06.08-13.24.13:850][117]LogModuleManager: Shutting down and abandoning module Android_ASTCTargetPlatform (75)
[2017.06.08-13.24.13:850][117]LogModuleManager: Shutting down and abandoning module AndroidTargetPlatform (73)
[2017.06.08-13.24.13:850][117]LogModuleManager: Shutting down and abandoning module WindowsTargetPlatform (71)
[2017.06.08-13.24.13:850][117]LogModuleManager: Shutting down and abandoning module WindowsServerTargetPlatform (69)
[2017.06.08-13.24.13:850][117]LogModuleManager: Shutting down and abandoning module WindowsNoEditorTargetPlatform (67)
[2017.06.08-13.24.13:850][117]LogModuleManager: Shutting down and abandoning module WindowsClientTargetPlatform (65)
[2017.06.08-13.24.13:850][117]LogModuleManager: Shutting down and abandoning module MacTargetPlatform (63)
[2017.06.08-13.24.13:850][117]LogModuleManager: Shutting down and abandoning module MacServerTargetPlatform (61)
[2017.06.08-13.24.13:850][117]LogModuleManager: Shutting down and abandoning module MacNoEditorTargetPlatform (59)
[2017.06.08-13.24.13:850][117]LogModuleManager: Shutting down and abandoning module MacClientTargetPlatform (57)
[2017.06.08-13.24.13:850][117]LogModuleManager: Shutting down and abandoning module AllDesktopTargetPlatform (55)
[2017.06.08-13.24.13:850][117]LogModuleManager: Shutting down and abandoning module InputCore (52)
[2017.06.08-13.24.13:850][117]LogModuleManager: Shutting down and abandoning module Settings (50)
[2017.06.08-13.24.13:850][117]LogModuleManager: Shutting down and abandoning module OculusRift (48)
[2017.06.08-13.24.13:850][117]LogModuleManager: Shutting down and abandoning module GearVR (46)
[2017.06.08-13.24.13:850][117]LogModuleManager: Shutting down and abandoning module ExampleDeviceProfileSelector (44)
[2017.06.08-13.24.13:850][117]LogModuleManager: Shutting down and abandoning module OnlineBlueprintSupport (42)
[2017.06.08-13.24.13:850][117]LogModuleManager: Shutting down and abandoning module OnlineSubsystem (38)
[2017.06.08-13.24.13:850][117]LogOnline:Display: Unloading online subsystem: NULL
[2017.06.08-13.24.13:850][117]LogModuleManager: Shutting down and abandoning module XMPP (37)
[2017.06.08-13.24.13:850][117]LogModuleManager: Shutting down and abandoning module HTTP (35)
[2017.06.08-13.24.13:858][117]LogModuleManager: Shutting down and abandoning module SSL (34)
[2017.06.08-13.24.13:859][117]LogModuleManager: Shutting down and abandoning module AudioEditor (30)
[2017.06.08-13.24.13:859][117]LogModuleManager: Shutting down and abandoning module TextureCompressor (28)
[2017.06.08-13.24.13:859][117]LogModuleManager: Shutting down and abandoning module ShaderCore (26)
[2017.06.08-13.24.13:859][117]LogModuleManager: Shutting down and abandoning module Landscape (24)
[2017.06.08-13.24.13:859][117]LogModuleManager: Shutting down and abandoning module SlateRHIRenderer (22)
[2017.06.08-13.24.13:861][117]LogModuleManager: Shutting down and abandoning module OpenGLDrv (20)
[2017.06.08-13.24.13:861][117]LogModuleManager: Shutting down and abandoning module D3D11RHI (18)
[2017.06.08-13.24.13:861][117]LogModuleManager: Shutting down and abandoning module AnimGraphRuntime (16)
[2017.06.08-13.24.13:861][117]LogModuleManager: Shutting down and abandoning module Renderer (14)
[2017.06.08-13.24.13:861][117]LogModuleManager: Shutting down and abandoning module Engine (12)
[2017.06.08-13.24.13:861][117]LogModuleManager: Shutting down and abandoning module CoreUObject (10)
[2017.06.08-13.24.13:861][117]LogModuleManager: Shutting down and abandoning module NetworkFile (8)
[2017.06.08-13.24.13:861][117]LogModuleManager: Shutting down and abandoning module StreamingFile (6)
[2017.06.08-13.24.13:861][117]LogModuleManager: Shutting down and abandoning module SandboxFile (4)
[2017.06.08-13.24.13:861][117]LogModuleManager: Shutting down and abandoning module PakFile (2)
[2017.06.08-13.24.13:863][117]LogExit: Exiting.
[2017.06.08-13.24.13:902][117]Log file closed, 06/08/17 15:24:13
